[2025-11-23 09:16:11,016][api.py:17][INFO]: RestSelfURL: https://api.twitch.tv
[2025-11-23 09:16:11,017][api.py:23][INFO]: api url ==>> https://api.twitch.tv/helix/eventsub/conduits
[2025-11-23 09:16:11,017][api.py:24][INFO]: api method==>> GET
[2025-11-23 09:16:11,018][api.py:31][INFO]: api request header ==>> {
    "Authorization": "Bearer tlj950t4q7fi0wspnqq83nvi75d0oq",
    "Client-Id": "wyw8mywhjevtgkhqzajrkucevjws7s"
}
[2025-11-23 09:16:11,199][api.py:55][INFO]: api Response Time==>> 0.18162
[2025-11-23 09:16:11,200][api.py:63][INFO]: api response json ==>> {
    "data": [
        {
            "id": "2e7fe6ce-da78-4503-94e2-bf083ee9b252",
            "shard_count": 5
        }
    ]
}
[2025-11-23 09:16:11,200][common.py:104][INFO]: Expect response code is 200, Actual is 200.
[2025-11-23 09:16:11,201][api.py:17][INFO]: RestSelfURL: https://api.twitch.tv
[2025-11-23 09:16:11,201][api.py:23][INFO]: api url ==>> https://api.twitch.tv/helix/eventsub/conduits
[2025-11-23 09:16:11,202][api.py:24][INFO]: api method==>> POST
[2025-11-23 09:16:11,202][api.py:31][INFO]: api request header ==>> {
    "Authorization": "Bearer tlj950t4q7fi0wspnqq83nvi75d0oq",
    "Client-Id": "wyw8mywhjevtgkhqzajrkucevjws7s"
}
[2025-11-23 09:16:11,380][api.py:55][INFO]: api Response Time==>> 0.17864
[2025-11-23 09:16:11,381][api.py:63][INFO]: api response json ==>> {
    "data": [
        {
            "id": "66e8dbc8-f059-49d0-af8e-56d5e0a2e5e9",
            "shard_count": 5
        }
    ]
}
[2025-11-23 09:16:11,382][common.py:104][INFO]: Expect response code is 200, Actual is 200.
[2025-11-23 09:16:26,421][api.py:17][INFO]: RestSelfURL: https://api.twitch.tv
[2025-11-23 09:16:26,422][api.py:23][INFO]: api url ==>> https://api.twitch.tv/helix/eventsub/conduits
[2025-11-23 09:16:26,423][api.py:24][INFO]: api method==>> GET
[2025-11-23 09:16:26,423][api.py:31][INFO]: api request header ==>> {
    "Authorization": "Bearer amkgmxsjxysv5htrrr08gwmfd4cv4v",
    "Client-Id": "wyw8mywhjevtgkhqzajrkucevjws7s"
}
[2025-11-23 09:16:26,593][api.py:55][INFO]: api Response Time==>> 0.17084
[2025-11-23 09:16:26,594][api.py:63][INFO]: api response json ==>> {
    "data": [
        {
            "id": "66e8dbc8-f059-49d0-af8e-56d5e0a2e5e9",
            "shard_count": 5
        },
        {
            "id": "2e7fe6ce-da78-4503-94e2-bf083ee9b252",
            "shard_count": 5
        }
    ]
}
[2025-11-23 09:16:26,595][common.py:104][INFO]: Expect response code is 200, Actual is 200.
