[2025-11-23 10:05:33,092][common.py:84][INFO]: Expect status code 200, Actual is 200.
[2025-11-23 10:05:33,093][conftest.py:37][INFO]: [Twitch] OAuth token acquired: czfbj1zq4h8aiorbm1aykm3x268lrr
[2025-11-23 10:05:33,096][api.py:23][INFO]: api url ==>> https://api.twitch.tv/helix/eventsub/conduits
[2025-11-23 10:05:33,096][api.py:24][INFO]: api method==>> POST
[2025-11-23 10:05:33,096][api.py:31][INFO]: api request header ==>> {
    "Authorization": "Bearer czfbj1zq4h8aiorbm1aykm3x268lrr",
    "Client-Id": "wyw8mywhjevtgkhqzajrkucevjws7s"
}
[2025-11-23 10:05:33,273][api.py:55][INFO]: api Response Time==>> 0.1776
[2025-11-23 10:05:33,274][api.py:63][INFO]: api response json ==>> {
    "data": [
        {
            "id": "49977e09-585a-4efc-b39b-264f815fdebe",
            "shard_count": 5
        }
    ]
}
[2025-11-23 10:05:33,275][common.py:84][INFO]: Expect response code 200, Actual is 200.
[2025-11-23 10:05:33,276][common.py:84][INFO]: Expect shard count amount 5, Actual is 5.
[2025-11-23 10:05:33,276][api.py:23][INFO]: api url ==>> https://api.twitch.tv/helix/eventsub/conduits
[2025-11-23 10:05:33,276][api.py:24][INFO]: api method==>> GET
[2025-11-23 10:05:33,277][api.py:31][INFO]: api request header ==>> {
    "Authorization": "Bearer czfbj1zq4h8aiorbm1aykm3x268lrr",
    "Client-Id": "wyw8mywhjevtgkhqzajrkucevjws7s"
}
[2025-11-23 10:05:33,449][api.py:55][INFO]: api Response Time==>> 0.17257
[2025-11-23 10:05:33,450][api.py:63][INFO]: api response json ==>> {
    "data": [
        {
            "id": "49977e09-585a-4efc-b39b-264f815fdebe",
            "shard_count": 5
        },
        {
            "id": "95bc8bfd-5cdc-4530-924f-52fa3c678514",
            "shard_count": 1
        },
        {
            "id": "e24906f9-abfc-457b-b562-e90624712f7c",
            "shard_count": 5
        }
    ]
}
[2025-11-23 10:05:33,450][common.py:84][INFO]: Expect response code 200, Actual is 200.
[2025-11-23 10:05:33,454][api.py:23][INFO]: api url ==>> https://api.twitch.tv/helix/eventsub/conduits
[2025-11-23 10:05:33,455][api.py:24][INFO]: api method==>> PATCH
[2025-11-23 10:05:33,455][api.py:31][INFO]: api request header ==>> {
    "Authorization": "Bearer czfbj1zq4h8aiorbm1aykm3x268lrr",
    "Client-Id": "wyw8mywhjevtgkhqzajrkucevjws7s"
}
[2025-11-23 10:05:33,631][api.py:55][INFO]: api Response Time==>> 0.17612
[2025-11-23 10:05:33,631][api.py:63][INFO]: api response json ==>> {
    "data": [
        {
            "id": "49977e09-585a-4efc-b39b-264f815fdebe",
            "shard_count": 3
        }
    ]
}
[2025-11-23 10:05:33,632][common.py:84][INFO]: Expect response code 200, Actual is 200.
[2025-11-23 10:05:33,632][common.py:84][INFO]: Expect update shard count 3, Actual is 3.
[2025-11-23 10:05:33,633][api.py:23][INFO]: api url ==>> https://api.twitch.tv/helix/eventsub/conduits
[2025-11-23 10:05:33,633][api.py:24][INFO]: api method==>> GET
[2025-11-23 10:05:33,633][api.py:31][INFO]: api request header ==>> {
    "Authorization": "Bearer czfbj1zq4h8aiorbm1aykm3x268lrr",
    "Client-Id": "wyw8mywhjevtgkhqzajrkucevjws7s"
}
[2025-11-23 10:05:33,803][api.py:55][INFO]: api Response Time==>> 0.17027
[2025-11-23 10:05:33,804][api.py:63][INFO]: api response json ==>> {
    "data": [
        {
            "id": "49977e09-585a-4efc-b39b-264f815fdebe",
            "shard_count": 3
        },
        {
            "id": "95bc8bfd-5cdc-4530-924f-52fa3c678514",
            "shard_count": 1
        },
        {
            "id": "e24906f9-abfc-457b-b562-e90624712f7c",
            "shard_count": 5
        }
    ]
}
[2025-11-23 10:05:33,805][common.py:84][INFO]: Expect response code 200, Actual is 200.
[2025-11-23 10:05:33,806][api.py:23][INFO]: api url ==>> https://api.twitch.tv/helix/eventsub/conduits
[2025-11-23 10:05:33,806][api.py:24][INFO]: api method==>> DELETE
[2025-11-23 10:05:33,806][api.py:31][INFO]: api request header ==>> {
    "Authorization": "Bearer czfbj1zq4h8aiorbm1aykm3x268lrr",
    "Client-Id": "wyw8mywhjevtgkhqzajrkucevjws7s"
}
[2025-11-23 10:05:33,987][api.py:55][INFO]: api Response Time==>> 0.18114
[2025-11-23 10:05:33,988][api.py:63][INFO]: api response json ==>> 
[2025-11-23 10:05:33,988][common.py:84][INFO]: Expect response code 204, Actual is 204.
[2025-11-23 10:05:33,989][api.py:23][INFO]: api url ==>> https://api.twitch.tv/helix/eventsub/conduits
[2025-11-23 10:05:33,989][api.py:24][INFO]: api method==>> GET
[2025-11-23 10:05:33,990][api.py:31][INFO]: api request header ==>> {
    "Authorization": "Bearer czfbj1zq4h8aiorbm1aykm3x268lrr",
    "Client-Id": "wyw8mywhjevtgkhqzajrkucevjws7s"
}
[2025-11-23 10:05:34,165][api.py:55][INFO]: api Response Time==>> 0.17542
[2025-11-23 10:05:34,166][api.py:63][INFO]: api response json ==>> {
    "data": [
        {
            "id": "95bc8bfd-5cdc-4530-924f-52fa3c678514",
            "shard_count": 1
        },
        {
            "id": "e24906f9-abfc-457b-b562-e90624712f7c",
            "shard_count": 5
        }
    ]
}
[2025-11-23 10:05:34,166][common.py:84][INFO]: Expect response code 200, Actual is 200.
[2025-11-23 10:05:34,167][common.py:84][INFO]: Expect confuits amount 2, Actual is 2.
[2025-11-23 10:05:34,170][api.py:23][INFO]: api url ==>> https://api.twitch.tv/helix/eventsub/conduits
[2025-11-23 10:05:34,171][api.py:24][INFO]: api method==>> POST
[2025-11-23 10:05:34,171][api.py:31][INFO]: api request header ==>> {
    "Authorization": "Bearer czfbj1zq4h8aiorbm1aykm3x268lrr",
    "Client-Id": "wyw8mywhjevtgkhqzajrkucevjws7s"
}
[2025-11-23 10:05:34,350][api.py:55][INFO]: api Response Time==>> 0.17931
[2025-11-23 10:05:34,351][api.py:63][INFO]: api response json ==>> {
    "data": [
        {
            "id": "a7093054-81c1-4bd5-a3c0-a6e6e820122f",
            "shard_count": 4
        }
    ]
}
[2025-11-23 10:05:34,351][common.py:84][INFO]: Expect response code 200, Actual is 200.
[2025-11-23 10:05:34,352][common.py:84][INFO]: Expect shard count amount 4, Actual is 4.
[2025-11-23 10:05:34,352][api.py:23][INFO]: api url ==>> https://api.twitch.tv/helix/eventsub/conduits
[2025-11-23 10:05:34,352][api.py:24][INFO]: api method==>> GET
[2025-11-23 10:05:34,352][api.py:31][INFO]: api request header ==>> {
    "Authorization": "Bearer czfbj1zq4h8aiorbm1aykm3x268lrr",
    "Client-Id": "wyw8mywhjevtgkhqzajrkucevjws7s"
}
[2025-11-23 10:05:34,519][api.py:55][INFO]: api Response Time==>> 0.16664
[2025-11-23 10:05:34,520][api.py:63][INFO]: api response json ==>> {
    "data": [
        {
            "id": "a7093054-81c1-4bd5-a3c0-a6e6e820122f",
            "shard_count": 4
        },
        {
            "id": "95bc8bfd-5cdc-4530-924f-52fa3c678514",
            "shard_count": 1
        },
        {
            "id": "e24906f9-abfc-457b-b562-e90624712f7c",
            "shard_count": 5
        }
    ]
}
[2025-11-23 10:05:34,520][common.py:84][INFO]: Expect response code 200, Actual is 200.
[2025-11-23 10:05:34,521][api.py:23][INFO]: api url ==>> https://api.twitch.tv/helix/eventsub/conduits
[2025-11-23 10:05:34,521][api.py:24][INFO]: api method==>> PATCH
[2025-11-23 10:05:34,521][api.py:31][INFO]: api request header ==>> {
    "Authorization": "Bearer czfbj1zq4h8aiorbm1aykm3x268lrr",
    "Client-Id": "wyw8mywhjevtgkhqzajrkucevjws7s"
}
[2025-11-23 10:05:34,698][api.py:55][INFO]: api Response Time==>> 0.1768
[2025-11-23 10:05:34,699][api.py:63][INFO]: api response json ==>> {
    "data": [
        {
            "id": "a7093054-81c1-4bd5-a3c0-a6e6e820122f",
            "shard_count": 1
        }
    ]
}
[2025-11-23 10:05:34,699][common.py:84][INFO]: Expect response code 200, Actual is 200.
[2025-11-23 10:05:34,700][common.py:84][INFO]: Expect update shard count 1, Actual is 1.
[2025-11-23 10:05:34,701][api.py:23][INFO]: api url ==>> https://api.twitch.tv/helix/eventsub/conduits
[2025-11-23 10:05:34,701][api.py:24][INFO]: api method==>> GET
[2025-11-23 10:05:34,701][api.py:31][INFO]: api request header ==>> {
    "Authorization": "Bearer czfbj1zq4h8aiorbm1aykm3x268lrr",
    "Client-Id": "wyw8mywhjevtgkhqzajrkucevjws7s"
}
[2025-11-23 10:05:34,871][api.py:55][INFO]: api Response Time==>> 0.1701
[2025-11-23 10:05:34,872][api.py:63][INFO]: api response json ==>> {
    "data": [
        {
            "id": "a7093054-81c1-4bd5-a3c0-a6e6e820122f",
            "shard_count": 1
        },
        {
            "id": "95bc8bfd-5cdc-4530-924f-52fa3c678514",
            "shard_count": 1
        },
        {
            "id": "e24906f9-abfc-457b-b562-e90624712f7c",
            "shard_count": 5
        }
    ]
}
[2025-11-23 10:05:34,872][common.py:84][INFO]: Expect response code 200, Actual is 200.
[2025-11-23 10:05:34,874][api.py:23][INFO]: api url ==>> https://api.twitch.tv/helix/eventsub/conduits
[2025-11-23 10:05:34,874][api.py:24][INFO]: api method==>> DELETE
[2025-11-23 10:05:34,874][api.py:31][INFO]: api request header ==>> {
    "Authorization": "Bearer czfbj1zq4h8aiorbm1aykm3x268lrr",
    "Client-Id": "wyw8mywhjevtgkhqzajrkucevjws7s"
}
[2025-11-23 10:05:35,049][api.py:55][INFO]: api Response Time==>> 0.17579
[2025-11-23 10:05:35,050][api.py:63][INFO]: api response json ==>> 
[2025-11-23 10:05:35,051][common.py:84][INFO]: Expect response code 204, Actual is 204.
[2025-11-23 10:05:35,052][api.py:23][INFO]: api url ==>> https://api.twitch.tv/helix/eventsub/conduits
[2025-11-23 10:05:35,052][api.py:24][INFO]: api method==>> GET
[2025-11-23 10:05:35,052][api.py:31][INFO]: api request header ==>> {
    "Authorization": "Bearer czfbj1zq4h8aiorbm1aykm3x268lrr",
    "Client-Id": "wyw8mywhjevtgkhqzajrkucevjws7s"
}
[2025-11-23 10:05:35,222][api.py:55][INFO]: api Response Time==>> 0.17018
[2025-11-23 10:05:35,223][api.py:63][INFO]: api response json ==>> {
    "data": [
        {
            "id": "95bc8bfd-5cdc-4530-924f-52fa3c678514",
            "shard_count": 1
        },
        {
            "id": "e24906f9-abfc-457b-b562-e90624712f7c",
            "shard_count": 5
        }
    ]
}
[2025-11-23 10:05:35,223][common.py:84][INFO]: Expect response code 200, Actual is 200.
[2025-11-23 10:05:35,224][common.py:84][INFO]: Expect confuits amount 2, Actual is 2.
[2025-11-23 10:05:35,227][api.py:23][INFO]: api url ==>> https://api.twitch.tv/helix/eventsub/conduits
[2025-11-23 10:05:35,228][api.py:24][INFO]: api method==>> GET
[2025-11-23 10:05:35,228][api.py:31][INFO]: api request header ==>> {
    "Authorization": "Bearer czfbj1zq4h8aiorbm1aykm3x268lrr",
    "Client-Id": "wyw8mywhjevtgkhqzajrkucevjws7s"
}
[2025-11-23 10:05:35,395][api.py:55][INFO]: api Response Time==>> 0.16743
[2025-11-23 10:05:35,395][api.py:63][INFO]: api response json ==>> {
    "data": [
        {
            "id": "95bc8bfd-5cdc-4530-924f-52fa3c678514",
            "shard_count": 1
        },
        {
            "id": "e24906f9-abfc-457b-b562-e90624712f7c",
            "shard_count": 5
        }
    ]
}
[2025-11-23 10:05:35,396][common.py:84][INFO]: Expect response code 200, Actual is 200.
[2025-11-23 10:05:35,396][api.py:23][INFO]: api url ==>> https://api.twitch.tv/helix/eventsub/conduits
[2025-11-23 10:05:35,397][api.py:24][INFO]: api method==>> PATCH
[2025-11-23 10:05:35,397][api.py:31][INFO]: api request header ==>> {
    "Authorization": "Bearer czfbj1zq4h8aiorbm1aykm3x268lrr",
    "Client-Id": "wyw8mywhjevtgkhqzajrkucevjws7s"
}
[2025-11-23 10:05:35,576][api.py:55][INFO]: api Response Time==>> 0.17911
[2025-11-23 10:05:35,576][api.py:63][INFO]: api response json ==>> {
    "data": [
        {
            "id": "95bc8bfd-5cdc-4530-924f-52fa3c678514",
            "shard_count": 3
        }
    ]
}
[2025-11-23 10:05:35,577][common.py:84][INFO]: Expect response code 200, Actual is 200.
[2025-11-23 10:05:35,577][common.py:84][INFO]: Expect update shard count 3, Actual is 3.
[2025-11-23 10:05:35,580][api.py:23][INFO]: api url ==>> https://api.twitch.tv/helix/eventsub/conduits
[2025-11-23 10:05:35,581][api.py:24][INFO]: api method==>> POST
[2025-11-23 10:05:35,581][api.py:31][INFO]: api request header ==>> {
    "Authorization": "Bearer czfbj1zq4h8aiorbm1aykm3x268lrr",
    "Client-Id": "wyw8mywhjevtgkhqzajrkucevjws7s"
}
[2025-11-23 10:05:35,740][api.py:55][INFO]: api Response Time==>> 0.15899
[2025-11-23 10:05:35,740][api.py:63][INFO]: api response json ==>> {
    "error": "Bad Request",
    "status": 400,
    "message": "Missing required parameter \"shard_count\""
}
[2025-11-23 10:05:35,741][common.py:84][INFO]: Expect response code 400, Actual is 400.
[2025-11-23 10:05:35,741][common.py:84][INFO]: Expect response request Bad Request, Actual is Bad Request.
[2025-11-23 10:05:35,741][common.py:84][INFO]: Expect response request Missing required parameter "shard_count", Actual is Missing required parameter "shard_count".
[2025-11-23 10:05:35,742][api.py:23][INFO]: api url ==>> https://api.twitch.tv/helix/eventsub/conduits
[2025-11-23 10:05:35,742][api.py:24][INFO]: api method==>> GET
[2025-11-23 10:05:35,742][api.py:31][INFO]: api request header ==>> {
    "Authorization": "Bearer czfbj1zq4h8aiorbm1aykm3x268lrr",
    "Client-Id": "wyw8mywhjevtgkhqzajrkucevjws7s"
}
[2025-11-23 10:05:35,917][api.py:55][INFO]: api Response Time==>> 0.17524
[2025-11-23 10:05:35,918][api.py:63][INFO]: api response json ==>> {
    "data": [
        {
            "id": "95bc8bfd-5cdc-4530-924f-52fa3c678514",
            "shard_count": 3
        },
        {
            "id": "e24906f9-abfc-457b-b562-e90624712f7c",
            "shard_count": 5
        }
    ]
}
[2025-11-23 10:05:35,919][common.py:84][INFO]: Expect response code 200, Actual is 200.
[2025-11-23 10:05:35,920][api.py:23][INFO]: api url ==>> https://api.twitch.tv/helix/eventsub/conduits
[2025-11-23 10:05:35,920][api.py:24][INFO]: api method==>> PATCH
[2025-11-23 10:05:35,920][api.py:31][INFO]: api request header ==>> {
    "Authorization": "Bearer czfbj1zq4h8aiorbm1aykm3x268lrr",
    "Client-Id": "wyw8mywhjevtgkhqzajrkucevjws7s"
}
[2025-11-23 10:05:36,099][api.py:55][INFO]: api Response Time==>> 0.179
[2025-11-23 10:05:36,100][api.py:63][INFO]: api response json ==>> {
    "data": [
        {
            "id": "95bc8bfd-5cdc-4530-924f-52fa3c678514",
            "shard_count": 1
        }
    ]
}
[2025-11-23 10:05:36,101][common.py:84][INFO]: Expect response code 200, Actual is 200.
[2025-11-23 10:05:36,101][common.py:84][INFO]: Expect update shard count 1, Actual is 1.
