[2025-11-23 09:50:36,704][api.py:23][INFO]: api url ==>> https://api.twitch.tv/helix/eventsub/conduits
[2025-11-23 09:50:36,705][api.py:24][INFO]: api method==>> POST
[2025-11-23 09:50:36,706][api.py:31][INFO]: api request header ==>> {
    "Authorization": "Bearer tpng52aaps3ttcodwlbtn3rloezfb4",
    "Client-Id": "wyw8mywhjevtgkhqzajrkucevjws7s"
}
[2025-11-23 09:50:36,890][api.py:55][INFO]: api Response Time==>> 0.18525
[2025-11-23 09:50:36,891][api.py:63][INFO]: api response json ==>> {
    "data": [
        {
            "id": "b4962950-b3cc-4eff-af59-975e585338a6",
            "shard_count": 5
        }
    ]
}
[2025-11-23 09:50:36,891][common.py:104][INFO]: Expect response code is 200, Actual is 200.
[2025-11-23 09:50:36,892][common.py:104][INFO]: Expect shard count amount is 5, Actual is 5.
[2025-11-23 09:50:36,893][api.py:23][INFO]: api url ==>> https://api.twitch.tv/helix/eventsub/conduits
[2025-11-23 09:50:36,893][api.py:24][INFO]: api method==>> GET
[2025-11-23 09:50:36,893][api.py:31][INFO]: api request header ==>> {
    "Authorization": "Bearer tpng52aaps3ttcodwlbtn3rloezfb4",
    "Client-Id": "wyw8mywhjevtgkhqzajrkucevjws7s"
}
[2025-11-23 09:50:37,063][api.py:55][INFO]: api Response Time==>> 0.17037
[2025-11-23 09:50:37,064][api.py:63][INFO]: api response json ==>> {
    "data": [
        {
            "id": "b4962950-b3cc-4eff-af59-975e585338a6",
            "shard_count": 5
        }
    ]
}
[2025-11-23 09:50:37,064][common.py:104][INFO]: Expect response code is 200, Actual is 200.
[2025-11-23 09:50:37,066][api.py:23][INFO]: api url ==>> https://api.twitch.tv/helix/eventsub/conduits
[2025-11-23 09:50:37,066][api.py:24][INFO]: api method==>> PATCH
[2025-11-23 09:50:37,066][api.py:31][INFO]: api request header ==>> {
    "Authorization": "Bearer tpng52aaps3ttcodwlbtn3rloezfb4",
    "Client-Id": "wyw8mywhjevtgkhqzajrkucevjws7s"
}
[2025-11-23 09:50:37,238][api.py:55][INFO]: api Response Time==>> 0.17283
[2025-11-23 09:50:37,239][api.py:63][INFO]: api response json ==>> {
    "data": [
        {
            "id": "b4962950-b3cc-4eff-af59-975e585338a6",
            "shard_count": 3
        }
    ]
}
[2025-11-23 09:50:37,240][common.py:104][INFO]: Expect response code is 200, Actual is 200.
[2025-11-23 09:50:37,241][common.py:104][INFO]: Expect update shard count is 3, Actual is 3.
[2025-11-23 09:50:37,241][api.py:23][INFO]: api url ==>> https://api.twitch.tv/helix/eventsub/conduits
[2025-11-23 09:50:37,241][api.py:24][INFO]: api method==>> GET
[2025-11-23 09:50:37,242][api.py:31][INFO]: api request header ==>> {
    "Authorization": "Bearer tpng52aaps3ttcodwlbtn3rloezfb4",
    "Client-Id": "wyw8mywhjevtgkhqzajrkucevjws7s"
}
[2025-11-23 09:50:37,415][api.py:55][INFO]: api Response Time==>> 0.17374
[2025-11-23 09:50:37,416][api.py:63][INFO]: api response json ==>> {
    "data": [
        {
            "id": "b4962950-b3cc-4eff-af59-975e585338a6",
            "shard_count": 3
        }
    ]
}
[2025-11-23 09:50:37,416][common.py:104][INFO]: Expect response code is 200, Actual is 200.
[2025-11-23 09:50:37,418][api.py:23][INFO]: api url ==>> https://api.twitch.tv/helix/eventsub/conduits
[2025-11-23 09:50:37,418][api.py:24][INFO]: api method==>> DELETE
[2025-11-23 09:50:37,418][api.py:31][INFO]: api request header ==>> {
    "Authorization": "Bearer tpng52aaps3ttcodwlbtn3rloezfb4",
    "Client-Id": "wyw8mywhjevtgkhqzajrkucevjws7s"
}
[2025-11-23 09:50:37,602][api.py:55][INFO]: api Response Time==>> 0.18417
[2025-11-23 09:50:37,603][api.py:63][INFO]: api response json ==>> 
[2025-11-23 09:50:37,603][common.py:104][INFO]: Expect response code is 204, Actual is 204.
[2025-11-23 09:50:37,604][api.py:23][INFO]: api url ==>> https://api.twitch.tv/helix/eventsub/conduits
[2025-11-23 09:50:37,604][api.py:24][INFO]: api method==>> GET
[2025-11-23 09:50:37,604][api.py:31][INFO]: api request header ==>> {
    "Authorization": "Bearer tpng52aaps3ttcodwlbtn3rloezfb4",
    "Client-Id": "wyw8mywhjevtgkhqzajrkucevjws7s"
}
[2025-11-23 09:50:37,776][api.py:55][INFO]: api Response Time==>> 0.17214
[2025-11-23 09:50:37,777][api.py:63][INFO]: api response json ==>> {
    "data": []
}
[2025-11-23 09:50:37,777][common.py:104][INFO]: Expect response code is 200, Actual is 200.
[2025-11-23 09:50:37,778][common.py:104][INFO]: Expect confuits amount is 0, Actual is 0.
[2025-11-23 09:50:37,782][api.py:23][INFO]: api url ==>> https://api.twitch.tv/helix/eventsub/conduits
[2025-11-23 09:50:37,782][api.py:24][INFO]: api method==>> POST
[2025-11-23 09:50:37,782][api.py:31][INFO]: api request header ==>> {
    "Authorization": "Bearer tpng52aaps3ttcodwlbtn3rloezfb4",
    "Client-Id": "wyw8mywhjevtgkhqzajrkucevjws7s"
}
[2025-11-23 09:50:37,963][api.py:55][INFO]: api Response Time==>> 0.1817
[2025-11-23 09:50:37,964][api.py:63][INFO]: api response json ==>> {
    "data": [
        {
            "id": "0f67cc5e-218f-4a87-808f-6248ec210e3c",
            "shard_count": 4
        }
    ]
}
[2025-11-23 09:50:37,964][common.py:104][INFO]: Expect response code is 200, Actual is 200.
[2025-11-23 09:50:37,965][common.py:104][INFO]: Expect shard count amount is 4, Actual is 4.
[2025-11-23 09:50:37,966][api.py:23][INFO]: api url ==>> https://api.twitch.tv/helix/eventsub/conduits
[2025-11-23 09:50:37,966][api.py:24][INFO]: api method==>> GET
[2025-11-23 09:50:37,966][api.py:31][INFO]: api request header ==>> {
    "Authorization": "Bearer tpng52aaps3ttcodwlbtn3rloezfb4",
    "Client-Id": "wyw8mywhjevtgkhqzajrkucevjws7s"
}
[2025-11-23 09:50:38,135][api.py:55][INFO]: api Response Time==>> 0.1691
[2025-11-23 09:50:38,136][api.py:63][INFO]: api response json ==>> {
    "data": [
        {
            "id": "0f67cc5e-218f-4a87-808f-6248ec210e3c",
            "shard_count": 4
        }
    ]
}
[2025-11-23 09:50:38,136][common.py:104][INFO]: Expect response code is 200, Actual is 200.
[2025-11-23 09:50:38,137][api.py:23][INFO]: api url ==>> https://api.twitch.tv/helix/eventsub/conduits
[2025-11-23 09:50:38,137][api.py:24][INFO]: api method==>> PATCH
[2025-11-23 09:50:38,137][api.py:31][INFO]: api request header ==>> {
    "Authorization": "Bearer tpng52aaps3ttcodwlbtn3rloezfb4",
    "Client-Id": "wyw8mywhjevtgkhqzajrkucevjws7s"
}
[2025-11-23 09:50:38,318][api.py:55][INFO]: api Response Time==>> 0.18132
[2025-11-23 09:50:38,319][api.py:63][INFO]: api response json ==>> {
    "data": [
        {
            "id": "0f67cc5e-218f-4a87-808f-6248ec210e3c",
            "shard_count": 1
        }
    ]
}
[2025-11-23 09:50:38,319][common.py:104][INFO]: Expect response code is 200, Actual is 200.
[2025-11-23 09:50:38,320][common.py:104][INFO]: Expect update shard count is 1, Actual is 1.
[2025-11-23 09:50:38,321][api.py:23][INFO]: api url ==>> https://api.twitch.tv/helix/eventsub/conduits
[2025-11-23 09:50:38,321][api.py:24][INFO]: api method==>> GET
[2025-11-23 09:50:38,321][api.py:31][INFO]: api request header ==>> {
    "Authorization": "Bearer tpng52aaps3ttcodwlbtn3rloezfb4",
    "Client-Id": "wyw8mywhjevtgkhqzajrkucevjws7s"
}
[2025-11-23 09:50:38,494][api.py:55][INFO]: api Response Time==>> 0.17288
[2025-11-23 09:50:38,494][api.py:63][INFO]: api response json ==>> {
    "data": [
        {
            "id": "0f67cc5e-218f-4a87-808f-6248ec210e3c",
            "shard_count": 1
        }
    ]
}
[2025-11-23 09:50:38,495][common.py:104][INFO]: Expect response code is 200, Actual is 200.
[2025-11-23 09:50:38,496][api.py:23][INFO]: api url ==>> https://api.twitch.tv/helix/eventsub/conduits
[2025-11-23 09:50:38,496][api.py:24][INFO]: api method==>> DELETE
[2025-11-23 09:50:38,496][api.py:31][INFO]: api request header ==>> {
    "Authorization": "Bearer tpng52aaps3ttcodwlbtn3rloezfb4",
    "Client-Id": "wyw8mywhjevtgkhqzajrkucevjws7s"
}
[2025-11-23 09:50:38,676][api.py:55][INFO]: api Response Time==>> 0.17999
[2025-11-23 09:50:38,677][api.py:63][INFO]: api response json ==>> 
[2025-11-23 09:50:38,677][common.py:104][INFO]: Expect response code is 204, Actual is 204.
[2025-11-23 09:50:38,678][api.py:23][INFO]: api url ==>> https://api.twitch.tv/helix/eventsub/conduits
[2025-11-23 09:50:38,678][api.py:24][INFO]: api method==>> GET
[2025-11-23 09:50:38,678][api.py:31][INFO]: api request header ==>> {
    "Authorization": "Bearer tpng52aaps3ttcodwlbtn3rloezfb4",
    "Client-Id": "wyw8mywhjevtgkhqzajrkucevjws7s"
}
[2025-11-23 09:50:38,851][api.py:55][INFO]: api Response Time==>> 0.17296
[2025-11-23 09:50:38,852][api.py:63][INFO]: api response json ==>> {
    "data": []
}
[2025-11-23 09:50:38,852][common.py:104][INFO]: Expect response code is 200, Actual is 200.
[2025-11-23 09:50:38,853][common.py:104][INFO]: Expect confuits amount is 0, Actual is 0.
[2025-11-23 09:50:38,856][api.py:23][INFO]: api url ==>> https://api.twitch.tv/helix/eventsub/conduits
[2025-11-23 09:50:38,857][api.py:24][INFO]: api method==>> GET
[2025-11-23 09:50:38,857][api.py:31][INFO]: api request header ==>> {
    "Authorization": "Bearer tpng52aaps3ttcodwlbtn3rloezfb4",
    "Client-Id": "wyw8mywhjevtgkhqzajrkucevjws7s"
}
[2025-11-23 09:50:39,030][api.py:55][INFO]: api Response Time==>> 0.17398
[2025-11-23 09:50:39,031][api.py:63][INFO]: api response json ==>> {
    "data": []
}
[2025-11-23 09:50:39,032][common.py:104][INFO]: Expect response code is 200, Actual is 200.
[2025-11-23 09:50:39,073][api.py:23][INFO]: api url ==>> https://api.twitch.tv/helix/eventsub/conduits
[2025-11-23 09:50:39,073][api.py:24][INFO]: api method==>> POST
[2025-11-23 09:50:39,074][api.py:31][INFO]: api request header ==>> {
    "Authorization": "Bearer tpng52aaps3ttcodwlbtn3rloezfb4",
    "Client-Id": "wyw8mywhjevtgkhqzajrkucevjws7s"
}
[2025-11-23 09:50:39,234][api.py:55][INFO]: api Response Time==>> 0.16074
[2025-11-23 09:50:39,235][api.py:63][INFO]: api response json ==>> {
    "error": "Bad Request",
    "status": 400,
    "message": "Missing required parameter \"shard_count\""
}
[2025-11-23 09:50:39,235][common.py:104][INFO]: Expect response code is 400, Actual is 400.
[2025-11-23 09:50:39,236][common.py:104][INFO]: Expect response request is Bad Request, Actual is Bad Request.
[2025-11-23 09:50:39,236][common.py:104][INFO]: Expect response request is Missing required parameter "shard_count", Actual is Missing required parameter "shard_count".
[2025-11-23 09:50:39,237][api.py:23][INFO]: api url ==>> https://api.twitch.tv/helix/eventsub/conduits
[2025-11-23 09:50:39,237][api.py:24][INFO]: api method==>> GET
[2025-11-23 09:50:39,237][api.py:31][INFO]: api request header ==>> {
    "Authorization": "Bearer tpng52aaps3ttcodwlbtn3rloezfb4",
    "Client-Id": "wyw8mywhjevtgkhqzajrkucevjws7s"
}
[2025-11-23 09:50:39,406][api.py:55][INFO]: api Response Time==>> 0.16952
[2025-11-23 09:50:39,407][api.py:63][INFO]: api response json ==>> {
    "data": []
}
[2025-11-23 09:50:39,408][common.py:104][INFO]: Expect response code is 200, Actual is 200.
