[2025-11-23 09:45:26,938][api.py:17][INFO]: RestSelfURL: https://api.twitch.tv
[2025-11-23 09:45:26,939][api.py:23][INFO]: api url ==>> https://api.twitch.tv/helix/eventsub/conduits
[2025-11-23 09:45:26,939][api.py:24][INFO]: api method==>> GET
[2025-11-23 09:45:26,940][api.py:31][INFO]: api request header ==>> {
    "Authorization": "Bearer ohi17507n1nyajsfh0wlj0liyb40u1",
    "Client-Id": "wyw8mywhjevtgkhqzajrkucevjws7s"
}
[2025-11-23 09:45:27,115][api.py:55][INFO]: api Response Time==>> 0.17566
[2025-11-23 09:45:27,116][api.py:63][INFO]: api response json ==>> {
    "data": [
        {
            "id": "216d5c2a-7e4e-4531-b15f-f3c23b20cfa8",
            "shard_count": 4
        },
        {
            "id": "ecbf66e0-3b8e-42da-9ad6-26e9d617b268",
            "shard_count": 5
        },
        {
            "id": "2e7fe6ce-da78-4503-94e2-bf083ee9b252",
            "shard_count": 5
        }
    ]
}
[2025-11-23 09:45:27,117][common.py:104][INFO]: Expect response code is 200, Actual is 200.
[2025-11-23 09:45:27,118][api.py:17][INFO]: RestSelfURL: https://api.twitch.tv
[2025-11-23 09:45:27,118][api.py:23][INFO]: api url ==>> https://api.twitch.tv/helix/eventsub/conduits
[2025-11-23 09:45:27,118][api.py:24][INFO]: api method==>> DELETE
[2025-11-23 09:45:27,118][api.py:31][INFO]: api request header ==>> {
    "Authorization": "Bearer ohi17507n1nyajsfh0wlj0liyb40u1",
    "Client-Id": "wyw8mywhjevtgkhqzajrkucevjws7s"
}
[2025-11-23 09:45:27,294][api.py:55][INFO]: api Response Time==>> 0.17617
[2025-11-23 09:45:27,295][api.py:63][INFO]: api response json ==>> 
[2025-11-23 09:45:27,295][common.py:104][INFO]: Expect response code is 204, Actual is 204.
[2025-11-23 09:45:27,296][api.py:17][INFO]: RestSelfURL: https://api.twitch.tv
[2025-11-23 09:45:27,297][api.py:23][INFO]: api url ==>> https://api.twitch.tv/helix/eventsub/conduits
[2025-11-23 09:45:27,297][api.py:24][INFO]: api method==>> GET
[2025-11-23 09:45:27,297][api.py:31][INFO]: api request header ==>> {
    "Authorization": "Bearer ohi17507n1nyajsfh0wlj0liyb40u1",
    "Client-Id": "wyw8mywhjevtgkhqzajrkucevjws7s"
}
[2025-11-23 09:45:27,470][api.py:55][INFO]: api Response Time==>> 0.17358
[2025-11-23 09:45:27,471][api.py:63][INFO]: api response json ==>> {
    "data": [
        {
            "id": "ecbf66e0-3b8e-42da-9ad6-26e9d617b268",
            "shard_count": 5
        },
        {
            "id": "2e7fe6ce-da78-4503-94e2-bf083ee9b252",
            "shard_count": 5
        }
    ]
}
[2025-11-23 09:45:27,472][common.py:104][INFO]: Expect response code is 200, Actual is 200.
[2025-11-23 09:45:27,473][common.py:104][INFO]: Expect confuits amount is 2, Actual is 2.
[2025-11-23 09:45:27,476][api.py:17][INFO]: RestSelfURL: https://api.twitch.tv
[2025-11-23 09:45:27,476][api.py:23][INFO]: api url ==>> https://api.twitch.tv/helix/eventsub/conduits
[2025-11-23 09:45:27,476][api.py:24][INFO]: api method==>> GET
[2025-11-23 09:45:27,476][api.py:31][INFO]: api request header ==>> {
    "Authorization": "Bearer ohi17507n1nyajsfh0wlj0liyb40u1",
    "Client-Id": "wyw8mywhjevtgkhqzajrkucevjws7s"
}
[2025-11-23 09:45:27,651][api.py:55][INFO]: api Response Time==>> 0.1748
[2025-11-23 09:45:27,652][api.py:63][INFO]: api response json ==>> {
    "data": [
        {
            "id": "ecbf66e0-3b8e-42da-9ad6-26e9d617b268",
            "shard_count": 5
        },
        {
            "id": "2e7fe6ce-da78-4503-94e2-bf083ee9b252",
            "shard_count": 5
        }
    ]
}
[2025-11-23 09:45:27,652][common.py:104][INFO]: Expect response code is 200, Actual is 200.
[2025-11-23 09:45:27,653][api.py:17][INFO]: RestSelfURL: https://api.twitch.tv
[2025-11-23 09:45:27,654][api.py:23][INFO]: api url ==>> https://api.twitch.tv/helix/eventsub/conduits
[2025-11-23 09:45:27,654][api.py:24][INFO]: api method==>> DELETE
[2025-11-23 09:45:27,654][api.py:31][INFO]: api request header ==>> {
    "Authorization": "Bearer ohi17507n1nyajsfh0wlj0liyb40u1",
    "Client-Id": "wyw8mywhjevtgkhqzajrkucevjws7s"
}
[2025-11-23 09:45:27,831][api.py:55][INFO]: api Response Time==>> 0.17687
[2025-11-23 09:45:27,831][api.py:63][INFO]: api response json ==>> 
[2025-11-23 09:45:27,832][common.py:104][INFO]: Expect response code is 204, Actual is 204.
[2025-11-23 09:45:27,833][api.py:17][INFO]: RestSelfURL: https://api.twitch.tv
[2025-11-23 09:45:27,833][api.py:23][INFO]: api url ==>> https://api.twitch.tv/helix/eventsub/conduits
[2025-11-23 09:45:27,833][api.py:24][INFO]: api method==>> GET
[2025-11-23 09:45:27,833][api.py:31][INFO]: api request header ==>> {
    "Authorization": "Bearer ohi17507n1nyajsfh0wlj0liyb40u1",
    "Client-Id": "wyw8mywhjevtgkhqzajrkucevjws7s"
}
[2025-11-23 09:45:28,007][api.py:55][INFO]: api Response Time==>> 0.17415
[2025-11-23 09:45:28,008][api.py:63][INFO]: api response json ==>> {
    "data": [
        {
            "id": "2e7fe6ce-da78-4503-94e2-bf083ee9b252",
            "shard_count": 5
        }
    ]
}
[2025-11-23 09:45:28,008][common.py:104][INFO]: Expect response code is 200, Actual is 200.
[2025-11-23 09:45:28,008][common.py:104][INFO]: Expect confuits amount is 1, Actual is 1.
[2025-11-23 09:45:28,011][api.py:17][INFO]: RestSelfURL: https://api.twitch.tv
[2025-11-23 09:45:28,012][api.py:23][INFO]: api url ==>> https://api.twitch.tv/helix/eventsub/conduits
[2025-11-23 09:45:28,012][api.py:24][INFO]: api method==>> GET
[2025-11-23 09:45:28,012][api.py:31][INFO]: api request header ==>> {
    "Authorization": "Bearer ohi17507n1nyajsfh0wlj0liyb40u1",
    "Client-Id": "wyw8mywhjevtgkhqzajrkucevjws7s"
}
[2025-11-23 09:45:28,183][api.py:55][INFO]: api Response Time==>> 0.17145
[2025-11-23 09:45:28,184][api.py:63][INFO]: api response json ==>> {
    "data": [
        {
            "id": "2e7fe6ce-da78-4503-94e2-bf083ee9b252",
            "shard_count": 5
        }
    ]
}
[2025-11-23 09:45:28,184][common.py:104][INFO]: Expect response code is 200, Actual is 200.
[2025-11-23 09:45:28,186][api.py:17][INFO]: RestSelfURL: https://api.twitch.tv
[2025-11-23 09:45:28,186][api.py:23][INFO]: api url ==>> https://api.twitch.tv/helix/eventsub/conduits
[2025-11-23 09:45:28,186][api.py:24][INFO]: api method==>> DELETE
[2025-11-23 09:45:28,186][api.py:31][INFO]: api request header ==>> {
    "Authorization": "Bearer ohi17507n1nyajsfh0wlj0liyb40u1",
    "Client-Id": "wyw8mywhjevtgkhqzajrkucevjws7s"
}
[2025-11-23 09:45:28,366][api.py:55][INFO]: api Response Time==>> 0.18029
[2025-11-23 09:45:28,367][api.py:63][INFO]: api response json ==>> 
[2025-11-23 09:45:28,368][common.py:104][INFO]: Expect response code is 204, Actual is 204.
[2025-11-23 09:45:28,369][api.py:17][INFO]: RestSelfURL: https://api.twitch.tv
[2025-11-23 09:45:28,369][api.py:23][INFO]: api url ==>> https://api.twitch.tv/helix/eventsub/conduits
[2025-11-23 09:45:28,369][api.py:24][INFO]: api method==>> GET
[2025-11-23 09:45:28,369][api.py:31][INFO]: api request header ==>> {
    "Authorization": "Bearer ohi17507n1nyajsfh0wlj0liyb40u1",
    "Client-Id": "wyw8mywhjevtgkhqzajrkucevjws7s"
}
[2025-11-23 09:45:28,542][api.py:55][INFO]: api Response Time==>> 0.17287
[2025-11-23 09:45:28,543][api.py:63][INFO]: api response json ==>> {
    "data": []
}
[2025-11-23 09:45:28,543][common.py:104][INFO]: Expect response code is 200, Actual is 200.
[2025-11-23 09:45:28,544][common.py:104][INFO]: Expect confuits amount is 0, Actual is 0.
[2025-11-23 09:45:28,547][api.py:17][INFO]: RestSelfURL: https://api.twitch.tv
[2025-11-23 09:45:28,547][api.py:23][INFO]: api url ==>> https://api.twitch.tv/helix/eventsub/conduits
[2025-11-23 09:45:28,548][api.py:24][INFO]: api method==>> GET
[2025-11-23 09:45:28,548][api.py:31][INFO]: api request header ==>> {
    "Authorization": "Bearer ohi17507n1nyajsfh0wlj0liyb40u1",
    "Client-Id": "wyw8mywhjevtgkhqzajrkucevjws7s"
}
[2025-11-23 09:45:28,729][api.py:55][INFO]: api Response Time==>> 0.18171
[2025-11-23 09:45:28,730][api.py:63][INFO]: api response json ==>> {
    "data": []
}
[2025-11-23 09:45:28,730][common.py:104][INFO]: Expect response code is 200, Actual is 200.
[2025-11-23 09:45:45,308][api.py:17][INFO]: RestSelfURL: https://api.twitch.tv
[2025-11-23 09:45:45,309][api.py:23][INFO]: api url ==>> https://api.twitch.tv/helix/eventsub/conduits
[2025-11-23 09:45:45,309][api.py:24][INFO]: api method==>> POST
[2025-11-23 09:45:45,310][api.py:31][INFO]: api request header ==>> {
    "Authorization": "Bearer mi9edw3anu0hmyq72p40m2uv7jov76",
    "Client-Id": "wyw8mywhjevtgkhqzajrkucevjws7s"
}
[2025-11-23 09:45:45,483][api.py:55][INFO]: api Response Time==>> 0.17407
[2025-11-23 09:45:45,484][api.py:63][INFO]: api response json ==>> {
    "data": [
        {
            "id": "11ce2a35-6448-42e3-b146-b4f4ecd5b80f",
            "shard_count": 5
        }
    ]
}
[2025-11-23 09:45:45,485][common.py:104][INFO]: Expect response code is 200, Actual is 200.
[2025-11-23 09:45:45,486][common.py:104][INFO]: Expect shard count amount is 5, Actual is 5.
[2025-11-23 09:45:45,486][api.py:17][INFO]: RestSelfURL: https://api.twitch.tv
[2025-11-23 09:45:45,486][api.py:23][INFO]: api url ==>> https://api.twitch.tv/helix/eventsub/conduits
[2025-11-23 09:45:45,486][api.py:24][INFO]: api method==>> GET
[2025-11-23 09:45:45,487][api.py:31][INFO]: api request header ==>> {
    "Authorization": "Bearer mi9edw3anu0hmyq72p40m2uv7jov76",
    "Client-Id": "wyw8mywhjevtgkhqzajrkucevjws7s"
}
[2025-11-23 09:45:45,659][api.py:55][INFO]: api Response Time==>> 0.17244
[2025-11-23 09:45:45,659][api.py:63][INFO]: api response json ==>> {
    "data": [
        {
            "id": "11ce2a35-6448-42e3-b146-b4f4ecd5b80f",
            "shard_count": 5
        }
    ]
}
[2025-11-23 09:45:45,660][common.py:104][INFO]: Expect response code is 200, Actual is 200.
[2025-11-23 09:45:45,661][api.py:17][INFO]: RestSelfURL: https://api.twitch.tv
[2025-11-23 09:45:45,661][api.py:23][INFO]: api url ==>> https://api.twitch.tv/helix/eventsub/conduits
[2025-11-23 09:45:45,661][api.py:24][INFO]: api method==>> DELETE
[2025-11-23 09:45:45,662][api.py:31][INFO]: api request header ==>> {
    "Authorization": "Bearer mi9edw3anu0hmyq72p40m2uv7jov76",
    "Client-Id": "wyw8mywhjevtgkhqzajrkucevjws7s"
}
[2025-11-23 09:45:45,845][api.py:55][INFO]: api Response Time==>> 0.18349
[2025-11-23 09:45:45,846][api.py:63][INFO]: api response json ==>> 
[2025-11-23 09:45:45,846][common.py:104][INFO]: Expect response code is 204, Actual is 204.
[2025-11-23 09:45:45,847][api.py:17][INFO]: RestSelfURL: https://api.twitch.tv
[2025-11-23 09:45:45,847][api.py:23][INFO]: api url ==>> https://api.twitch.tv/helix/eventsub/conduits
[2025-11-23 09:45:45,848][api.py:24][INFO]: api method==>> GET
[2025-11-23 09:45:45,848][api.py:31][INFO]: api request header ==>> {
    "Authorization": "Bearer mi9edw3anu0hmyq72p40m2uv7jov76",
    "Client-Id": "wyw8mywhjevtgkhqzajrkucevjws7s"
}
[2025-11-23 09:45:46,023][api.py:55][INFO]: api Response Time==>> 0.17554
[2025-11-23 09:45:46,024][api.py:63][INFO]: api response json ==>> {
    "data": []
}
[2025-11-23 09:45:46,025][common.py:104][INFO]: Expect response code is 200, Actual is 200.
[2025-11-23 09:45:46,026][common.py:104][INFO]: Expect confuits amount is 0, Actual is 0.
[2025-11-23 09:45:46,031][api.py:17][INFO]: RestSelfURL: https://api.twitch.tv
[2025-11-23 09:45:46,032][api.py:23][INFO]: api url ==>> https://api.twitch.tv/helix/eventsub/conduits
[2025-11-23 09:45:46,032][api.py:24][INFO]: api method==>> POST
[2025-11-23 09:45:46,032][api.py:31][INFO]: api request header ==>> {
    "Authorization": "Bearer mi9edw3anu0hmyq72p40m2uv7jov76",
    "Client-Id": "wyw8mywhjevtgkhqzajrkucevjws7s"
}
[2025-11-23 09:45:46,216][api.py:55][INFO]: api Response Time==>> 0.18442
[2025-11-23 09:45:46,217][api.py:63][INFO]: api response json ==>> {
    "data": [
        {
            "id": "3f731dd0-3b63-43a2-bfbb-d94894d5fa28",
            "shard_count": 4
        }
    ]
}
[2025-11-23 09:45:46,218][common.py:104][INFO]: Expect response code is 200, Actual is 200.
[2025-11-23 09:45:46,219][common.py:104][INFO]: Expect shard count amount is 4, Actual is 4.
[2025-11-23 09:45:46,219][api.py:17][INFO]: RestSelfURL: https://api.twitch.tv
[2025-11-23 09:45:46,219][api.py:23][INFO]: api url ==>> https://api.twitch.tv/helix/eventsub/conduits
[2025-11-23 09:45:46,219][api.py:24][INFO]: api method==>> GET
[2025-11-23 09:45:46,219][api.py:31][INFO]: api request header ==>> {
    "Authorization": "Bearer mi9edw3anu0hmyq72p40m2uv7jov76",
    "Client-Id": "wyw8mywhjevtgkhqzajrkucevjws7s"
}
[2025-11-23 09:45:46,389][api.py:55][INFO]: api Response Time==>> 0.17014
[2025-11-23 09:45:46,390][api.py:63][INFO]: api response json ==>> {
    "data": [
        {
            "id": "3f731dd0-3b63-43a2-bfbb-d94894d5fa28",
            "shard_count": 4
        }
    ]
}
[2025-11-23 09:45:46,391][common.py:104][INFO]: Expect response code is 200, Actual is 200.
[2025-11-23 09:45:46,392][api.py:17][INFO]: RestSelfURL: https://api.twitch.tv
[2025-11-23 09:45:46,392][api.py:23][INFO]: api url ==>> https://api.twitch.tv/helix/eventsub/conduits
[2025-11-23 09:45:46,392][api.py:24][INFO]: api method==>> DELETE
[2025-11-23 09:45:46,392][api.py:31][INFO]: api request header ==>> {
    "Authorization": "Bearer mi9edw3anu0hmyq72p40m2uv7jov76",
    "Client-Id": "wyw8mywhjevtgkhqzajrkucevjws7s"
}
[2025-11-23 09:45:46,574][api.py:55][INFO]: api Response Time==>> 0.18209
[2025-11-23 09:45:46,575][api.py:63][INFO]: api response json ==>> 
[2025-11-23 09:45:46,575][common.py:104][INFO]: Expect response code is 204, Actual is 204.
[2025-11-23 09:45:46,576][api.py:17][INFO]: RestSelfURL: https://api.twitch.tv
[2025-11-23 09:45:46,576][api.py:23][INFO]: api url ==>> https://api.twitch.tv/helix/eventsub/conduits
[2025-11-23 09:45:46,576][api.py:24][INFO]: api method==>> GET
[2025-11-23 09:45:46,577][api.py:31][INFO]: api request header ==>> {
    "Authorization": "Bearer mi9edw3anu0hmyq72p40m2uv7jov76",
    "Client-Id": "wyw8mywhjevtgkhqzajrkucevjws7s"
}
[2025-11-23 09:45:46,745][api.py:55][INFO]: api Response Time==>> 0.1687
[2025-11-23 09:45:46,746][api.py:63][INFO]: api response json ==>> {
    "data": []
}
[2025-11-23 09:45:46,746][common.py:104][INFO]: Expect response code is 200, Actual is 200.
[2025-11-23 09:45:46,747][common.py:104][INFO]: Expect confuits amount is 0, Actual is 0.
[2025-11-23 09:45:46,750][api.py:17][INFO]: RestSelfURL: https://api.twitch.tv
[2025-11-23 09:45:46,751][api.py:23][INFO]: api url ==>> https://api.twitch.tv/helix/eventsub/conduits
[2025-11-23 09:45:46,751][api.py:24][INFO]: api method==>> GET
[2025-11-23 09:45:46,751][api.py:31][INFO]: api request header ==>> {
    "Authorization": "Bearer mi9edw3anu0hmyq72p40m2uv7jov76",
    "Client-Id": "wyw8mywhjevtgkhqzajrkucevjws7s"
}
[2025-11-23 09:45:46,922][api.py:55][INFO]: api Response Time==>> 0.17123
[2025-11-23 09:45:46,923][api.py:63][INFO]: api response json ==>> {
    "data": []
}
[2025-11-23 09:45:46,923][common.py:104][INFO]: Expect response code is 200, Actual is 200.
[2025-11-23 09:45:46,967][api.py:17][INFO]: RestSelfURL: https://api.twitch.tv
[2025-11-23 09:45:46,967][api.py:23][INFO]: api url ==>> https://api.twitch.tv/helix/eventsub/conduits
[2025-11-23 09:45:46,967][api.py:24][INFO]: api method==>> POST
[2025-11-23 09:45:46,967][api.py:31][INFO]: api request header ==>> {
    "Authorization": "Bearer mi9edw3anu0hmyq72p40m2uv7jov76",
    "Client-Id": "wyw8mywhjevtgkhqzajrkucevjws7s"
}
[2025-11-23 09:45:47,124][api.py:55][INFO]: api Response Time==>> 0.15656
[2025-11-23 09:45:47,124][api.py:63][INFO]: api response json ==>> {
    "error": "Bad Request",
    "status": 400,
    "message": "Missing required parameter \"shard_count\""
}
[2025-11-23 09:45:47,125][common.py:104][INFO]: Expect response code is 400, Actual is 400.
[2025-11-23 09:45:47,125][common.py:104][INFO]: Expect response request is Bad Request, Actual is Bad Request.
[2025-11-23 09:45:47,125][common.py:104][INFO]: Expect response request is Missing required parameter "shard_count", Actual is Missing required parameter "shard_count".
[2025-11-23 09:45:47,126][api.py:17][INFO]: RestSelfURL: https://api.twitch.tv
[2025-11-23 09:45:47,126][api.py:23][INFO]: api url ==>> https://api.twitch.tv/helix/eventsub/conduits
[2025-11-23 09:45:47,126][api.py:24][INFO]: api method==>> GET
[2025-11-23 09:45:47,126][api.py:31][INFO]: api request header ==>> {
    "Authorization": "Bearer mi9edw3anu0hmyq72p40m2uv7jov76",
    "Client-Id": "wyw8mywhjevtgkhqzajrkucevjws7s"
}
[2025-11-23 09:45:47,303][api.py:55][INFO]: api Response Time==>> 0.17731
[2025-11-23 09:45:47,304][api.py:63][INFO]: api response json ==>> {
    "data": []
}
[2025-11-23 09:45:47,304][common.py:104][INFO]: Expect response code is 200, Actual is 200.
