[2025-11-23 10:37:58,537][common.py:77][INFO]: Expect status code 200, Actual is 200.
[2025-11-23 10:37:58,538][conftest.py:36][INFO]: [Twitch] OAuth token acquired: ah3bgiq22c0rkfgs4rptwgil00j0gt
[2025-11-23 10:37:58,539][api.py:11][INFO]: api url ==>> https://api.twitch.tv/helix/eventsub/conduits
[2025-11-23 10:37:58,539][api.py:12][INFO]: api method==>> POST
[2025-11-23 10:37:58,540][api.py:15][INFO]: api request headers ==>> {
    "Authorization": "Bearer ah3bgiq22c0rkfgs4rptwgil00j0gt",
    "Client-Id": "wyw8mywhjevtgkhqzajrkucevjws7s"
}
[2025-11-23 10:37:58,540][api.py:18][INFO]: api request params ==>> {
    "shard_count": 5
}
[2025-11-23 10:37:58,725][api.py:38][INFO]: api Response Time==>> 0.18532
[2025-11-23 10:37:58,725][api.py:46][INFO]: api response json ==>> {
    "data": [
        {
            "id": "60b1a4f5-96a9-497c-8863-ae1cb722061b",
            "shard_count": 5
        }
    ]
}
[2025-11-23 10:37:58,725][common.py:77][INFO]: Expect response code 200, Actual is 200.
[2025-11-23 10:37:58,726][common.py:77][INFO]: Expect shard count amount 5, Actual is 5.
[2025-11-23 10:37:58,726][api.py:11][INFO]: api url ==>> https://api.twitch.tv/helix/eventsub/conduits
[2025-11-23 10:37:58,726][api.py:12][INFO]: api method==>> GET
[2025-11-23 10:37:58,726][api.py:15][INFO]: api request headers ==>> {
    "Authorization": "Bearer ah3bgiq22c0rkfgs4rptwgil00j0gt",
    "Client-Id": "wyw8mywhjevtgkhqzajrkucevjws7s"
}
[2025-11-23 10:37:58,899][api.py:38][INFO]: api Response Time==>> 0.17292
[2025-11-23 10:37:58,899][api.py:46][INFO]: api response json ==>> {
    "data": [
        {
            "id": "60b1a4f5-96a9-497c-8863-ae1cb722061b",
            "shard_count": 5
        },
        {
            "id": "95bc8bfd-5cdc-4530-924f-52fa3c678514",
            "shard_count": 1
        },
        {
            "id": "e24906f9-abfc-457b-b562-e90624712f7c",
            "shard_count": 5
        }
    ]
}
[2025-11-23 10:37:58,900][common.py:77][INFO]: Expect response code 200, Actual is 200.
[2025-11-23 10:37:58,901][api.py:11][INFO]: api url ==>> https://api.twitch.tv/helix/eventsub/conduits
[2025-11-23 10:37:58,901][api.py:12][INFO]: api method==>> PATCH
[2025-11-23 10:37:58,901][api.py:15][INFO]: api request headers ==>> {
    "Authorization": "Bearer ah3bgiq22c0rkfgs4rptwgil00j0gt",
    "Client-Id": "wyw8mywhjevtgkhqzajrkucevjws7s"
}
[2025-11-23 10:37:58,901][api.py:18][INFO]: api request params ==>> {
    "id": "60b1a4f5-96a9-497c-8863-ae1cb722061b",
    "shard_count": 3
}
[2025-11-23 10:37:59,076][api.py:38][INFO]: api Response Time==>> 0.17548
[2025-11-23 10:37:59,077][api.py:46][INFO]: api response json ==>> {
    "data": [
        {
            "id": "60b1a4f5-96a9-497c-8863-ae1cb722061b",
            "shard_count": 3
        }
    ]
}
[2025-11-23 10:37:59,077][common.py:77][INFO]: Expect response code 200, Actual is 200.
[2025-11-23 10:37:59,078][common.py:77][INFO]: Expect update shard count 3, Actual is 3.
[2025-11-23 10:37:59,079][api.py:11][INFO]: api url ==>> https://api.twitch.tv/helix/eventsub/conduits
[2025-11-23 10:37:59,079][api.py:12][INFO]: api method==>> GET
[2025-11-23 10:37:59,079][api.py:15][INFO]: api request headers ==>> {
    "Authorization": "Bearer ah3bgiq22c0rkfgs4rptwgil00j0gt",
    "Client-Id": "wyw8mywhjevtgkhqzajrkucevjws7s"
}
[2025-11-23 10:37:59,249][api.py:38][INFO]: api Response Time==>> 0.17068
[2025-11-23 10:37:59,250][api.py:46][INFO]: api response json ==>> {
    "data": [
        {
            "id": "60b1a4f5-96a9-497c-8863-ae1cb722061b",
            "shard_count": 3
        },
        {
            "id": "95bc8bfd-5cdc-4530-924f-52fa3c678514",
            "shard_count": 1
        },
        {
            "id": "e24906f9-abfc-457b-b562-e90624712f7c",
            "shard_count": 5
        }
    ]
}
[2025-11-23 10:37:59,250][common.py:77][INFO]: Expect response code 200, Actual is 200.
[2025-11-23 10:37:59,252][api.py:11][INFO]: api url ==>> https://api.twitch.tv/helix/eventsub/conduits
[2025-11-23 10:37:59,252][api.py:12][INFO]: api method==>> DELETE
[2025-11-23 10:37:59,252][api.py:15][INFO]: api request headers ==>> {
    "Authorization": "Bearer ah3bgiq22c0rkfgs4rptwgil00j0gt",
    "Client-Id": "wyw8mywhjevtgkhqzajrkucevjws7s"
}
[2025-11-23 10:37:59,252][api.py:18][INFO]: api request params ==>> {
    "id": "60b1a4f5-96a9-497c-8863-ae1cb722061b"
}
[2025-11-23 10:37:59,429][api.py:38][INFO]: api Response Time==>> 0.17725
[2025-11-23 10:37:59,430][api.py:46][INFO]: api response json ==>> 
[2025-11-23 10:37:59,430][common.py:77][INFO]: Expect response code 204, Actual is 204.
[2025-11-23 10:37:59,431][api.py:11][INFO]: api url ==>> https://api.twitch.tv/helix/eventsub/conduits
[2025-11-23 10:37:59,431][api.py:12][INFO]: api method==>> GET
[2025-11-23 10:37:59,431][api.py:15][INFO]: api request headers ==>> {
    "Authorization": "Bearer ah3bgiq22c0rkfgs4rptwgil00j0gt",
    "Client-Id": "wyw8mywhjevtgkhqzajrkucevjws7s"
}
[2025-11-23 10:37:59,609][api.py:38][INFO]: api Response Time==>> 0.17814
[2025-11-23 10:37:59,610][api.py:46][INFO]: api response json ==>> {
    "data": [
        {
            "id": "95bc8bfd-5cdc-4530-924f-52fa3c678514",
            "shard_count": 1
        },
        {
            "id": "e24906f9-abfc-457b-b562-e90624712f7c",
            "shard_count": 5
        }
    ]
}
[2025-11-23 10:37:59,610][common.py:77][INFO]: Expect response code 200, Actual is 200.
[2025-11-23 10:37:59,611][common.py:77][INFO]: Expect confuits amount 2, Actual is 2.
[2025-11-23 10:37:59,615][api.py:11][INFO]: api url ==>> https://api.twitch.tv/helix/eventsub/conduits
[2025-11-23 10:37:59,615][api.py:12][INFO]: api method==>> POST
[2025-11-23 10:37:59,615][api.py:15][INFO]: api request headers ==>> {
    "Authorization": "Bearer ah3bgiq22c0rkfgs4rptwgil00j0gt",
    "Client-Id": "wyw8mywhjevtgkhqzajrkucevjws7s"
}
[2025-11-23 10:37:59,615][api.py:18][INFO]: api request params ==>> {
    "shard_count": 4
}
[2025-11-23 10:37:59,793][api.py:38][INFO]: api Response Time==>> 0.17845
[2025-11-23 10:37:59,794][api.py:46][INFO]: api response json ==>> {
    "data": [
        {
            "id": "035b135a-bdde-4fce-83f3-565da5d424d5",
            "shard_count": 4
        }
    ]
}
[2025-11-23 10:37:59,794][common.py:77][INFO]: Expect response code 200, Actual is 200.
[2025-11-23 10:37:59,795][common.py:77][INFO]: Expect shard count amount 4, Actual is 4.
[2025-11-23 10:37:59,796][api.py:11][INFO]: api url ==>> https://api.twitch.tv/helix/eventsub/conduits
[2025-11-23 10:37:59,796][api.py:12][INFO]: api method==>> GET
[2025-11-23 10:37:59,796][api.py:15][INFO]: api request headers ==>> {
    "Authorization": "Bearer ah3bgiq22c0rkfgs4rptwgil00j0gt",
    "Client-Id": "wyw8mywhjevtgkhqzajrkucevjws7s"
}
[2025-11-23 10:37:59,967][api.py:38][INFO]: api Response Time==>> 0.17097
[2025-11-23 10:37:59,967][api.py:46][INFO]: api response json ==>> {
    "data": [
        {
            "id": "035b135a-bdde-4fce-83f3-565da5d424d5",
            "shard_count": 4
        },
        {
            "id": "95bc8bfd-5cdc-4530-924f-52fa3c678514",
            "shard_count": 1
        },
        {
            "id": "e24906f9-abfc-457b-b562-e90624712f7c",
            "shard_count": 5
        }
    ]
}
[2025-11-23 10:37:59,967][common.py:77][INFO]: Expect response code 200, Actual is 200.
[2025-11-23 10:37:59,970][api.py:11][INFO]: api url ==>> https://api.twitch.tv/helix/eventsub/conduits
[2025-11-23 10:37:59,970][api.py:12][INFO]: api method==>> PATCH
[2025-11-23 10:37:59,970][api.py:15][INFO]: api request headers ==>> {
    "Authorization": "Bearer ah3bgiq22c0rkfgs4rptwgil00j0gt",
    "Client-Id": "wyw8mywhjevtgkhqzajrkucevjws7s"
}
[2025-11-23 10:37:59,971][api.py:18][INFO]: api request params ==>> {
    "id": "035b135a-bdde-4fce-83f3-565da5d424d5",
    "shard_count": 1
}
[2025-11-23 10:38:00,146][api.py:38][INFO]: api Response Time==>> 0.17633
[2025-11-23 10:38:00,147][api.py:46][INFO]: api response json ==>> {
    "data": [
        {
            "id": "035b135a-bdde-4fce-83f3-565da5d424d5",
            "shard_count": 1
        }
    ]
}
[2025-11-23 10:38:00,147][common.py:77][INFO]: Expect response code 200, Actual is 200.
[2025-11-23 10:38:00,148][common.py:77][INFO]: Expect update shard count 1, Actual is 1.
[2025-11-23 10:38:00,148][api.py:11][INFO]: api url ==>> https://api.twitch.tv/helix/eventsub/conduits
[2025-11-23 10:38:00,148][api.py:12][INFO]: api method==>> GET
[2025-11-23 10:38:00,149][api.py:15][INFO]: api request headers ==>> {
    "Authorization": "Bearer ah3bgiq22c0rkfgs4rptwgil00j0gt",
    "Client-Id": "wyw8mywhjevtgkhqzajrkucevjws7s"
}
[2025-11-23 10:38:00,314][api.py:38][INFO]: api Response Time==>> 0.16608
[2025-11-23 10:38:00,315][api.py:46][INFO]: api response json ==>> {
    "data": [
        {
            "id": "035b135a-bdde-4fce-83f3-565da5d424d5",
            "shard_count": 1
        },
        {
            "id": "95bc8bfd-5cdc-4530-924f-52fa3c678514",
            "shard_count": 1
        },
        {
            "id": "e24906f9-abfc-457b-b562-e90624712f7c",
            "shard_count": 5
        }
    ]
}
[2025-11-23 10:38:00,315][common.py:77][INFO]: Expect response code 200, Actual is 200.
[2025-11-23 10:38:00,316][api.py:11][INFO]: api url ==>> https://api.twitch.tv/helix/eventsub/conduits
[2025-11-23 10:38:00,316][api.py:12][INFO]: api method==>> DELETE
[2025-11-23 10:38:00,316][api.py:15][INFO]: api request headers ==>> {
    "Authorization": "Bearer ah3bgiq22c0rkfgs4rptwgil00j0gt",
    "Client-Id": "wyw8mywhjevtgkhqzajrkucevjws7s"
}
[2025-11-23 10:38:00,316][api.py:18][INFO]: api request params ==>> {
    "id": "035b135a-bdde-4fce-83f3-565da5d424d5"
}
[2025-11-23 10:38:00,490][api.py:38][INFO]: api Response Time==>> 0.17467
[2025-11-23 10:38:00,491][api.py:46][INFO]: api response json ==>> 
[2025-11-23 10:38:00,491][common.py:77][INFO]: Expect response code 204, Actual is 204.
[2025-11-23 10:38:00,491][api.py:11][INFO]: api url ==>> https://api.twitch.tv/helix/eventsub/conduits
[2025-11-23 10:38:00,491][api.py:12][INFO]: api method==>> GET
[2025-11-23 10:38:00,491][api.py:15][INFO]: api request headers ==>> {
    "Authorization": "Bearer ah3bgiq22c0rkfgs4rptwgil00j0gt",
    "Client-Id": "wyw8mywhjevtgkhqzajrkucevjws7s"
}
[2025-11-23 10:38:00,663][api.py:38][INFO]: api Response Time==>> 0.17159
[2025-11-23 10:38:00,663][api.py:46][INFO]: api response json ==>> {
    "data": [
        {
            "id": "95bc8bfd-5cdc-4530-924f-52fa3c678514",
            "shard_count": 1
        },
        {
            "id": "e24906f9-abfc-457b-b562-e90624712f7c",
            "shard_count": 5
        }
    ]
}
[2025-11-23 10:38:00,664][common.py:77][INFO]: Expect response code 200, Actual is 200.
[2025-11-23 10:38:00,664][common.py:77][INFO]: Expect confuits amount 2, Actual is 2.
[2025-11-23 10:38:00,667][api.py:11][INFO]: api url ==>> https://api.twitch.tv/helix/eventsub/conduits
[2025-11-23 10:38:00,667][api.py:12][INFO]: api method==>> GET
[2025-11-23 10:38:00,667][api.py:15][INFO]: api request headers ==>> {
    "Authorization": "Bearer ah3bgiq22c0rkfgs4rptwgil00j0gt",
    "Client-Id": "wyw8mywhjevtgkhqzajrkucevjws7s"
}
[2025-11-23 10:38:00,838][api.py:38][INFO]: api Response Time==>> 0.17078
[2025-11-23 10:38:00,838][api.py:46][INFO]: api response json ==>> {
    "data": [
        {
            "id": "95bc8bfd-5cdc-4530-924f-52fa3c678514",
            "shard_count": 1
        },
        {
            "id": "e24906f9-abfc-457b-b562-e90624712f7c",
            "shard_count": 5
        }
    ]
}
[2025-11-23 10:38:00,839][common.py:77][INFO]: Expect response code 200, Actual is 200.
[2025-11-23 10:38:00,840][api.py:11][INFO]: api url ==>> https://api.twitch.tv/helix/eventsub/conduits
[2025-11-23 10:38:00,840][api.py:12][INFO]: api method==>> PATCH
[2025-11-23 10:38:00,840][api.py:15][INFO]: api request headers ==>> {
    "Authorization": "Bearer ah3bgiq22c0rkfgs4rptwgil00j0gt",
    "Client-Id": "wyw8mywhjevtgkhqzajrkucevjws7s"
}
[2025-11-23 10:38:00,840][api.py:18][INFO]: api request params ==>> {
    "id": "95bc8bfd-5cdc-4530-924f-52fa3c678514",
    "shard_count": 3
}
[2025-11-23 10:38:01,014][api.py:38][INFO]: api Response Time==>> 0.17369
[2025-11-23 10:38:01,014][api.py:46][INFO]: api response json ==>> {
    "data": [
        {
            "id": "95bc8bfd-5cdc-4530-924f-52fa3c678514",
            "shard_count": 3
        }
    ]
}
[2025-11-23 10:38:01,015][common.py:77][INFO]: Expect response code 200, Actual is 200.
[2025-11-23 10:38:01,016][common.py:77][INFO]: Expect update shard count 3, Actual is 3.
[2025-11-23 10:38:01,019][api.py:11][INFO]: api url ==>> https://api.twitch.tv/helix/eventsub/conduits
[2025-11-23 10:38:01,019][api.py:12][INFO]: api method==>> POST
[2025-11-23 10:38:01,019][api.py:15][INFO]: api request headers ==>> {
    "Authorization": "Bearer ah3bgiq22c0rkfgs4rptwgil00j0gt",
    "Client-Id": "wyw8mywhjevtgkhqzajrkucevjws7s"
}
[2025-11-23 10:38:01,019][api.py:18][INFO]: api request params ==>> {
    "shard_count": 0
}
[2025-11-23 10:38:01,180][api.py:38][INFO]: api Response Time==>> 0.16146
[2025-11-23 10:38:01,181][api.py:46][INFO]: api response json ==>> {
    "error": "Bad Request",
    "status": 400,
    "message": "Missing required parameter \"shard_count\""
}
[2025-11-23 10:38:01,181][common.py:77][INFO]: Expect response code 400, Actual is 400.
[2025-11-23 10:38:01,182][common.py:77][INFO]: Expect response request Bad Request, Actual is Bad Request.
[2025-11-23 10:38:01,182][common.py:77][INFO]: Expect response request Missing required parameter "shard_count", Actual is Missing required parameter "shard_count".
[2025-11-23 10:38:01,182][api.py:11][INFO]: api url ==>> https://api.twitch.tv/helix/eventsub/conduits
[2025-11-23 10:38:01,183][api.py:12][INFO]: api method==>> GET
[2025-11-23 10:38:01,183][api.py:15][INFO]: api request headers ==>> {
    "Authorization": "Bearer ah3bgiq22c0rkfgs4rptwgil00j0gt",
    "Client-Id": "wyw8mywhjevtgkhqzajrkucevjws7s"
}
[2025-11-23 10:38:01,353][api.py:38][INFO]: api Response Time==>> 0.17071
[2025-11-23 10:38:01,354][api.py:46][INFO]: api response json ==>> {
    "data": [
        {
            "id": "95bc8bfd-5cdc-4530-924f-52fa3c678514",
            "shard_count": 3
        },
        {
            "id": "e24906f9-abfc-457b-b562-e90624712f7c",
            "shard_count": 5
        }
    ]
}
[2025-11-23 10:38:01,354][common.py:77][INFO]: Expect response code 200, Actual is 200.
[2025-11-23 10:38:01,356][api.py:11][INFO]: api url ==>> https://api.twitch.tv/helix/eventsub/conduits
[2025-11-23 10:38:01,356][api.py:12][INFO]: api method==>> PATCH
[2025-11-23 10:38:01,356][api.py:15][INFO]: api request headers ==>> {
    "Authorization": "Bearer ah3bgiq22c0rkfgs4rptwgil00j0gt",
    "Client-Id": "wyw8mywhjevtgkhqzajrkucevjws7s"
}
[2025-11-23 10:38:01,356][api.py:18][INFO]: api request params ==>> {
    "id": "95bc8bfd-5cdc-4530-924f-52fa3c678514",
    "shard_count": 1
}
[2025-11-23 10:38:01,537][api.py:38][INFO]: api Response Time==>> 0.18104
[2025-11-23 10:38:01,537][api.py:46][INFO]: api response json ==>> {
    "data": [
        {
            "id": "95bc8bfd-5cdc-4530-924f-52fa3c678514",
            "shard_count": 1
        }
    ]
}
[2025-11-23 10:38:01,537][common.py:77][INFO]: Expect response code 200, Actual is 200.
[2025-11-23 10:38:01,538][common.py:77][INFO]: Expect update shard count 1, Actual is 1.
