[2025-11-23 10:35:33,035][common.py:77][INFO]: Expect status code 200, Actual is 200.
[2025-11-23 10:35:33,036][conftest.py:36][INFO]: [Twitch] OAuth token acquired: ap4cqlci9zq32aduijlgtljoczpfwe
[2025-11-23 10:35:33,038][api.py:10][INFO]: api url ==>> https://api.twitch.tv/helix/eventsub/conduits
[2025-11-23 10:35:33,038][api.py:11][INFO]: api method==>> POST
[2025-11-23 10:35:33,227][api.py:16][INFO]: api Response Time==>> 0.18927
[2025-11-23 10:35:33,228][api.py:21][INFO]: api response json ==>> {
    "data": [
        {
            "id": "8539aebe-0c30-4c95-b5e0-ae9453baeda0",
            "shard_count": 5
        }
    ]
}
[2025-11-23 10:35:33,228][common.py:77][INFO]: Expect response code 200, Actual is 200.
[2025-11-23 10:35:33,229][common.py:77][INFO]: Expect shard count amount 5, Actual is 5.
[2025-11-23 10:35:33,229][api.py:10][INFO]: api url ==>> https://api.twitch.tv/helix/eventsub/conduits
[2025-11-23 10:35:33,230][api.py:11][INFO]: api method==>> GET
[2025-11-23 10:35:33,401][api.py:16][INFO]: api Response Time==>> 0.17118
[2025-11-23 10:35:33,401][api.py:21][INFO]: api response json ==>> {
    "data": [
        {
            "id": "8539aebe-0c30-4c95-b5e0-ae9453baeda0",
            "shard_count": 5
        },
        {
            "id": "95bc8bfd-5cdc-4530-924f-52fa3c678514",
            "shard_count": 1
        },
        {
            "id": "e24906f9-abfc-457b-b562-e90624712f7c",
            "shard_count": 5
        }
    ]
}
[2025-11-23 10:35:33,401][common.py:77][INFO]: Expect response code 200, Actual is 200.
[2025-11-23 10:35:33,402][api.py:10][INFO]: api url ==>> https://api.twitch.tv/helix/eventsub/conduits
[2025-11-23 10:35:33,403][api.py:11][INFO]: api method==>> PATCH
[2025-11-23 10:35:33,589][api.py:16][INFO]: api Response Time==>> 0.18665
[2025-11-23 10:35:33,590][api.py:21][INFO]: api response json ==>> {
    "data": [
        {
            "id": "8539aebe-0c30-4c95-b5e0-ae9453baeda0",
            "shard_count": 3
        }
    ]
}
[2025-11-23 10:35:33,590][common.py:77][INFO]: Expect response code 200, Actual is 200.
[2025-11-23 10:35:33,590][common.py:77][INFO]: Expect update shard count 3, Actual is 3.
[2025-11-23 10:35:33,591][api.py:10][INFO]: api url ==>> https://api.twitch.tv/helix/eventsub/conduits
[2025-11-23 10:35:33,591][api.py:11][INFO]: api method==>> GET
[2025-11-23 10:35:33,763][api.py:16][INFO]: api Response Time==>> 0.17195
[2025-11-23 10:35:33,764][api.py:21][INFO]: api response json ==>> {
    "data": [
        {
            "id": "8539aebe-0c30-4c95-b5e0-ae9453baeda0",
            "shard_count": 3
        },
        {
            "id": "95bc8bfd-5cdc-4530-924f-52fa3c678514",
            "shard_count": 1
        },
        {
            "id": "e24906f9-abfc-457b-b562-e90624712f7c",
            "shard_count": 5
        }
    ]
}
[2025-11-23 10:35:33,764][common.py:77][INFO]: Expect response code 200, Actual is 200.
[2025-11-23 10:35:33,765][api.py:10][INFO]: api url ==>> https://api.twitch.tv/helix/eventsub/conduits
[2025-11-23 10:35:33,765][api.py:11][INFO]: api method==>> DELETE
[2025-11-23 10:35:33,947][api.py:16][INFO]: api Response Time==>> 0.18255
[2025-11-23 10:35:33,948][api.py:21][INFO]: api response json ==>> 
[2025-11-23 10:35:33,948][common.py:77][INFO]: Expect response code 204, Actual is 204.
[2025-11-23 10:35:33,949][api.py:10][INFO]: api url ==>> https://api.twitch.tv/helix/eventsub/conduits
[2025-11-23 10:35:33,949][api.py:11][INFO]: api method==>> GET
[2025-11-23 10:35:34,123][api.py:16][INFO]: api Response Time==>> 0.17416
[2025-11-23 10:35:34,124][api.py:21][INFO]: api response json ==>> {
    "data": [
        {
            "id": "95bc8bfd-5cdc-4530-924f-52fa3c678514",
            "shard_count": 1
        },
        {
            "id": "e24906f9-abfc-457b-b562-e90624712f7c",
            "shard_count": 5
        }
    ]
}
[2025-11-23 10:35:34,124][common.py:77][INFO]: Expect response code 200, Actual is 200.
[2025-11-23 10:35:34,125][common.py:77][INFO]: Expect confuits amount 2, Actual is 2.
[2025-11-23 10:35:34,128][api.py:10][INFO]: api url ==>> https://api.twitch.tv/helix/eventsub/conduits
[2025-11-23 10:35:34,129][api.py:11][INFO]: api method==>> POST
[2025-11-23 10:35:34,306][api.py:16][INFO]: api Response Time==>> 0.17737
[2025-11-23 10:35:34,306][api.py:21][INFO]: api response json ==>> {
    "data": [
        {
            "id": "576dc5e3-a6f8-457a-85bf-46a2cc13dd51",
            "shard_count": 4
        }
    ]
}
[2025-11-23 10:35:34,307][common.py:77][INFO]: Expect response code 200, Actual is 200.
[2025-11-23 10:35:34,308][common.py:77][INFO]: Expect shard count amount 4, Actual is 4.
[2025-11-23 10:35:34,309][api.py:10][INFO]: api url ==>> https://api.twitch.tv/helix/eventsub/conduits
[2025-11-23 10:35:34,309][api.py:11][INFO]: api method==>> GET
[2025-11-23 10:35:34,480][api.py:16][INFO]: api Response Time==>> 0.17055
[2025-11-23 10:35:34,480][api.py:21][INFO]: api response json ==>> {
    "data": [
        {
            "id": "576dc5e3-a6f8-457a-85bf-46a2cc13dd51",
            "shard_count": 4
        },
        {
            "id": "95bc8bfd-5cdc-4530-924f-52fa3c678514",
            "shard_count": 1
        },
        {
            "id": "e24906f9-abfc-457b-b562-e90624712f7c",
            "shard_count": 5
        }
    ]
}
[2025-11-23 10:35:34,481][common.py:77][INFO]: Expect response code 200, Actual is 200.
[2025-11-23 10:35:34,482][api.py:10][INFO]: api url ==>> https://api.twitch.tv/helix/eventsub/conduits
[2025-11-23 10:35:34,482][api.py:11][INFO]: api method==>> PATCH
[2025-11-23 10:35:34,662][api.py:16][INFO]: api Response Time==>> 0.17952
[2025-11-23 10:35:34,662][api.py:21][INFO]: api response json ==>> {
    "data": [
        {
            "id": "576dc5e3-a6f8-457a-85bf-46a2cc13dd51",
            "shard_count": 1
        }
    ]
}
[2025-11-23 10:35:34,663][common.py:77][INFO]: Expect response code 200, Actual is 200.
[2025-11-23 10:35:34,663][common.py:77][INFO]: Expect update shard count 1, Actual is 1.
[2025-11-23 10:35:34,664][api.py:10][INFO]: api url ==>> https://api.twitch.tv/helix/eventsub/conduits
[2025-11-23 10:35:34,664][api.py:11][INFO]: api method==>> GET
[2025-11-23 10:35:34,833][api.py:16][INFO]: api Response Time==>> 0.16912
[2025-11-23 10:35:34,834][api.py:21][INFO]: api response json ==>> {
    "data": [
        {
            "id": "576dc5e3-a6f8-457a-85bf-46a2cc13dd51",
            "shard_count": 1
        },
        {
            "id": "95bc8bfd-5cdc-4530-924f-52fa3c678514",
            "shard_count": 1
        },
        {
            "id": "e24906f9-abfc-457b-b562-e90624712f7c",
            "shard_count": 5
        }
    ]
}
[2025-11-23 10:35:34,834][common.py:77][INFO]: Expect response code 200, Actual is 200.
[2025-11-23 10:35:34,835][api.py:10][INFO]: api url ==>> https://api.twitch.tv/helix/eventsub/conduits
[2025-11-23 10:35:34,835][api.py:11][INFO]: api method==>> DELETE
[2025-11-23 10:35:35,016][api.py:16][INFO]: api Response Time==>> 0.18039
[2025-11-23 10:35:35,016][api.py:21][INFO]: api response json ==>> 
[2025-11-23 10:35:35,017][common.py:77][INFO]: Expect response code 204, Actual is 204.
[2025-11-23 10:35:35,018][api.py:10][INFO]: api url ==>> https://api.twitch.tv/helix/eventsub/conduits
[2025-11-23 10:35:35,018][api.py:11][INFO]: api method==>> GET
[2025-11-23 10:35:35,190][api.py:16][INFO]: api Response Time==>> 0.17175
[2025-11-23 10:35:35,190][api.py:21][INFO]: api response json ==>> {
    "data": [
        {
            "id": "95bc8bfd-5cdc-4530-924f-52fa3c678514",
            "shard_count": 1
        },
        {
            "id": "e24906f9-abfc-457b-b562-e90624712f7c",
            "shard_count": 5
        }
    ]
}
[2025-11-23 10:35:35,191][common.py:77][INFO]: Expect response code 200, Actual is 200.
[2025-11-23 10:35:35,191][common.py:77][INFO]: Expect confuits amount 2, Actual is 2.
[2025-11-23 10:35:35,195][api.py:10][INFO]: api url ==>> https://api.twitch.tv/helix/eventsub/conduits
[2025-11-23 10:35:35,195][api.py:11][INFO]: api method==>> GET
[2025-11-23 10:35:35,365][api.py:16][INFO]: api Response Time==>> 0.17025
[2025-11-23 10:35:35,366][api.py:21][INFO]: api response json ==>> {
    "data": [
        {
            "id": "95bc8bfd-5cdc-4530-924f-52fa3c678514",
            "shard_count": 1
        },
        {
            "id": "e24906f9-abfc-457b-b562-e90624712f7c",
            "shard_count": 5
        }
    ]
}
[2025-11-23 10:35:35,366][common.py:77][INFO]: Expect response code 200, Actual is 200.
[2025-11-23 10:35:35,367][api.py:10][INFO]: api url ==>> https://api.twitch.tv/helix/eventsub/conduits
[2025-11-23 10:35:35,367][api.py:11][INFO]: api method==>> PATCH
[2025-11-23 10:35:35,550][api.py:16][INFO]: api Response Time==>> 0.18317
[2025-11-23 10:35:35,551][api.py:21][INFO]: api response json ==>> {
    "data": [
        {
            "id": "95bc8bfd-5cdc-4530-924f-52fa3c678514",
            "shard_count": 3
        }
    ]
}
[2025-11-23 10:35:35,551][common.py:77][INFO]: Expect response code 200, Actual is 200.
[2025-11-23 10:35:35,552][common.py:77][INFO]: Expect update shard count 3, Actual is 3.
[2025-11-23 10:35:35,555][api.py:10][INFO]: api url ==>> https://api.twitch.tv/helix/eventsub/conduits
[2025-11-23 10:35:35,555][api.py:11][INFO]: api method==>> POST
[2025-11-23 10:35:35,718][api.py:16][INFO]: api Response Time==>> 0.16282
[2025-11-23 10:35:35,719][api.py:21][INFO]: api response json ==>> {
    "error": "Bad Request",
    "status": 400,
    "message": "Missing required parameter \"shard_count\""
}
[2025-11-23 10:35:35,719][common.py:77][INFO]: Expect response code 400, Actual is 400.
[2025-11-23 10:35:35,720][common.py:77][INFO]: Expect response request Bad Request, Actual is Bad Request.
[2025-11-23 10:35:35,720][common.py:77][INFO]: Expect response request Missing required parameter "shard_count", Actual is Missing required parameter "shard_count".
[2025-11-23 10:35:35,720][api.py:10][INFO]: api url ==>> https://api.twitch.tv/helix/eventsub/conduits
[2025-11-23 10:35:35,720][api.py:11][INFO]: api method==>> GET
[2025-11-23 10:35:35,890][api.py:16][INFO]: api Response Time==>> 0.16959
[2025-11-23 10:35:35,890][api.py:21][INFO]: api response json ==>> {
    "data": [
        {
            "id": "95bc8bfd-5cdc-4530-924f-52fa3c678514",
            "shard_count": 3
        },
        {
            "id": "e24906f9-abfc-457b-b562-e90624712f7c",
            "shard_count": 5
        }
    ]
}
[2025-11-23 10:35:35,891][common.py:77][INFO]: Expect response code 200, Actual is 200.
[2025-11-23 10:35:35,892][api.py:10][INFO]: api url ==>> https://api.twitch.tv/helix/eventsub/conduits
[2025-11-23 10:35:35,892][api.py:11][INFO]: api method==>> PATCH
[2025-11-23 10:35:36,068][api.py:16][INFO]: api Response Time==>> 0.17583
[2025-11-23 10:35:36,068][api.py:21][INFO]: api response json ==>> {
    "data": [
        {
            "id": "95bc8bfd-5cdc-4530-924f-52fa3c678514",
            "shard_count": 1
        }
    ]
}
[2025-11-23 10:35:36,069][common.py:77][INFO]: Expect response code 200, Actual is 200.
[2025-11-23 10:35:36,069][common.py:77][INFO]: Expect update shard count 1, Actual is 1.
