[2025-11-23 09:55:24,765][api.py:23][INFO]: api url ==>> https://api.twitch.tv/helix/eventsub/conduits
[2025-11-23 09:55:24,765][api.py:24][INFO]: api method==>> POST
[2025-11-23 09:55:24,765][api.py:31][INFO]: api request header ==>> {
    "Authorization": "Bearer tzsuzaf4lt7fox2e0accbcwp16jt85",
    "Client-Id": "wyw8mywhjevtgkhqzajrkucevjws7s"
}
[2025-11-23 09:55:24,969][api.py:55][INFO]: api Response Time==>> 0.2037
[2025-11-23 09:55:24,969][api.py:63][INFO]: api response json ==>> {
    "data": [
        {
            "id": "1d3ee90f-5395-48f7-ab79-eca441b0e845",
            "shard_count": 5
        }
    ]
}
[2025-11-23 09:55:24,969][common.py:104][INFO]: Expect response code is 200, Actual is 200.
[2025-11-23 09:55:24,969][common.py:104][INFO]: Expect shard count amount is 5, Actual is 5.
[2025-11-23 09:55:24,969][api.py:23][INFO]: api url ==>> https://api.twitch.tv/helix/eventsub/conduits
[2025-11-23 09:55:24,970][api.py:24][INFO]: api method==>> GET
[2025-11-23 09:55:24,970][api.py:31][INFO]: api request header ==>> {
    "Authorization": "Bearer tzsuzaf4lt7fox2e0accbcwp16jt85",
    "Client-Id": "wyw8mywhjevtgkhqzajrkucevjws7s"
}
[2025-11-23 09:55:25,135][api.py:55][INFO]: api Response Time==>> 0.16519
[2025-11-23 09:55:25,135][api.py:63][INFO]: api response json ==>> {
    "data": [
        {
            "id": "1d3ee90f-5395-48f7-ab79-eca441b0e845",
            "shard_count": 5
        },
        {
            "id": "95bc8bfd-5cdc-4530-924f-52fa3c678514",
            "shard_count": 4
        },
        {
            "id": "e24906f9-abfc-457b-b562-e90624712f7c",
            "shard_count": 5
        }
    ]
}
[2025-11-23 09:55:25,135][common.py:104][INFO]: Expect response code is 200, Actual is 200.
[2025-11-23 09:55:25,136][api.py:23][INFO]: api url ==>> https://api.twitch.tv/helix/eventsub/conduits
[2025-11-23 09:55:25,137][api.py:24][INFO]: api method==>> PATCH
[2025-11-23 09:55:25,137][api.py:31][INFO]: api request header ==>> {
    "Authorization": "Bearer tzsuzaf4lt7fox2e0accbcwp16jt85",
    "Client-Id": "wyw8mywhjevtgkhqzajrkucevjws7s"
}
[2025-11-23 09:55:25,313][api.py:55][INFO]: api Response Time==>> 0.17653
[2025-11-23 09:55:25,314][api.py:63][INFO]: api response json ==>> {
    "data": [
        {
            "id": "1d3ee90f-5395-48f7-ab79-eca441b0e845",
            "shard_count": 3
        }
    ]
}
[2025-11-23 09:55:25,314][common.py:104][INFO]: Expect response code is 200, Actual is 200.
[2025-11-23 09:55:25,315][common.py:104][INFO]: Expect update shard count is 3, Actual is 3.
[2025-11-23 09:55:25,315][api.py:23][INFO]: api url ==>> https://api.twitch.tv/helix/eventsub/conduits
[2025-11-23 09:55:25,316][api.py:24][INFO]: api method==>> GET
[2025-11-23 09:55:25,316][api.py:31][INFO]: api request header ==>> {
    "Authorization": "Bearer tzsuzaf4lt7fox2e0accbcwp16jt85",
    "Client-Id": "wyw8mywhjevtgkhqzajrkucevjws7s"
}
[2025-11-23 09:55:25,489][api.py:55][INFO]: api Response Time==>> 0.17385
[2025-11-23 09:55:25,490][api.py:63][INFO]: api response json ==>> {
    "data": [
        {
            "id": "1d3ee90f-5395-48f7-ab79-eca441b0e845",
            "shard_count": 3
        },
        {
            "id": "95bc8bfd-5cdc-4530-924f-52fa3c678514",
            "shard_count": 4
        },
        {
            "id": "e24906f9-abfc-457b-b562-e90624712f7c",
            "shard_count": 5
        }
    ]
}
[2025-11-23 09:55:25,490][common.py:104][INFO]: Expect response code is 200, Actual is 200.
[2025-11-23 09:55:25,491][api.py:23][INFO]: api url ==>> https://api.twitch.tv/helix/eventsub/conduits
[2025-11-23 09:55:25,492][api.py:24][INFO]: api method==>> DELETE
[2025-11-23 09:55:25,492][api.py:31][INFO]: api request header ==>> {
    "Authorization": "Bearer tzsuzaf4lt7fox2e0accbcwp16jt85",
    "Client-Id": "wyw8mywhjevtgkhqzajrkucevjws7s"
}
[2025-11-23 09:55:25,936][api.py:55][INFO]: api Response Time==>> 0.44491
[2025-11-23 09:55:25,937][api.py:63][INFO]: api response json ==>> 
[2025-11-23 09:55:25,938][common.py:104][INFO]: Expect response code is 204, Actual is 204.
[2025-11-23 09:55:25,939][api.py:23][INFO]: api url ==>> https://api.twitch.tv/helix/eventsub/conduits
[2025-11-23 09:55:25,939][api.py:24][INFO]: api method==>> GET
[2025-11-23 09:55:25,939][api.py:31][INFO]: api request header ==>> {
    "Authorization": "Bearer tzsuzaf4lt7fox2e0accbcwp16jt85",
    "Client-Id": "wyw8mywhjevtgkhqzajrkucevjws7s"
}
[2025-11-23 09:55:26,112][api.py:55][INFO]: api Response Time==>> 0.17328
[2025-11-23 09:55:26,113][api.py:63][INFO]: api response json ==>> {
    "data": [
        {
            "id": "95bc8bfd-5cdc-4530-924f-52fa3c678514",
            "shard_count": 4
        },
        {
            "id": "e24906f9-abfc-457b-b562-e90624712f7c",
            "shard_count": 5
        }
    ]
}
[2025-11-23 09:55:26,113][common.py:104][INFO]: Expect response code is 200, Actual is 200.
[2025-11-23 09:55:26,114][common.py:104][INFO]: Expect confuits amount is 2, Actual is 2.
[2025-11-23 09:55:26,118][api.py:23][INFO]: api url ==>> https://api.twitch.tv/helix/eventsub/conduits
[2025-11-23 09:55:26,118][api.py:24][INFO]: api method==>> POST
[2025-11-23 09:55:26,118][api.py:31][INFO]: api request header ==>> {
    "Authorization": "Bearer tzsuzaf4lt7fox2e0accbcwp16jt85",
    "Client-Id": "wyw8mywhjevtgkhqzajrkucevjws7s"
}
[2025-11-23 09:55:26,300][api.py:55][INFO]: api Response Time==>> 0.18217
[2025-11-23 09:55:26,301][api.py:63][INFO]: api response json ==>> {
    "data": [
        {
            "id": "c23c2369-5b1b-416f-bb0f-c8f64a2dce48",
            "shard_count": 4
        }
    ]
}
[2025-11-23 09:55:26,301][common.py:104][INFO]: Expect response code is 200, Actual is 200.
[2025-11-23 09:55:26,302][common.py:104][INFO]: Expect shard count amount is 4, Actual is 4.
[2025-11-23 09:55:26,303][api.py:23][INFO]: api url ==>> https://api.twitch.tv/helix/eventsub/conduits
[2025-11-23 09:55:26,303][api.py:24][INFO]: api method==>> GET
[2025-11-23 09:55:26,303][api.py:31][INFO]: api request header ==>> {
    "Authorization": "Bearer tzsuzaf4lt7fox2e0accbcwp16jt85",
    "Client-Id": "wyw8mywhjevtgkhqzajrkucevjws7s"
}
[2025-11-23 09:55:26,471][api.py:55][INFO]: api Response Time==>> 0.16857
[2025-11-23 09:55:26,472][api.py:63][INFO]: api response json ==>> {
    "data": [
        {
            "id": "c23c2369-5b1b-416f-bb0f-c8f64a2dce48",
            "shard_count": 4
        },
        {
            "id": "95bc8bfd-5cdc-4530-924f-52fa3c678514",
            "shard_count": 4
        },
        {
            "id": "e24906f9-abfc-457b-b562-e90624712f7c",
            "shard_count": 5
        }
    ]
}
[2025-11-23 09:55:26,472][common.py:104][INFO]: Expect response code is 200, Actual is 200.
[2025-11-23 09:55:26,474][api.py:23][INFO]: api url ==>> https://api.twitch.tv/helix/eventsub/conduits
[2025-11-23 09:55:26,474][api.py:24][INFO]: api method==>> PATCH
[2025-11-23 09:55:26,474][api.py:31][INFO]: api request header ==>> {
    "Authorization": "Bearer tzsuzaf4lt7fox2e0accbcwp16jt85",
    "Client-Id": "wyw8mywhjevtgkhqzajrkucevjws7s"
}
[2025-11-23 09:55:26,648][api.py:55][INFO]: api Response Time==>> 0.17384
[2025-11-23 09:55:26,648][api.py:63][INFO]: api response json ==>> {
    "data": [
        {
            "id": "c23c2369-5b1b-416f-bb0f-c8f64a2dce48",
            "shard_count": 1
        }
    ]
}
[2025-11-23 09:55:26,649][common.py:104][INFO]: Expect response code is 200, Actual is 200.
[2025-11-23 09:55:26,650][common.py:104][INFO]: Expect update shard count is 1, Actual is 1.
[2025-11-23 09:55:26,650][api.py:23][INFO]: api url ==>> https://api.twitch.tv/helix/eventsub/conduits
[2025-11-23 09:55:26,650][api.py:24][INFO]: api method==>> GET
[2025-11-23 09:55:26,651][api.py:31][INFO]: api request header ==>> {
    "Authorization": "Bearer tzsuzaf4lt7fox2e0accbcwp16jt85",
    "Client-Id": "wyw8mywhjevtgkhqzajrkucevjws7s"
}
[2025-11-23 09:55:26,821][api.py:55][INFO]: api Response Time==>> 0.17039
[2025-11-23 09:55:26,822][api.py:63][INFO]: api response json ==>> {
    "data": [
        {
            "id": "c23c2369-5b1b-416f-bb0f-c8f64a2dce48",
            "shard_count": 1
        },
        {
            "id": "95bc8bfd-5cdc-4530-924f-52fa3c678514",
            "shard_count": 4
        },
        {
            "id": "e24906f9-abfc-457b-b562-e90624712f7c",
            "shard_count": 5
        }
    ]
}
[2025-11-23 09:55:26,822][common.py:104][INFO]: Expect response code is 200, Actual is 200.
[2025-11-23 09:55:26,823][api.py:23][INFO]: api url ==>> https://api.twitch.tv/helix/eventsub/conduits
[2025-11-23 09:55:26,823][api.py:24][INFO]: api method==>> DELETE
[2025-11-23 09:55:26,823][api.py:31][INFO]: api request header ==>> {
    "Authorization": "Bearer tzsuzaf4lt7fox2e0accbcwp16jt85",
    "Client-Id": "wyw8mywhjevtgkhqzajrkucevjws7s"
}
[2025-11-23 09:55:27,006][api.py:55][INFO]: api Response Time==>> 0.18222
[2025-11-23 09:55:27,006][api.py:63][INFO]: api response json ==>> 
[2025-11-23 09:55:27,007][common.py:104][INFO]: Expect response code is 204, Actual is 204.
[2025-11-23 09:55:27,008][api.py:23][INFO]: api url ==>> https://api.twitch.tv/helix/eventsub/conduits
[2025-11-23 09:55:27,008][api.py:24][INFO]: api method==>> GET
[2025-11-23 09:55:27,008][api.py:31][INFO]: api request header ==>> {
    "Authorization": "Bearer tzsuzaf4lt7fox2e0accbcwp16jt85",
    "Client-Id": "wyw8mywhjevtgkhqzajrkucevjws7s"
}
[2025-11-23 09:55:27,183][api.py:55][INFO]: api Response Time==>> 0.17454
[2025-11-23 09:55:27,183][api.py:63][INFO]: api response json ==>> {
    "data": [
        {
            "id": "95bc8bfd-5cdc-4530-924f-52fa3c678514",
            "shard_count": 4
        },
        {
            "id": "e24906f9-abfc-457b-b562-e90624712f7c",
            "shard_count": 5
        }
    ]
}
[2025-11-23 09:55:27,184][common.py:104][INFO]: Expect response code is 200, Actual is 200.
[2025-11-23 09:55:27,184][common.py:104][INFO]: Expect confuits amount is 2, Actual is 2.
[2025-11-23 09:55:27,188][api.py:23][INFO]: api url ==>> https://api.twitch.tv/helix/eventsub/conduits
[2025-11-23 09:55:27,188][api.py:24][INFO]: api method==>> GET
[2025-11-23 09:55:27,188][api.py:31][INFO]: api request header ==>> {
    "Authorization": "Bearer tzsuzaf4lt7fox2e0accbcwp16jt85",
    "Client-Id": "wyw8mywhjevtgkhqzajrkucevjws7s"
}
[2025-11-23 09:55:27,358][api.py:55][INFO]: api Response Time==>> 0.17013
[2025-11-23 09:55:27,359][api.py:63][INFO]: api response json ==>> {
    "data": [
        {
            "id": "95bc8bfd-5cdc-4530-924f-52fa3c678514",
            "shard_count": 4
        },
        {
            "id": "e24906f9-abfc-457b-b562-e90624712f7c",
            "shard_count": 5
        }
    ]
}
[2025-11-23 09:55:27,359][common.py:104][INFO]: Expect response code is 200, Actual is 200.
[2025-11-23 09:55:27,360][api.py:23][INFO]: api url ==>> https://api.twitch.tv/helix/eventsub/conduits
[2025-11-23 09:55:27,361][api.py:24][INFO]: api method==>> PATCH
[2025-11-23 09:55:27,361][api.py:31][INFO]: api request header ==>> {
    "Authorization": "Bearer tzsuzaf4lt7fox2e0accbcwp16jt85",
    "Client-Id": "wyw8mywhjevtgkhqzajrkucevjws7s"
}
[2025-11-23 09:55:27,543][api.py:55][INFO]: api Response Time==>> 0.18265
[2025-11-23 09:55:27,544][api.py:63][INFO]: api response json ==>> {
    "data": [
        {
            "id": "95bc8bfd-5cdc-4530-924f-52fa3c678514",
            "shard_count": 3
        }
    ]
}
[2025-11-23 09:55:27,545][common.py:104][INFO]: Expect response code is 200, Actual is 200.
[2025-11-23 09:55:27,545][common.py:104][INFO]: Expect update shard count is 3, Actual is 3.
[2025-11-23 09:55:27,549][api.py:23][INFO]: api url ==>> https://api.twitch.tv/helix/eventsub/conduits
[2025-11-23 09:55:27,549][api.py:24][INFO]: api method==>> POST
[2025-11-23 09:55:27,549][api.py:31][INFO]: api request header ==>> {
    "Authorization": "Bearer tzsuzaf4lt7fox2e0accbcwp16jt85",
    "Client-Id": "wyw8mywhjevtgkhqzajrkucevjws7s"
}
[2025-11-23 09:55:27,709][api.py:55][INFO]: api Response Time==>> 0.16027
[2025-11-23 09:55:27,710][api.py:63][INFO]: api response json ==>> {
    "error": "Bad Request",
    "status": 400,
    "message": "Missing required parameter \"shard_count\""
}
[2025-11-23 09:55:27,710][common.py:104][INFO]: Expect response code is 400, Actual is 400.
[2025-11-23 09:55:27,711][common.py:104][INFO]: Expect response request is Bad Request, Actual is Bad Request.
[2025-11-23 09:55:27,711][common.py:104][INFO]: Expect response request is Missing required parameter "shard_count", Actual is Missing required parameter "shard_count".
[2025-11-23 09:55:27,712][api.py:23][INFO]: api url ==>> https://api.twitch.tv/helix/eventsub/conduits
[2025-11-23 09:55:27,712][api.py:24][INFO]: api method==>> GET
[2025-11-23 09:55:27,712][api.py:31][INFO]: api request header ==>> {
    "Authorization": "Bearer tzsuzaf4lt7fox2e0accbcwp16jt85",
    "Client-Id": "wyw8mywhjevtgkhqzajrkucevjws7s"
}
[2025-11-23 09:55:27,882][api.py:55][INFO]: api Response Time==>> 0.16999
[2025-11-23 09:55:27,883][api.py:63][INFO]: api response json ==>> {
    "data": [
        {
            "id": "95bc8bfd-5cdc-4530-924f-52fa3c678514",
            "shard_count": 3
        },
        {
            "id": "e24906f9-abfc-457b-b562-e90624712f7c",
            "shard_count": 5
        }
    ]
}
[2025-11-23 09:55:27,883][common.py:104][INFO]: Expect response code is 200, Actual is 200.
[2025-11-23 09:55:27,885][api.py:23][INFO]: api url ==>> https://api.twitch.tv/helix/eventsub/conduits
[2025-11-23 09:55:27,885][api.py:24][INFO]: api method==>> PATCH
[2025-11-23 09:55:27,885][api.py:31][INFO]: api request header ==>> {
    "Authorization": "Bearer tzsuzaf4lt7fox2e0accbcwp16jt85",
    "Client-Id": "wyw8mywhjevtgkhqzajrkucevjws7s"
}
[2025-11-23 09:55:28,061][api.py:55][INFO]: api Response Time==>> 0.17641
[2025-11-23 09:55:28,062][api.py:63][INFO]: api response json ==>> {
    "data": [
        {
            "id": "95bc8bfd-5cdc-4530-924f-52fa3c678514",
            "shard_count": 1
        }
    ]
}
[2025-11-23 09:55:28,062][common.py:104][INFO]: Expect response code is 200, Actual is 200.
[2025-11-23 09:55:28,063][common.py:104][INFO]: Expect update shard count is 1, Actual is 1.
[2025-11-23 09:55:33,108][api.py:23][INFO]: api url ==>> https://api.twitch.tv/helix/eventsub/conduits
[2025-11-23 09:55:33,109][api.py:24][INFO]: api method==>> POST
[2025-11-23 09:55:33,109][api.py:31][INFO]: api request header ==>> {
    "Authorization": "Bearer 5zzjv7a65y6ayb7ox8ct8ot8zmsydf",
    "Client-Id": "wyw8mywhjevtgkhqzajrkucevjws7s"
}
[2025-11-23 09:55:33,287][api.py:55][INFO]: api Response Time==>> 0.17868
[2025-11-23 09:55:33,288][api.py:63][INFO]: api response json ==>> {
    "data": [
        {
            "id": "7712e776-31d5-4570-8f43-779170501a7a",
            "shard_count": 5
        }
    ]
}
[2025-11-23 09:55:33,288][common.py:104][INFO]: Expect response code is 200, Actual is 200.
[2025-11-23 09:55:33,289][common.py:104][INFO]: Expect shard count amount is 5, Actual is 5.
[2025-11-23 09:55:33,289][api.py:23][INFO]: api url ==>> https://api.twitch.tv/helix/eventsub/conduits
[2025-11-23 09:55:33,290][api.py:24][INFO]: api method==>> GET
[2025-11-23 09:55:33,290][api.py:31][INFO]: api request header ==>> {
    "Authorization": "Bearer 5zzjv7a65y6ayb7ox8ct8ot8zmsydf",
    "Client-Id": "wyw8mywhjevtgkhqzajrkucevjws7s"
}
[2025-11-23 09:55:33,461][api.py:55][INFO]: api Response Time==>> 0.17184
[2025-11-23 09:55:33,462][api.py:63][INFO]: api response json ==>> {
    "data": [
        {
            "id": "7712e776-31d5-4570-8f43-779170501a7a",
            "shard_count": 5
        },
        {
            "id": "95bc8bfd-5cdc-4530-924f-52fa3c678514",
            "shard_count": 1
        },
        {
            "id": "e24906f9-abfc-457b-b562-e90624712f7c",
            "shard_count": 5
        }
    ]
}
[2025-11-23 09:55:33,463][common.py:104][INFO]: Expect response code is 200, Actual is 200.
[2025-11-23 09:55:33,464][api.py:23][INFO]: api url ==>> https://api.twitch.tv/helix/eventsub/conduits
[2025-11-23 09:55:33,464][api.py:24][INFO]: api method==>> PATCH
[2025-11-23 09:55:33,464][api.py:31][INFO]: api request header ==>> {
    "Authorization": "Bearer 5zzjv7a65y6ayb7ox8ct8ot8zmsydf",
    "Client-Id": "wyw8mywhjevtgkhqzajrkucevjws7s"
}
[2025-11-23 09:55:33,640][api.py:55][INFO]: api Response Time==>> 0.17595
[2025-11-23 09:55:33,641][api.py:63][INFO]: api response json ==>> {
    "data": [
        {
            "id": "7712e776-31d5-4570-8f43-779170501a7a",
            "shard_count": 3
        }
    ]
}
[2025-11-23 09:55:33,641][common.py:104][INFO]: Expect response code is 200, Actual is 200.
[2025-11-23 09:55:33,642][common.py:104][INFO]: Expect update shard count is 3, Actual is 3.
[2025-11-23 09:55:33,642][api.py:23][INFO]: api url ==>> https://api.twitch.tv/helix/eventsub/conduits
[2025-11-23 09:55:33,643][api.py:24][INFO]: api method==>> GET
[2025-11-23 09:55:33,643][api.py:31][INFO]: api request header ==>> {
    "Authorization": "Bearer 5zzjv7a65y6ayb7ox8ct8ot8zmsydf",
    "Client-Id": "wyw8mywhjevtgkhqzajrkucevjws7s"
}
[2025-11-23 09:55:33,813][api.py:55][INFO]: api Response Time==>> 0.17022
[2025-11-23 09:55:33,814][api.py:63][INFO]: api response json ==>> {
    "data": [
        {
            "id": "7712e776-31d5-4570-8f43-779170501a7a",
            "shard_count": 3
        },
        {
            "id": "95bc8bfd-5cdc-4530-924f-52fa3c678514",
            "shard_count": 1
        },
        {
            "id": "e24906f9-abfc-457b-b562-e90624712f7c",
            "shard_count": 5
        }
    ]
}
[2025-11-23 09:55:33,814][common.py:104][INFO]: Expect response code is 200, Actual is 200.
[2025-11-23 09:55:33,815][api.py:23][INFO]: api url ==>> https://api.twitch.tv/helix/eventsub/conduits
[2025-11-23 09:55:33,815][api.py:24][INFO]: api method==>> DELETE
[2025-11-23 09:55:33,815][api.py:31][INFO]: api request header ==>> {
    "Authorization": "Bearer 5zzjv7a65y6ayb7ox8ct8ot8zmsydf",
    "Client-Id": "wyw8mywhjevtgkhqzajrkucevjws7s"
}
[2025-11-23 09:55:33,996][api.py:55][INFO]: api Response Time==>> 0.18078
[2025-11-23 09:55:33,997][api.py:63][INFO]: api response json ==>> 
[2025-11-23 09:55:33,997][common.py:104][INFO]: Expect response code is 204, Actual is 204.
[2025-11-23 09:55:33,998][api.py:23][INFO]: api url ==>> https://api.twitch.tv/helix/eventsub/conduits
[2025-11-23 09:55:33,998][api.py:24][INFO]: api method==>> GET
[2025-11-23 09:55:33,998][api.py:31][INFO]: api request header ==>> {
    "Authorization": "Bearer 5zzjv7a65y6ayb7ox8ct8ot8zmsydf",
    "Client-Id": "wyw8mywhjevtgkhqzajrkucevjws7s"
}
[2025-11-23 09:55:34,168][api.py:55][INFO]: api Response Time==>> 0.17042
[2025-11-23 09:55:34,169][api.py:63][INFO]: api response json ==>> {
    "data": [
        {
            "id": "95bc8bfd-5cdc-4530-924f-52fa3c678514",
            "shard_count": 1
        },
        {
            "id": "e24906f9-abfc-457b-b562-e90624712f7c",
            "shard_count": 5
        }
    ]
}
[2025-11-23 09:55:34,169][common.py:104][INFO]: Expect response code is 200, Actual is 200.
[2025-11-23 09:55:34,170][common.py:104][INFO]: Expect confuits amount is 2, Actual is 2.
[2025-11-23 09:55:34,176][api.py:23][INFO]: api url ==>> https://api.twitch.tv/helix/eventsub/conduits
[2025-11-23 09:55:34,176][api.py:24][INFO]: api method==>> POST
[2025-11-23 09:55:34,176][api.py:31][INFO]: api request header ==>> {
    "Authorization": "Bearer 5zzjv7a65y6ayb7ox8ct8ot8zmsydf",
    "Client-Id": "wyw8mywhjevtgkhqzajrkucevjws7s"
}
[2025-11-23 09:55:34,351][api.py:55][INFO]: api Response Time==>> 0.17575
[2025-11-23 09:55:34,353][api.py:63][INFO]: api response json ==>> {
    "data": [
        {
            "id": "cbf4834d-faf7-4813-ac81-c8037cc72925",
            "shard_count": 4
        }
    ]
}
[2025-11-23 09:55:34,353][common.py:104][INFO]: Expect response code is 200, Actual is 200.
[2025-11-23 09:55:34,354][common.py:104][INFO]: Expect shard count amount is 4, Actual is 4.
[2025-11-23 09:55:34,354][api.py:23][INFO]: api url ==>> https://api.twitch.tv/helix/eventsub/conduits
[2025-11-23 09:55:34,355][api.py:24][INFO]: api method==>> GET
[2025-11-23 09:55:34,355][api.py:31][INFO]: api request header ==>> {
    "Authorization": "Bearer 5zzjv7a65y6ayb7ox8ct8ot8zmsydf",
    "Client-Id": "wyw8mywhjevtgkhqzajrkucevjws7s"
}
[2025-11-23 09:55:34,527][api.py:55][INFO]: api Response Time==>> 0.17222
[2025-11-23 09:55:34,528][api.py:63][INFO]: api response json ==>> {
    "data": [
        {
            "id": "cbf4834d-faf7-4813-ac81-c8037cc72925",
            "shard_count": 4
        },
        {
            "id": "95bc8bfd-5cdc-4530-924f-52fa3c678514",
            "shard_count": 1
        },
        {
            "id": "e24906f9-abfc-457b-b562-e90624712f7c",
            "shard_count": 5
        }
    ]
}
[2025-11-23 09:55:34,528][common.py:104][INFO]: Expect response code is 200, Actual is 200.
[2025-11-23 09:55:34,529][api.py:23][INFO]: api url ==>> https://api.twitch.tv/helix/eventsub/conduits
[2025-11-23 09:55:34,529][api.py:24][INFO]: api method==>> PATCH
[2025-11-23 09:55:34,530][api.py:31][INFO]: api request header ==>> {
    "Authorization": "Bearer 5zzjv7a65y6ayb7ox8ct8ot8zmsydf",
    "Client-Id": "wyw8mywhjevtgkhqzajrkucevjws7s"
}
[2025-11-23 09:55:34,706][api.py:55][INFO]: api Response Time==>> 0.17664
[2025-11-23 09:55:34,707][api.py:63][INFO]: api response json ==>> {
    "data": [
        {
            "id": "cbf4834d-faf7-4813-ac81-c8037cc72925",
            "shard_count": 1
        }
    ]
}
[2025-11-23 09:55:34,707][common.py:104][INFO]: Expect response code is 200, Actual is 200.
[2025-11-23 09:55:34,708][common.py:104][INFO]: Expect update shard count is 1, Actual is 1.
[2025-11-23 09:55:34,708][api.py:23][INFO]: api url ==>> https://api.twitch.tv/helix/eventsub/conduits
[2025-11-23 09:55:34,708][api.py:24][INFO]: api method==>> GET
[2025-11-23 09:55:34,708][api.py:31][INFO]: api request header ==>> {
    "Authorization": "Bearer 5zzjv7a65y6ayb7ox8ct8ot8zmsydf",
    "Client-Id": "wyw8mywhjevtgkhqzajrkucevjws7s"
}
[2025-11-23 09:55:34,877][api.py:55][INFO]: api Response Time==>> 0.16904
[2025-11-23 09:55:34,878][api.py:63][INFO]: api response json ==>> {
    "data": [
        {
            "id": "cbf4834d-faf7-4813-ac81-c8037cc72925",
            "shard_count": 1
        },
        {
            "id": "95bc8bfd-5cdc-4530-924f-52fa3c678514",
            "shard_count": 1
        },
        {
            "id": "e24906f9-abfc-457b-b562-e90624712f7c",
            "shard_count": 5
        }
    ]
}
[2025-11-23 09:55:34,879][common.py:104][INFO]: Expect response code is 200, Actual is 200.
[2025-11-23 09:55:34,879][api.py:23][INFO]: api url ==>> https://api.twitch.tv/helix/eventsub/conduits
[2025-11-23 09:55:34,880][api.py:24][INFO]: api method==>> DELETE
[2025-11-23 09:55:34,880][api.py:31][INFO]: api request header ==>> {
    "Authorization": "Bearer 5zzjv7a65y6ayb7ox8ct8ot8zmsydf",
    "Client-Id": "wyw8mywhjevtgkhqzajrkucevjws7s"
}
[2025-11-23 09:55:35,058][api.py:55][INFO]: api Response Time==>> 0.17834
[2025-11-23 09:55:35,059][api.py:63][INFO]: api response json ==>> 
[2025-11-23 09:55:35,059][common.py:104][INFO]: Expect response code is 204, Actual is 204.
[2025-11-23 09:55:35,060][api.py:23][INFO]: api url ==>> https://api.twitch.tv/helix/eventsub/conduits
[2025-11-23 09:55:35,060][api.py:24][INFO]: api method==>> GET
[2025-11-23 09:55:35,060][api.py:31][INFO]: api request header ==>> {
    "Authorization": "Bearer 5zzjv7a65y6ayb7ox8ct8ot8zmsydf",
    "Client-Id": "wyw8mywhjevtgkhqzajrkucevjws7s"
}
[2025-11-23 09:55:35,233][api.py:55][INFO]: api Response Time==>> 0.17275
[2025-11-23 09:55:35,234][api.py:63][INFO]: api response json ==>> {
    "data": [
        {
            "id": "95bc8bfd-5cdc-4530-924f-52fa3c678514",
            "shard_count": 1
        },
        {
            "id": "e24906f9-abfc-457b-b562-e90624712f7c",
            "shard_count": 5
        }
    ]
}
[2025-11-23 09:55:35,234][common.py:104][INFO]: Expect response code is 200, Actual is 200.
[2025-11-23 09:55:35,235][common.py:104][INFO]: Expect confuits amount is 2, Actual is 2.
[2025-11-23 09:55:35,238][api.py:23][INFO]: api url ==>> https://api.twitch.tv/helix/eventsub/conduits
[2025-11-23 09:55:35,239][api.py:24][INFO]: api method==>> GET
[2025-11-23 09:55:35,239][api.py:31][INFO]: api request header ==>> {
    "Authorization": "Bearer 5zzjv7a65y6ayb7ox8ct8ot8zmsydf",
    "Client-Id": "wyw8mywhjevtgkhqzajrkucevjws7s"
}
[2025-11-23 09:55:35,407][api.py:55][INFO]: api Response Time==>> 0.16839
[2025-11-23 09:55:35,408][api.py:63][INFO]: api response json ==>> {
    "data": [
        {
            "id": "95bc8bfd-5cdc-4530-924f-52fa3c678514",
            "shard_count": 1
        },
        {
            "id": "e24906f9-abfc-457b-b562-e90624712f7c",
            "shard_count": 5
        }
    ]
}
[2025-11-23 09:55:35,408][common.py:104][INFO]: Expect response code is 200, Actual is 200.
[2025-11-23 09:55:35,409][api.py:23][INFO]: api url ==>> https://api.twitch.tv/helix/eventsub/conduits
[2025-11-23 09:55:35,409][api.py:24][INFO]: api method==>> PATCH
[2025-11-23 09:55:35,409][api.py:31][INFO]: api request header ==>> {
    "Authorization": "Bearer 5zzjv7a65y6ayb7ox8ct8ot8zmsydf",
    "Client-Id": "wyw8mywhjevtgkhqzajrkucevjws7s"
}
[2025-11-23 09:55:35,585][api.py:55][INFO]: api Response Time==>> 0.17594
[2025-11-23 09:55:35,586][api.py:63][INFO]: api response json ==>> {
    "data": [
        {
            "id": "95bc8bfd-5cdc-4530-924f-52fa3c678514",
            "shard_count": 3
        }
    ]
}
[2025-11-23 09:55:35,586][common.py:104][INFO]: Expect response code is 200, Actual is 200.
[2025-11-23 09:55:35,587][common.py:104][INFO]: Expect update shard count is 3, Actual is 3.
[2025-11-23 09:55:35,590][api.py:23][INFO]: api url ==>> https://api.twitch.tv/helix/eventsub/conduits
[2025-11-23 09:55:35,590][api.py:24][INFO]: api method==>> POST
[2025-11-23 09:55:35,590][api.py:31][INFO]: api request header ==>> {
    "Authorization": "Bearer 5zzjv7a65y6ayb7ox8ct8ot8zmsydf",
    "Client-Id": "wyw8mywhjevtgkhqzajrkucevjws7s"
}
[2025-11-23 09:55:35,752][api.py:55][INFO]: api Response Time==>> 0.16241
[2025-11-23 09:55:35,753][api.py:63][INFO]: api response json ==>> {
    "error": "Bad Request",
    "status": 400,
    "message": "Missing required parameter \"shard_count\""
}
[2025-11-23 09:55:35,753][common.py:104][INFO]: Expect response code is 400, Actual is 400.
[2025-11-23 09:55:35,754][common.py:104][INFO]: Expect response request is Bad Request, Actual is Bad Request.
[2025-11-23 09:55:35,754][common.py:104][INFO]: Expect response request is Missing required parameter "shard_count", Actual is Missing required parameter "shard_count".
[2025-11-23 09:55:35,755][api.py:23][INFO]: api url ==>> https://api.twitch.tv/helix/eventsub/conduits
[2025-11-23 09:55:35,755][api.py:24][INFO]: api method==>> GET
[2025-11-23 09:55:35,755][api.py:31][INFO]: api request header ==>> {
    "Authorization": "Bearer 5zzjv7a65y6ayb7ox8ct8ot8zmsydf",
    "Client-Id": "wyw8mywhjevtgkhqzajrkucevjws7s"
}
[2025-11-23 09:55:35,929][api.py:55][INFO]: api Response Time==>> 0.17394
[2025-11-23 09:55:35,930][api.py:63][INFO]: api response json ==>> {
    "data": [
        {
            "id": "95bc8bfd-5cdc-4530-924f-52fa3c678514",
            "shard_count": 3
        },
        {
            "id": "e24906f9-abfc-457b-b562-e90624712f7c",
            "shard_count": 5
        }
    ]
}
[2025-11-23 09:55:35,930][common.py:104][INFO]: Expect response code is 200, Actual is 200.
[2025-11-23 09:55:35,932][api.py:23][INFO]: api url ==>> https://api.twitch.tv/helix/eventsub/conduits
[2025-11-23 09:55:35,932][api.py:24][INFO]: api method==>> PATCH
[2025-11-23 09:55:35,933][api.py:31][INFO]: api request header ==>> {
    "Authorization": "Bearer 5zzjv7a65y6ayb7ox8ct8ot8zmsydf",
    "Client-Id": "wyw8mywhjevtgkhqzajrkucevjws7s"
}
[2025-11-23 09:55:36,114][api.py:55][INFO]: api Response Time==>> 0.18166
[2025-11-23 09:55:36,114][api.py:63][INFO]: api response json ==>> {
    "data": [
        {
            "id": "95bc8bfd-5cdc-4530-924f-52fa3c678514",
            "shard_count": 1
        }
    ]
}
[2025-11-23 09:55:36,115][common.py:104][INFO]: Expect response code is 200, Actual is 200.
[2025-11-23 09:55:36,116][common.py:104][INFO]: Expect update shard count is 1, Actual is 1.
