[2025-11-23 09:42:48,522][api.py:17][INFO]: RestSelfURL: https://api.twitch.tv
[2025-11-23 09:42:48,522][api.py:23][INFO]: api url ==>> https://api.twitch.tv/helix/eventsub/conduits
[2025-11-23 09:42:48,523][api.py:24][INFO]: api method==>> POST
[2025-11-23 09:42:48,523][api.py:31][INFO]: api request header ==>> {
    "Authorization": "Bearer b3axkrf2d43ol5u07w16nnjlpxf5dv",
    "Client-Id": "wyw8mywhjevtgkhqzajrkucevjws7s"
}
[2025-11-23 09:42:48,707][api.py:55][INFO]: api Response Time==>> 0.1845
[2025-11-23 09:42:48,708][api.py:63][INFO]: api response json ==>> {
    "data": [
        {
            "id": "ecbf66e0-3b8e-42da-9ad6-26e9d617b268",
            "shard_count": 5
        }
    ]
}
[2025-11-23 09:42:48,708][common.py:104][INFO]: Expect response code is 200, Actual is 200.
[2025-11-23 09:42:48,709][common.py:104][INFO]: Expect shard count amount is 5, Actual is 5.
[2025-11-23 09:42:48,712][api.py:17][INFO]: RestSelfURL: https://api.twitch.tv
[2025-11-23 09:42:48,713][api.py:23][INFO]: api url ==>> https://api.twitch.tv/helix/eventsub/conduits
[2025-11-23 09:42:48,713][api.py:24][INFO]: api method==>> POST
[2025-11-23 09:42:48,713][api.py:31][INFO]: api request header ==>> {
    "Authorization": "Bearer b3axkrf2d43ol5u07w16nnjlpxf5dv",
    "Client-Id": "wyw8mywhjevtgkhqzajrkucevjws7s"
}
[2025-11-23 09:42:48,888][api.py:55][INFO]: api Response Time==>> 0.17506
[2025-11-23 09:42:48,889][api.py:63][INFO]: api response json ==>> {
    "data": [
        {
            "id": "216d5c2a-7e4e-4531-b15f-f3c23b20cfa8",
            "shard_count": 4
        }
    ]
}
[2025-11-23 09:42:48,889][common.py:104][INFO]: Expect response code is 200, Actual is 200.
[2025-11-23 09:42:48,890][common.py:104][INFO]: Expect shard count amount is 4, Actual is 4.
[2025-11-23 09:42:48,894][api.py:17][INFO]: RestSelfURL: https://api.twitch.tv
[2025-11-23 09:42:48,894][api.py:23][INFO]: api url ==>> https://api.twitch.tv/helix/eventsub/conduits
[2025-11-23 09:42:48,895][api.py:24][INFO]: api method==>> POST
[2025-11-23 09:42:48,895][api.py:31][INFO]: api request header ==>> {
    "Authorization": "Bearer b3axkrf2d43ol5u07w16nnjlpxf5dv",
    "Client-Id": "wyw8mywhjevtgkhqzajrkucevjws7s"
}
[2025-11-23 09:42:49,058][api.py:55][INFO]: api Response Time==>> 0.16343
[2025-11-23 09:42:49,059][api.py:63][INFO]: api response json ==>> {
    "error": "Bad Request",
    "status": 400,
    "message": "Missing required parameter \"shard_count\""
}
[2025-11-23 09:42:49,059][common.py:104][INFO]: Expect response code is 400, Actual is 400.
[2025-11-23 09:42:49,060][common.py:104][INFO]: Expect response request is Bad Request, Actual is Bad Request.
[2025-11-23 09:42:49,060][common.py:104][INFO]: Expect response request is Missing required parameter "shard_count", Actual is Missing required parameter "shard_count".
