[2025-11-23 10:17:44,828][common.py:84][INFO]: Expect status code 200, Actual is 200.
[2025-11-23 10:17:44,830][conftest.py:37][INFO]: [Twitch] OAuth token acquired: 3s3e71j7ozohobyqch9vuwcpwtma58
[2025-11-23 10:17:44,832][api.py:12][INFO]: api url ==>> https://api.twitch.tv/helix/eventsub/conduits
[2025-11-23 10:17:44,833][api.py:13][INFO]: api method==>> POST
[2025-11-23 10:17:45,021][api.py:27][INFO]: api Response Time==>> 0.189
[2025-11-23 10:17:45,022][api.py:34][INFO]: api response json ==>> {
    "data": [
        {
            "id": "739a7866-54f3-457a-b938-77fda4ccf595",
            "shard_count": 5
        }
    ]
}
[2025-11-23 10:17:45,023][common.py:84][INFO]: Expect response code 200, Actual is 200.
[2025-11-23 10:17:45,024][common.py:84][INFO]: Expect shard count amount 5, Actual is 5.
[2025-11-23 10:17:45,025][api.py:12][INFO]: api url ==>> https://api.twitch.tv/helix/eventsub/conduits
[2025-11-23 10:17:45,025][api.py:13][INFO]: api method==>> GET
[2025-11-23 10:17:45,200][api.py:27][INFO]: api Response Time==>> 0.17526
[2025-11-23 10:17:45,201][api.py:34][INFO]: api response json ==>> {
    "data": [
        {
            "id": "739a7866-54f3-457a-b938-77fda4ccf595",
            "shard_count": 5
        },
        {
            "id": "95bc8bfd-5cdc-4530-924f-52fa3c678514",
            "shard_count": 1
        },
        {
            "id": "e24906f9-abfc-457b-b562-e90624712f7c",
            "shard_count": 5
        }
    ]
}
[2025-11-23 10:17:45,201][common.py:84][INFO]: Expect response code 200, Actual is 200.
[2025-11-23 10:17:45,202][api.py:12][INFO]: api url ==>> https://api.twitch.tv/helix/eventsub/conduits
[2025-11-23 10:17:45,202][api.py:13][INFO]: api method==>> PATCH
[2025-11-23 10:17:45,385][api.py:27][INFO]: api Response Time==>> 0.18285
[2025-11-23 10:17:45,386][api.py:34][INFO]: api response json ==>> {
    "data": [
        {
            "id": "739a7866-54f3-457a-b938-77fda4ccf595",
            "shard_count": 3
        }
    ]
}
[2025-11-23 10:17:45,386][common.py:84][INFO]: Expect response code 200, Actual is 200.
[2025-11-23 10:17:45,387][common.py:84][INFO]: Expect update shard count 3, Actual is 3.
[2025-11-23 10:17:45,387][api.py:12][INFO]: api url ==>> https://api.twitch.tv/helix/eventsub/conduits
[2025-11-23 10:17:45,387][api.py:13][INFO]: api method==>> GET
[2025-11-23 10:17:45,556][api.py:27][INFO]: api Response Time==>> 0.1683
[2025-11-23 10:17:45,556][api.py:34][INFO]: api response json ==>> {
    "data": [
        {
            "id": "739a7866-54f3-457a-b938-77fda4ccf595",
            "shard_count": 3
        },
        {
            "id": "95bc8bfd-5cdc-4530-924f-52fa3c678514",
            "shard_count": 1
        },
        {
            "id": "e24906f9-abfc-457b-b562-e90624712f7c",
            "shard_count": 5
        }
    ]
}
[2025-11-23 10:17:45,557][common.py:84][INFO]: Expect response code 200, Actual is 200.
[2025-11-23 10:17:45,558][api.py:12][INFO]: api url ==>> https://api.twitch.tv/helix/eventsub/conduits
[2025-11-23 10:17:45,558][api.py:13][INFO]: api method==>> DELETE
[2025-11-23 10:17:45,739][api.py:27][INFO]: api Response Time==>> 0.18118
[2025-11-23 10:17:45,740][api.py:34][INFO]: api response json ==>> 
[2025-11-23 10:17:45,740][common.py:84][INFO]: Expect response code 204, Actual is 204.
[2025-11-23 10:17:45,741][api.py:12][INFO]: api url ==>> https://api.twitch.tv/helix/eventsub/conduits
[2025-11-23 10:17:45,741][api.py:13][INFO]: api method==>> GET
[2025-11-23 10:17:45,913][api.py:27][INFO]: api Response Time==>> 0.17203
[2025-11-23 10:17:45,914][api.py:34][INFO]: api response json ==>> {
    "data": [
        {
            "id": "95bc8bfd-5cdc-4530-924f-52fa3c678514",
            "shard_count": 1
        },
        {
            "id": "e24906f9-abfc-457b-b562-e90624712f7c",
            "shard_count": 5
        }
    ]
}
[2025-11-23 10:17:45,915][common.py:84][INFO]: Expect response code 200, Actual is 200.
[2025-11-23 10:17:45,916][common.py:84][INFO]: Expect confuits amount 2, Actual is 2.
[2025-11-23 10:17:45,919][api.py:12][INFO]: api url ==>> https://api.twitch.tv/helix/eventsub/conduits
[2025-11-23 10:17:45,920][api.py:13][INFO]: api method==>> POST
[2025-11-23 10:17:46,098][api.py:27][INFO]: api Response Time==>> 0.17907
[2025-11-23 10:17:46,099][api.py:34][INFO]: api response json ==>> {
    "data": [
        {
            "id": "1bc9b5bb-657b-4f0a-9dd7-8c519387c6b9",
            "shard_count": 4
        }
    ]
}
[2025-11-23 10:17:46,099][common.py:84][INFO]: Expect response code 200, Actual is 200.
[2025-11-23 10:17:46,100][common.py:84][INFO]: Expect shard count amount 4, Actual is 4.
[2025-11-23 10:17:46,101][api.py:12][INFO]: api url ==>> https://api.twitch.tv/helix/eventsub/conduits
[2025-11-23 10:17:46,101][api.py:13][INFO]: api method==>> GET
[2025-11-23 10:17:46,275][api.py:27][INFO]: api Response Time==>> 0.17418
[2025-11-23 10:17:46,276][api.py:34][INFO]: api response json ==>> {
    "data": [
        {
            "id": "1bc9b5bb-657b-4f0a-9dd7-8c519387c6b9",
            "shard_count": 4
        },
        {
            "id": "95bc8bfd-5cdc-4530-924f-52fa3c678514",
            "shard_count": 1
        },
        {
            "id": "e24906f9-abfc-457b-b562-e90624712f7c",
            "shard_count": 5
        }
    ]
}
[2025-11-23 10:17:46,276][common.py:84][INFO]: Expect response code 200, Actual is 200.
[2025-11-23 10:17:46,277][api.py:12][INFO]: api url ==>> https://api.twitch.tv/helix/eventsub/conduits
[2025-11-23 10:17:46,277][api.py:13][INFO]: api method==>> PATCH
[2025-11-23 10:17:46,455][api.py:27][INFO]: api Response Time==>> 0.17772
[2025-11-23 10:17:46,456][api.py:34][INFO]: api response json ==>> {
    "data": [
        {
            "id": "1bc9b5bb-657b-4f0a-9dd7-8c519387c6b9",
            "shard_count": 1
        }
    ]
}
[2025-11-23 10:17:46,456][common.py:84][INFO]: Expect response code 200, Actual is 200.
[2025-11-23 10:17:46,457][common.py:84][INFO]: Expect update shard count 1, Actual is 1.
[2025-11-23 10:17:46,457][api.py:12][INFO]: api url ==>> https://api.twitch.tv/helix/eventsub/conduits
[2025-11-23 10:17:46,457][api.py:13][INFO]: api method==>> GET
[2025-11-23 10:17:46,626][api.py:27][INFO]: api Response Time==>> 0.16894
[2025-11-23 10:17:46,627][api.py:34][INFO]: api response json ==>> {
    "data": [
        {
            "id": "1bc9b5bb-657b-4f0a-9dd7-8c519387c6b9",
            "shard_count": 1
        },
        {
            "id": "95bc8bfd-5cdc-4530-924f-52fa3c678514",
            "shard_count": 1
        },
        {
            "id": "e24906f9-abfc-457b-b562-e90624712f7c",
            "shard_count": 5
        }
    ]
}
[2025-11-23 10:17:46,627][common.py:84][INFO]: Expect response code 200, Actual is 200.
[2025-11-23 10:17:46,628][api.py:12][INFO]: api url ==>> https://api.twitch.tv/helix/eventsub/conduits
[2025-11-23 10:17:46,629][api.py:13][INFO]: api method==>> DELETE
[2025-11-23 10:17:46,802][api.py:27][INFO]: api Response Time==>> 0.17372
[2025-11-23 10:17:46,803][api.py:34][INFO]: api response json ==>> 
[2025-11-23 10:17:46,803][common.py:84][INFO]: Expect response code 204, Actual is 204.
[2025-11-23 10:17:46,805][api.py:12][INFO]: api url ==>> https://api.twitch.tv/helix/eventsub/conduits
[2025-11-23 10:17:46,805][api.py:13][INFO]: api method==>> GET
[2025-11-23 10:17:46,980][api.py:27][INFO]: api Response Time==>> 0.17549
[2025-11-23 10:17:46,981][api.py:34][INFO]: api response json ==>> {
    "data": [
        {
            "id": "95bc8bfd-5cdc-4530-924f-52fa3c678514",
            "shard_count": 1
        },
        {
            "id": "e24906f9-abfc-457b-b562-e90624712f7c",
            "shard_count": 5
        }
    ]
}
[2025-11-23 10:17:46,982][common.py:84][INFO]: Expect response code 200, Actual is 200.
[2025-11-23 10:17:46,982][common.py:84][INFO]: Expect confuits amount 2, Actual is 2.
[2025-11-23 10:17:46,986][api.py:12][INFO]: api url ==>> https://api.twitch.tv/helix/eventsub/conduits
[2025-11-23 10:17:46,986][api.py:13][INFO]: api method==>> GET
[2025-11-23 10:17:47,158][api.py:27][INFO]: api Response Time==>> 0.1725
[2025-11-23 10:17:47,159][api.py:34][INFO]: api response json ==>> {
    "data": [
        {
            "id": "95bc8bfd-5cdc-4530-924f-52fa3c678514",
            "shard_count": 1
        },
        {
            "id": "e24906f9-abfc-457b-b562-e90624712f7c",
            "shard_count": 5
        }
    ]
}
[2025-11-23 10:17:47,160][common.py:84][INFO]: Expect response code 200, Actual is 200.
[2025-11-23 10:17:47,161][api.py:12][INFO]: api url ==>> https://api.twitch.tv/helix/eventsub/conduits
[2025-11-23 10:17:47,161][api.py:13][INFO]: api method==>> PATCH
[2025-11-23 10:17:47,343][api.py:27][INFO]: api Response Time==>> 0.18158
[2025-11-23 10:17:47,343][api.py:34][INFO]: api response json ==>> {
    "data": [
        {
            "id": "95bc8bfd-5cdc-4530-924f-52fa3c678514",
            "shard_count": 3
        }
    ]
}
[2025-11-23 10:17:47,344][common.py:84][INFO]: Expect response code 200, Actual is 200.
[2025-11-23 10:17:47,345][common.py:84][INFO]: Expect update shard count 3, Actual is 3.
[2025-11-23 10:17:47,348][api.py:12][INFO]: api url ==>> https://api.twitch.tv/helix/eventsub/conduits
[2025-11-23 10:17:47,348][api.py:13][INFO]: api method==>> POST
[2025-11-23 10:17:47,510][api.py:27][INFO]: api Response Time==>> 0.16244
[2025-11-23 10:17:47,511][api.py:34][INFO]: api response json ==>> {
    "error": "Bad Request",
    "status": 400,
    "message": "Missing required parameter \"shard_count\""
}
[2025-11-23 10:17:47,512][common.py:84][INFO]: Expect response code 400, Actual is 400.
[2025-11-23 10:17:47,513][common.py:84][INFO]: Expect response request Bad Request, Actual is Bad Request.
[2025-11-23 10:17:47,513][common.py:84][INFO]: Expect response request Missing required parameter "shard_count", Actual is Missing required parameter "shard_count".
[2025-11-23 10:17:47,513][api.py:12][INFO]: api url ==>> https://api.twitch.tv/helix/eventsub/conduits
[2025-11-23 10:17:47,514][api.py:13][INFO]: api method==>> GET
[2025-11-23 10:17:47,684][api.py:27][INFO]: api Response Time==>> 0.1707
[2025-11-23 10:17:47,685][api.py:34][INFO]: api response json ==>> {
    "data": [
        {
            "id": "95bc8bfd-5cdc-4530-924f-52fa3c678514",
            "shard_count": 3
        },
        {
            "id": "e24906f9-abfc-457b-b562-e90624712f7c",
            "shard_count": 5
        }
    ]
}
[2025-11-23 10:17:47,685][common.py:84][INFO]: Expect response code 200, Actual is 200.
[2025-11-23 10:17:47,687][api.py:12][INFO]: api url ==>> https://api.twitch.tv/helix/eventsub/conduits
[2025-11-23 10:17:47,687][api.py:13][INFO]: api method==>> PATCH
[2025-11-23 10:17:47,860][api.py:27][INFO]: api Response Time==>> 0.173
[2025-11-23 10:17:47,860][api.py:34][INFO]: api response json ==>> {
    "data": [
        {
            "id": "95bc8bfd-5cdc-4530-924f-52fa3c678514",
            "shard_count": 1
        }
    ]
}
[2025-11-23 10:17:47,860][common.py:84][INFO]: Expect response code 200, Actual is 200.
[2025-11-23 10:17:47,861][common.py:84][INFO]: Expect update shard count 1, Actual is 1.
