[2025-11-23 10:13:53,523][common.py:84][INFO]: Expect status code 200, Actual is 200.
[2025-11-23 10:13:53,524][conftest.py:37][INFO]: [Twitch] OAuth token acquired: 9imkiqjf422yc5h8331biqwy4ryj7z
[2025-11-23 10:13:53,526][api.py:17][INFO]: RestSelfURL: https://api.twitch.tv
[2025-11-23 10:13:53,526][api.py:23][INFO]: api url ==>> https://api.twitch.tv/helix/eventsub/conduits
[2025-11-23 10:13:53,526][api.py:24][INFO]: api method==>> POST
[2025-11-23 10:13:53,527][api.py:31][INFO]: api request header ==>> {
    "Authorization": "Bearer 9imkiqjf422yc5h8331biqwy4ryj7z",
    "Client-Id": "wyw8mywhjevtgkhqzajrkucevjws7s"
}
[2025-11-23 10:13:53,732][api.py:55][INFO]: api Response Time==>> 0.20546
[2025-11-23 10:13:53,733][api.py:63][INFO]: api response json ==>> {
    "data": [
        {
            "id": "f978b674-91e8-4fe1-915e-a4f3114cc4f3",
            "shard_count": 5
        }
    ]
}
[2025-11-23 10:13:53,733][common.py:84][INFO]: Expect response code 200, Actual is 200.
[2025-11-23 10:13:53,734][common.py:84][INFO]: Expect shard count amount 5, Actual is 5.
[2025-11-23 10:13:53,735][api.py:17][INFO]: RestSelfURL: https://api.twitch.tv
[2025-11-23 10:13:53,735][api.py:23][INFO]: api url ==>> https://api.twitch.tv/helix/eventsub/conduits
[2025-11-23 10:13:53,735][api.py:24][INFO]: api method==>> GET
[2025-11-23 10:13:53,735][api.py:31][INFO]: api request header ==>> {
    "Authorization": "Bearer 9imkiqjf422yc5h8331biqwy4ryj7z",
    "Client-Id": "wyw8mywhjevtgkhqzajrkucevjws7s"
}
[2025-11-23 10:13:53,906][api.py:55][INFO]: api Response Time==>> 0.17113
[2025-11-23 10:13:53,907][api.py:63][INFO]: api response json ==>> {
    "data": [
        {
            "id": "f978b674-91e8-4fe1-915e-a4f3114cc4f3",
            "shard_count": 5
        },
        {
            "id": "95bc8bfd-5cdc-4530-924f-52fa3c678514",
            "shard_count": 1
        },
        {
            "id": "e24906f9-abfc-457b-b562-e90624712f7c",
            "shard_count": 5
        }
    ]
}
[2025-11-23 10:13:53,907][common.py:84][INFO]: Expect response code 200, Actual is 200.
[2025-11-23 10:13:53,908][api.py:17][INFO]: RestSelfURL: https://api.twitch.tv
[2025-11-23 10:13:53,908][api.py:23][INFO]: api url ==>> https://api.twitch.tv/helix/eventsub/conduits
[2025-11-23 10:13:53,909][api.py:24][INFO]: api method==>> PATCH
[2025-11-23 10:13:53,909][api.py:31][INFO]: api request header ==>> {
    "Authorization": "Bearer 9imkiqjf422yc5h8331biqwy4ryj7z",
    "Client-Id": "wyw8mywhjevtgkhqzajrkucevjws7s"
}
[2025-11-23 10:13:54,090][api.py:55][INFO]: api Response Time==>> 0.18145
[2025-11-23 10:13:54,091][api.py:63][INFO]: api response json ==>> {
    "data": [
        {
            "id": "f978b674-91e8-4fe1-915e-a4f3114cc4f3",
            "shard_count": 3
        }
    ]
}
[2025-11-23 10:13:54,091][common.py:84][INFO]: Expect response code 200, Actual is 200.
[2025-11-23 10:13:54,092][common.py:84][INFO]: Expect update shard count 3, Actual is 3.
[2025-11-23 10:13:54,092][api.py:17][INFO]: RestSelfURL: https://api.twitch.tv
[2025-11-23 10:13:54,093][api.py:23][INFO]: api url ==>> https://api.twitch.tv/helix/eventsub/conduits
[2025-11-23 10:13:54,093][api.py:24][INFO]: api method==>> GET
[2025-11-23 10:13:54,093][api.py:31][INFO]: api request header ==>> {
    "Authorization": "Bearer 9imkiqjf422yc5h8331biqwy4ryj7z",
    "Client-Id": "wyw8mywhjevtgkhqzajrkucevjws7s"
}
[2025-11-23 10:13:54,266][api.py:55][INFO]: api Response Time==>> 0.17322
[2025-11-23 10:13:54,267][api.py:63][INFO]: api response json ==>> {
    "data": [
        {
            "id": "f978b674-91e8-4fe1-915e-a4f3114cc4f3",
            "shard_count": 3
        },
        {
            "id": "95bc8bfd-5cdc-4530-924f-52fa3c678514",
            "shard_count": 1
        },
        {
            "id": "e24906f9-abfc-457b-b562-e90624712f7c",
            "shard_count": 5
        }
    ]
}
[2025-11-23 10:13:54,267][common.py:84][INFO]: Expect response code 200, Actual is 200.
[2025-11-23 10:13:54,268][api.py:17][INFO]: RestSelfURL: https://api.twitch.tv
[2025-11-23 10:13:54,268][api.py:23][INFO]: api url ==>> https://api.twitch.tv/helix/eventsub/conduits
[2025-11-23 10:13:54,268][api.py:24][INFO]: api method==>> DELETE
[2025-11-23 10:13:54,269][api.py:31][INFO]: api request header ==>> {
    "Authorization": "Bearer 9imkiqjf422yc5h8331biqwy4ryj7z",
    "Client-Id": "wyw8mywhjevtgkhqzajrkucevjws7s"
}
[2025-11-23 10:13:54,456][api.py:55][INFO]: api Response Time==>> 0.1874
[2025-11-23 10:13:54,457][api.py:63][INFO]: api response json ==>> 
[2025-11-23 10:13:54,458][common.py:84][INFO]: Expect response code 204, Actual is 204.
[2025-11-23 10:13:54,459][api.py:17][INFO]: RestSelfURL: https://api.twitch.tv
[2025-11-23 10:13:54,459][api.py:23][INFO]: api url ==>> https://api.twitch.tv/helix/eventsub/conduits
[2025-11-23 10:13:54,459][api.py:24][INFO]: api method==>> GET
[2025-11-23 10:13:54,459][api.py:31][INFO]: api request header ==>> {
    "Authorization": "Bearer 9imkiqjf422yc5h8331biqwy4ryj7z",
    "Client-Id": "wyw8mywhjevtgkhqzajrkucevjws7s"
}
[2025-11-23 10:13:54,638][api.py:55][INFO]: api Response Time==>> 0.17863
[2025-11-23 10:13:54,638][api.py:63][INFO]: api response json ==>> {
    "data": [
        {
            "id": "95bc8bfd-5cdc-4530-924f-52fa3c678514",
            "shard_count": 1
        },
        {
            "id": "e24906f9-abfc-457b-b562-e90624712f7c",
            "shard_count": 5
        }
    ]
}
[2025-11-23 10:13:54,639][common.py:84][INFO]: Expect response code 200, Actual is 200.
[2025-11-23 10:13:54,639][common.py:84][INFO]: Expect confuits amount 2, Actual is 2.
[2025-11-23 10:13:54,643][api.py:17][INFO]: RestSelfURL: https://api.twitch.tv
[2025-11-23 10:13:54,644][api.py:23][INFO]: api url ==>> https://api.twitch.tv/helix/eventsub/conduits
[2025-11-23 10:13:54,644][api.py:24][INFO]: api method==>> POST
[2025-11-23 10:13:54,644][api.py:31][INFO]: api request header ==>> {
    "Authorization": "Bearer 9imkiqjf422yc5h8331biqwy4ryj7z",
    "Client-Id": "wyw8mywhjevtgkhqzajrkucevjws7s"
}
[2025-11-23 10:13:54,822][api.py:55][INFO]: api Response Time==>> 0.17828
[2025-11-23 10:13:54,823][api.py:63][INFO]: api response json ==>> {
    "data": [
        {
            "id": "4af78cb1-1665-48d2-a97d-b201f5eb6792",
            "shard_count": 4
        }
    ]
}
[2025-11-23 10:13:54,824][common.py:84][INFO]: Expect response code 200, Actual is 200.
[2025-11-23 10:13:54,824][common.py:84][INFO]: Expect shard count amount 4, Actual is 4.
[2025-11-23 10:13:54,825][api.py:17][INFO]: RestSelfURL: https://api.twitch.tv
[2025-11-23 10:13:54,825][api.py:23][INFO]: api url ==>> https://api.twitch.tv/helix/eventsub/conduits
[2025-11-23 10:13:54,825][api.py:24][INFO]: api method==>> GET
[2025-11-23 10:13:54,825][api.py:31][INFO]: api request header ==>> {
    "Authorization": "Bearer 9imkiqjf422yc5h8331biqwy4ryj7z",
    "Client-Id": "wyw8mywhjevtgkhqzajrkucevjws7s"
}
[2025-11-23 10:13:55,001][api.py:55][INFO]: api Response Time==>> 0.17619
[2025-11-23 10:13:55,002][api.py:63][INFO]: api response json ==>> {
    "data": [
        {
            "id": "4af78cb1-1665-48d2-a97d-b201f5eb6792",
            "shard_count": 4
        },
        {
            "id": "95bc8bfd-5cdc-4530-924f-52fa3c678514",
            "shard_count": 1
        },
        {
            "id": "e24906f9-abfc-457b-b562-e90624712f7c",
            "shard_count": 5
        }
    ]
}
[2025-11-23 10:13:55,002][common.py:84][INFO]: Expect response code 200, Actual is 200.
[2025-11-23 10:13:55,002][api.py:17][INFO]: RestSelfURL: https://api.twitch.tv
[2025-11-23 10:13:55,003][api.py:23][INFO]: api url ==>> https://api.twitch.tv/helix/eventsub/conduits
[2025-11-23 10:13:55,003][api.py:24][INFO]: api method==>> PATCH
[2025-11-23 10:13:55,003][api.py:31][INFO]: api request header ==>> {
    "Authorization": "Bearer 9imkiqjf422yc5h8331biqwy4ryj7z",
    "Client-Id": "wyw8mywhjevtgkhqzajrkucevjws7s"
}
[2025-11-23 10:13:55,173][api.py:55][INFO]: api Response Time==>> 0.16996
[2025-11-23 10:13:55,173][api.py:63][INFO]: api response json ==>> {
    "data": [
        {
            "id": "4af78cb1-1665-48d2-a97d-b201f5eb6792",
            "shard_count": 1
        }
    ]
}
[2025-11-23 10:13:55,174][common.py:84][INFO]: Expect response code 200, Actual is 200.
[2025-11-23 10:13:55,175][common.py:84][INFO]: Expect update shard count 1, Actual is 1.
[2025-11-23 10:13:55,175][api.py:17][INFO]: RestSelfURL: https://api.twitch.tv
[2025-11-23 10:13:55,175][api.py:23][INFO]: api url ==>> https://api.twitch.tv/helix/eventsub/conduits
[2025-11-23 10:13:55,176][api.py:24][INFO]: api method==>> GET
[2025-11-23 10:13:55,176][api.py:31][INFO]: api request header ==>> {
    "Authorization": "Bearer 9imkiqjf422yc5h8331biqwy4ryj7z",
    "Client-Id": "wyw8mywhjevtgkhqzajrkucevjws7s"
}
[2025-11-23 10:13:55,349][api.py:55][INFO]: api Response Time==>> 0.17333
[2025-11-23 10:13:55,351][api.py:63][INFO]: api response json ==>> {
    "data": [
        {
            "id": "4af78cb1-1665-48d2-a97d-b201f5eb6792",
            "shard_count": 1
        },
        {
            "id": "95bc8bfd-5cdc-4530-924f-52fa3c678514",
            "shard_count": 1
        },
        {
            "id": "e24906f9-abfc-457b-b562-e90624712f7c",
            "shard_count": 5
        }
    ]
}
[2025-11-23 10:13:55,351][common.py:84][INFO]: Expect response code 200, Actual is 200.
[2025-11-23 10:13:55,352][api.py:17][INFO]: RestSelfURL: https://api.twitch.tv
[2025-11-23 10:13:55,353][api.py:23][INFO]: api url ==>> https://api.twitch.tv/helix/eventsub/conduits
[2025-11-23 10:13:55,353][api.py:24][INFO]: api method==>> DELETE
[2025-11-23 10:13:55,353][api.py:31][INFO]: api request header ==>> {
    "Authorization": "Bearer 9imkiqjf422yc5h8331biqwy4ryj7z",
    "Client-Id": "wyw8mywhjevtgkhqzajrkucevjws7s"
}
[2025-11-23 10:13:55,532][api.py:55][INFO]: api Response Time==>> 0.17908
[2025-11-23 10:13:55,532][api.py:63][INFO]: api response json ==>> 
[2025-11-23 10:13:55,533][common.py:84][INFO]: Expect response code 204, Actual is 204.
[2025-11-23 10:13:55,534][api.py:17][INFO]: RestSelfURL: https://api.twitch.tv
[2025-11-23 10:13:55,534][api.py:23][INFO]: api url ==>> https://api.twitch.tv/helix/eventsub/conduits
[2025-11-23 10:13:55,534][api.py:24][INFO]: api method==>> GET
[2025-11-23 10:13:55,534][api.py:31][INFO]: api request header ==>> {
    "Authorization": "Bearer 9imkiqjf422yc5h8331biqwy4ryj7z",
    "Client-Id": "wyw8mywhjevtgkhqzajrkucevjws7s"
}
[2025-11-23 10:13:55,701][api.py:55][INFO]: api Response Time==>> 0.16655
[2025-11-23 10:13:55,701][api.py:63][INFO]: api response json ==>> {
    "data": [
        {
            "id": "95bc8bfd-5cdc-4530-924f-52fa3c678514",
            "shard_count": 1
        },
        {
            "id": "e24906f9-abfc-457b-b562-e90624712f7c",
            "shard_count": 5
        }
    ]
}
[2025-11-23 10:13:55,701][common.py:84][INFO]: Expect response code 200, Actual is 200.
[2025-11-23 10:13:55,702][common.py:84][INFO]: Expect confuits amount 2, Actual is 2.
[2025-11-23 10:13:55,705][api.py:17][INFO]: RestSelfURL: https://api.twitch.tv
[2025-11-23 10:13:55,706][api.py:23][INFO]: api url ==>> https://api.twitch.tv/helix/eventsub/conduits
[2025-11-23 10:13:55,706][api.py:24][INFO]: api method==>> GET
[2025-11-23 10:13:55,706][api.py:31][INFO]: api request header ==>> {
    "Authorization": "Bearer 9imkiqjf422yc5h8331biqwy4ryj7z",
    "Client-Id": "wyw8mywhjevtgkhqzajrkucevjws7s"
}
[2025-11-23 10:13:55,875][api.py:55][INFO]: api Response Time==>> 0.16968
[2025-11-23 10:13:55,876][api.py:63][INFO]: api response json ==>> {
    "data": [
        {
            "id": "95bc8bfd-5cdc-4530-924f-52fa3c678514",
            "shard_count": 1
        },
        {
            "id": "e24906f9-abfc-457b-b562-e90624712f7c",
            "shard_count": 5
        }
    ]
}
[2025-11-23 10:13:55,877][common.py:84][INFO]: Expect response code 200, Actual is 200.
[2025-11-23 10:13:55,878][api.py:17][INFO]: RestSelfURL: https://api.twitch.tv
[2025-11-23 10:13:55,878][api.py:23][INFO]: api url ==>> https://api.twitch.tv/helix/eventsub/conduits
[2025-11-23 10:13:55,878][api.py:24][INFO]: api method==>> PATCH
[2025-11-23 10:13:55,878][api.py:31][INFO]: api request header ==>> {
    "Authorization": "Bearer 9imkiqjf422yc5h8331biqwy4ryj7z",
    "Client-Id": "wyw8mywhjevtgkhqzajrkucevjws7s"
}
[2025-11-23 10:13:56,052][api.py:55][INFO]: api Response Time==>> 0.17456
[2025-11-23 10:13:56,053][api.py:63][INFO]: api response json ==>> {
    "data": [
        {
            "id": "95bc8bfd-5cdc-4530-924f-52fa3c678514",
            "shard_count": 3
        }
    ]
}
[2025-11-23 10:13:56,054][common.py:84][INFO]: Expect response code 200, Actual is 200.
[2025-11-23 10:13:56,054][common.py:84][INFO]: Expect update shard count 3, Actual is 3.
[2025-11-23 10:13:56,057][api.py:17][INFO]: RestSelfURL: https://api.twitch.tv
[2025-11-23 10:13:56,058][api.py:23][INFO]: api url ==>> https://api.twitch.tv/helix/eventsub/conduits
[2025-11-23 10:13:56,058][api.py:24][INFO]: api method==>> POST
[2025-11-23 10:13:56,058][api.py:31][INFO]: api request header ==>> {
    "Authorization": "Bearer 9imkiqjf422yc5h8331biqwy4ryj7z",
    "Client-Id": "wyw8mywhjevtgkhqzajrkucevjws7s"
}
[2025-11-23 10:13:56,218][api.py:55][INFO]: api Response Time==>> 0.15999
[2025-11-23 10:13:56,218][api.py:63][INFO]: api response json ==>> {
    "error": "Bad Request",
    "status": 400,
    "message": "Missing required parameter \"shard_count\""
}
[2025-11-23 10:13:56,219][common.py:84][INFO]: Expect response code 400, Actual is 400.
[2025-11-23 10:13:56,219][common.py:84][INFO]: Expect response request Bad Request, Actual is Bad Request.
[2025-11-23 10:13:56,220][common.py:84][INFO]: Expect response request Missing required parameter "shard_count", Actual is Missing required parameter "shard_count".
[2025-11-23 10:13:56,220][api.py:17][INFO]: RestSelfURL: https://api.twitch.tv
[2025-11-23 10:13:56,220][api.py:23][INFO]: api url ==>> https://api.twitch.tv/helix/eventsub/conduits
[2025-11-23 10:13:56,220][api.py:24][INFO]: api method==>> GET
[2025-11-23 10:13:56,220][api.py:31][INFO]: api request header ==>> {
    "Authorization": "Bearer 9imkiqjf422yc5h8331biqwy4ryj7z",
    "Client-Id": "wyw8mywhjevtgkhqzajrkucevjws7s"
}
[2025-11-23 10:13:56,391][api.py:55][INFO]: api Response Time==>> 0.17111
[2025-11-23 10:13:56,392][api.py:63][INFO]: api response json ==>> {
    "data": [
        {
            "id": "95bc8bfd-5cdc-4530-924f-52fa3c678514",
            "shard_count": 3
        },
        {
            "id": "e24906f9-abfc-457b-b562-e90624712f7c",
            "shard_count": 5
        }
    ]
}
[2025-11-23 10:13:56,393][common.py:84][INFO]: Expect response code 200, Actual is 200.
[2025-11-23 10:13:56,394][api.py:17][INFO]: RestSelfURL: https://api.twitch.tv
[2025-11-23 10:13:56,394][api.py:23][INFO]: api url ==>> https://api.twitch.tv/helix/eventsub/conduits
[2025-11-23 10:13:56,394][api.py:24][INFO]: api method==>> PATCH
[2025-11-23 10:13:56,395][api.py:31][INFO]: api request header ==>> {
    "Authorization": "Bearer 9imkiqjf422yc5h8331biqwy4ryj7z",
    "Client-Id": "wyw8mywhjevtgkhqzajrkucevjws7s"
}
[2025-11-23 10:13:56,574][api.py:55][INFO]: api Response Time==>> 0.1798
[2025-11-23 10:13:56,575][api.py:63][INFO]: api response json ==>> {
    "data": [
        {
            "id": "95bc8bfd-5cdc-4530-924f-52fa3c678514",
            "shard_count": 1
        }
    ]
}
[2025-11-23 10:13:56,575][common.py:84][INFO]: Expect response code 200, Actual is 200.
[2025-11-23 10:13:56,576][common.py:84][INFO]: Expect update shard count 1, Actual is 1.
