[2025-11-23 10:04:36,985][common.py:84][INFO]: Expect status code 200, Actual is 200.
[2025-11-23 10:04:36,988][api.py:23][INFO]: api url ==>> https://api.twitch.tv/helix/eventsub/conduits
[2025-11-23 10:04:36,989][api.py:24][INFO]: api method==>> POST
[2025-11-23 10:04:36,989][api.py:31][INFO]: api request header ==>> {
    "Authorization": "Bearer 1hobt9suvnskilhpccjx2lk7ej6dtb",
    "Client-Id": "wyw8mywhjevtgkhqzajrkucevjws7s"
}
[2025-11-23 10:04:37,173][api.py:55][INFO]: api Response Time==>> 0.1846
[2025-11-23 10:04:37,174][api.py:63][INFO]: api response json ==>> {
    "data": [
        {
            "id": "911cdf36-da6c-4647-b629-c223d3152504",
            "shard_count": 5
        }
    ]
}
[2025-11-23 10:04:37,174][common.py:84][INFO]: Expect response code 200, Actual is 200.
[2025-11-23 10:04:37,175][common.py:84][INFO]: Expect shard count amount 5, Actual is 5.
[2025-11-23 10:04:37,176][api.py:23][INFO]: api url ==>> https://api.twitch.tv/helix/eventsub/conduits
[2025-11-23 10:04:37,177][api.py:24][INFO]: api method==>> GET
[2025-11-23 10:04:37,177][api.py:31][INFO]: api request header ==>> {
    "Authorization": "Bearer 1hobt9suvnskilhpccjx2lk7ej6dtb",
    "Client-Id": "wyw8mywhjevtgkhqzajrkucevjws7s"
}
[2025-11-23 10:04:37,350][api.py:55][INFO]: api Response Time==>> 0.17388
[2025-11-23 10:04:37,351][api.py:63][INFO]: api response json ==>> {
    "data": [
        {
            "id": "911cdf36-da6c-4647-b629-c223d3152504",
            "shard_count": 5
        },
        {
            "id": "95bc8bfd-5cdc-4530-924f-52fa3c678514",
            "shard_count": 1
        },
        {
            "id": "e24906f9-abfc-457b-b562-e90624712f7c",
            "shard_count": 5
        }
    ]
}
[2025-11-23 10:04:37,351][common.py:84][INFO]: Expect response code 200, Actual is 200.
[2025-11-23 10:04:37,352][api.py:23][INFO]: api url ==>> https://api.twitch.tv/helix/eventsub/conduits
[2025-11-23 10:04:37,353][api.py:24][INFO]: api method==>> PATCH
[2025-11-23 10:04:37,353][api.py:31][INFO]: api request header ==>> {
    "Authorization": "Bearer 1hobt9suvnskilhpccjx2lk7ej6dtb",
    "Client-Id": "wyw8mywhjevtgkhqzajrkucevjws7s"
}
[2025-11-23 10:04:37,527][api.py:55][INFO]: api Response Time==>> 0.17407
[2025-11-23 10:04:37,527][api.py:63][INFO]: api response json ==>> {
    "data": [
        {
            "id": "911cdf36-da6c-4647-b629-c223d3152504",
            "shard_count": 3
        }
    ]
}
[2025-11-23 10:04:37,528][common.py:84][INFO]: Expect response code 200, Actual is 200.
[2025-11-23 10:04:37,528][common.py:84][INFO]: Expect update shard count 3, Actual is 3.
[2025-11-23 10:04:37,529][api.py:23][INFO]: api url ==>> https://api.twitch.tv/helix/eventsub/conduits
[2025-11-23 10:04:37,529][api.py:24][INFO]: api method==>> GET
[2025-11-23 10:04:37,529][api.py:31][INFO]: api request header ==>> {
    "Authorization": "Bearer 1hobt9suvnskilhpccjx2lk7ej6dtb",
    "Client-Id": "wyw8mywhjevtgkhqzajrkucevjws7s"
}
[2025-11-23 10:04:37,701][api.py:55][INFO]: api Response Time==>> 0.17195
[2025-11-23 10:04:37,702][api.py:63][INFO]: api response json ==>> {
    "data": [
        {
            "id": "911cdf36-da6c-4647-b629-c223d3152504",
            "shard_count": 3
        },
        {
            "id": "95bc8bfd-5cdc-4530-924f-52fa3c678514",
            "shard_count": 1
        },
        {
            "id": "e24906f9-abfc-457b-b562-e90624712f7c",
            "shard_count": 5
        }
    ]
}
[2025-11-23 10:04:37,702][common.py:84][INFO]: Expect response code 200, Actual is 200.
[2025-11-23 10:04:37,703][api.py:23][INFO]: api url ==>> https://api.twitch.tv/helix/eventsub/conduits
[2025-11-23 10:04:37,704][api.py:24][INFO]: api method==>> DELETE
[2025-11-23 10:04:37,704][api.py:31][INFO]: api request header ==>> {
    "Authorization": "Bearer 1hobt9suvnskilhpccjx2lk7ej6dtb",
    "Client-Id": "wyw8mywhjevtgkhqzajrkucevjws7s"
}
[2025-11-23 10:04:37,883][api.py:55][INFO]: api Response Time==>> 0.17951
[2025-11-23 10:04:37,884][api.py:63][INFO]: api response json ==>> 
[2025-11-23 10:04:37,884][common.py:84][INFO]: Expect response code 204, Actual is 204.
[2025-11-23 10:04:37,885][api.py:23][INFO]: api url ==>> https://api.twitch.tv/helix/eventsub/conduits
[2025-11-23 10:04:37,886][api.py:24][INFO]: api method==>> GET
[2025-11-23 10:04:37,886][api.py:31][INFO]: api request header ==>> {
    "Authorization": "Bearer 1hobt9suvnskilhpccjx2lk7ej6dtb",
    "Client-Id": "wyw8mywhjevtgkhqzajrkucevjws7s"
}
[2025-11-23 10:04:38,055][api.py:55][INFO]: api Response Time==>> 0.16911
[2025-11-23 10:04:38,055][api.py:63][INFO]: api response json ==>> {
    "data": [
        {
            "id": "95bc8bfd-5cdc-4530-924f-52fa3c678514",
            "shard_count": 1
        },
        {
            "id": "e24906f9-abfc-457b-b562-e90624712f7c",
            "shard_count": 5
        }
    ]
}
[2025-11-23 10:04:38,056][common.py:84][INFO]: Expect response code 200, Actual is 200.
[2025-11-23 10:04:38,056][common.py:84][INFO]: Expect confuits amount 2, Actual is 2.
[2025-11-23 10:04:38,060][api.py:23][INFO]: api url ==>> https://api.twitch.tv/helix/eventsub/conduits
[2025-11-23 10:04:38,060][api.py:24][INFO]: api method==>> POST
[2025-11-23 10:04:38,060][api.py:31][INFO]: api request header ==>> {
    "Authorization": "Bearer 1hobt9suvnskilhpccjx2lk7ej6dtb",
    "Client-Id": "wyw8mywhjevtgkhqzajrkucevjws7s"
}
[2025-11-23 10:04:38,232][api.py:55][INFO]: api Response Time==>> 0.17268
[2025-11-23 10:04:38,233][api.py:63][INFO]: api response json ==>> {
    "data": [
        {
            "id": "2c12fa31-8d80-4931-b843-65f504ff02ea",
            "shard_count": 4
        }
    ]
}
[2025-11-23 10:04:38,234][common.py:84][INFO]: Expect response code 200, Actual is 200.
[2025-11-23 10:04:38,235][common.py:84][INFO]: Expect shard count amount 4, Actual is 4.
[2025-11-23 10:04:38,235][api.py:23][INFO]: api url ==>> https://api.twitch.tv/helix/eventsub/conduits
[2025-11-23 10:04:38,235][api.py:24][INFO]: api method==>> GET
[2025-11-23 10:04:38,236][api.py:31][INFO]: api request header ==>> {
    "Authorization": "Bearer 1hobt9suvnskilhpccjx2lk7ej6dtb",
    "Client-Id": "wyw8mywhjevtgkhqzajrkucevjws7s"
}
[2025-11-23 10:04:38,405][api.py:55][INFO]: api Response Time==>> 0.17008
[2025-11-23 10:04:38,406][api.py:63][INFO]: api response json ==>> {
    "data": [
        {
            "id": "2c12fa31-8d80-4931-b843-65f504ff02ea",
            "shard_count": 4
        },
        {
            "id": "95bc8bfd-5cdc-4530-924f-52fa3c678514",
            "shard_count": 1
        },
        {
            "id": "e24906f9-abfc-457b-b562-e90624712f7c",
            "shard_count": 5
        }
    ]
}
[2025-11-23 10:04:38,407][common.py:84][INFO]: Expect response code 200, Actual is 200.
[2025-11-23 10:04:38,408][api.py:23][INFO]: api url ==>> https://api.twitch.tv/helix/eventsub/conduits
[2025-11-23 10:04:38,408][api.py:24][INFO]: api method==>> PATCH
[2025-11-23 10:04:38,408][api.py:31][INFO]: api request header ==>> {
    "Authorization": "Bearer 1hobt9suvnskilhpccjx2lk7ej6dtb",
    "Client-Id": "wyw8mywhjevtgkhqzajrkucevjws7s"
}
[2025-11-23 10:04:38,588][api.py:55][INFO]: api Response Time==>> 0.17996
[2025-11-23 10:04:38,588][api.py:63][INFO]: api response json ==>> {
    "data": [
        {
            "id": "2c12fa31-8d80-4931-b843-65f504ff02ea",
            "shard_count": 1
        }
    ]
}
[2025-11-23 10:04:38,589][common.py:84][INFO]: Expect response code 200, Actual is 200.
[2025-11-23 10:04:38,589][common.py:84][INFO]: Expect update shard count 1, Actual is 1.
[2025-11-23 10:04:38,590][api.py:23][INFO]: api url ==>> https://api.twitch.tv/helix/eventsub/conduits
[2025-11-23 10:04:38,590][api.py:24][INFO]: api method==>> GET
[2025-11-23 10:04:38,590][api.py:31][INFO]: api request header ==>> {
    "Authorization": "Bearer 1hobt9suvnskilhpccjx2lk7ej6dtb",
    "Client-Id": "wyw8mywhjevtgkhqzajrkucevjws7s"
}
[2025-11-23 10:04:38,764][api.py:55][INFO]: api Response Time==>> 0.17377
[2025-11-23 10:04:38,765][api.py:63][INFO]: api response json ==>> {
    "data": [
        {
            "id": "2c12fa31-8d80-4931-b843-65f504ff02ea",
            "shard_count": 1
        },
        {
            "id": "95bc8bfd-5cdc-4530-924f-52fa3c678514",
            "shard_count": 1
        },
        {
            "id": "e24906f9-abfc-457b-b562-e90624712f7c",
            "shard_count": 5
        }
    ]
}
[2025-11-23 10:04:38,765][common.py:84][INFO]: Expect response code 200, Actual is 200.
[2025-11-23 10:04:38,766][api.py:23][INFO]: api url ==>> https://api.twitch.tv/helix/eventsub/conduits
[2025-11-23 10:04:38,766][api.py:24][INFO]: api method==>> DELETE
[2025-11-23 10:04:38,766][api.py:31][INFO]: api request header ==>> {
    "Authorization": "Bearer 1hobt9suvnskilhpccjx2lk7ej6dtb",
    "Client-Id": "wyw8mywhjevtgkhqzajrkucevjws7s"
}
[2025-11-23 10:04:38,937][api.py:55][INFO]: api Response Time==>> 0.17066
[2025-11-23 10:04:38,938][api.py:63][INFO]: api response json ==>> 
[2025-11-23 10:04:38,938][common.py:84][INFO]: Expect response code 204, Actual is 204.
[2025-11-23 10:04:38,939][api.py:23][INFO]: api url ==>> https://api.twitch.tv/helix/eventsub/conduits
[2025-11-23 10:04:38,939][api.py:24][INFO]: api method==>> GET
[2025-11-23 10:04:38,939][api.py:31][INFO]: api request header ==>> {
    "Authorization": "Bearer 1hobt9suvnskilhpccjx2lk7ej6dtb",
    "Client-Id": "wyw8mywhjevtgkhqzajrkucevjws7s"
}
[2025-11-23 10:04:39,113][api.py:55][INFO]: api Response Time==>> 0.17361
[2025-11-23 10:04:39,113][api.py:63][INFO]: api response json ==>> {
    "data": [
        {
            "id": "95bc8bfd-5cdc-4530-924f-52fa3c678514",
            "shard_count": 1
        },
        {
            "id": "e24906f9-abfc-457b-b562-e90624712f7c",
            "shard_count": 5
        }
    ]
}
[2025-11-23 10:04:39,114][common.py:84][INFO]: Expect response code 200, Actual is 200.
[2025-11-23 10:04:39,114][common.py:84][INFO]: Expect confuits amount 2, Actual is 2.
[2025-11-23 10:04:39,118][api.py:23][INFO]: api url ==>> https://api.twitch.tv/helix/eventsub/conduits
[2025-11-23 10:04:39,118][api.py:24][INFO]: api method==>> GET
[2025-11-23 10:04:39,118][api.py:31][INFO]: api request header ==>> {
    "Authorization": "Bearer 1hobt9suvnskilhpccjx2lk7ej6dtb",
    "Client-Id": "wyw8mywhjevtgkhqzajrkucevjws7s"
}
[2025-11-23 10:04:39,291][api.py:55][INFO]: api Response Time==>> 0.17356
[2025-11-23 10:04:39,292][api.py:63][INFO]: api response json ==>> {
    "data": [
        {
            "id": "95bc8bfd-5cdc-4530-924f-52fa3c678514",
            "shard_count": 1
        },
        {
            "id": "e24906f9-abfc-457b-b562-e90624712f7c",
            "shard_count": 5
        }
    ]
}
[2025-11-23 10:04:39,292][common.py:84][INFO]: Expect response code 200, Actual is 200.
[2025-11-23 10:04:39,293][api.py:23][INFO]: api url ==>> https://api.twitch.tv/helix/eventsub/conduits
[2025-11-23 10:04:39,294][api.py:24][INFO]: api method==>> PATCH
[2025-11-23 10:04:39,294][api.py:31][INFO]: api request header ==>> {
    "Authorization": "Bearer 1hobt9suvnskilhpccjx2lk7ej6dtb",
    "Client-Id": "wyw8mywhjevtgkhqzajrkucevjws7s"
}
[2025-11-23 10:04:39,471][api.py:55][INFO]: api Response Time==>> 0.17757
[2025-11-23 10:04:39,472][api.py:63][INFO]: api response json ==>> {
    "data": [
        {
            "id": "95bc8bfd-5cdc-4530-924f-52fa3c678514",
            "shard_count": 3
        }
    ]
}
[2025-11-23 10:04:39,472][common.py:84][INFO]: Expect response code 200, Actual is 200.
[2025-11-23 10:04:39,473][common.py:84][INFO]: Expect update shard count 3, Actual is 3.
[2025-11-23 10:04:39,476][api.py:23][INFO]: api url ==>> https://api.twitch.tv/helix/eventsub/conduits
[2025-11-23 10:04:39,476][api.py:24][INFO]: api method==>> POST
[2025-11-23 10:04:39,476][api.py:31][INFO]: api request header ==>> {
    "Authorization": "Bearer 1hobt9suvnskilhpccjx2lk7ej6dtb",
    "Client-Id": "wyw8mywhjevtgkhqzajrkucevjws7s"
}
[2025-11-23 10:04:39,635][api.py:55][INFO]: api Response Time==>> 0.15944
[2025-11-23 10:04:39,636][api.py:63][INFO]: api response json ==>> {
    "error": "Bad Request",
    "status": 400,
    "message": "Missing required parameter \"shard_count\""
}
[2025-11-23 10:04:39,636][common.py:84][INFO]: Expect response code 400, Actual is 400.
[2025-11-23 10:04:39,637][common.py:84][INFO]: Expect response request Bad Request, Actual is Bad Request.
[2025-11-23 10:04:39,638][common.py:84][INFO]: Expect response request Missing required parameter "shard_count", Actual is Missing required parameter "shard_count".
[2025-11-23 10:04:39,638][api.py:23][INFO]: api url ==>> https://api.twitch.tv/helix/eventsub/conduits
[2025-11-23 10:04:39,638][api.py:24][INFO]: api method==>> GET
[2025-11-23 10:04:39,639][api.py:31][INFO]: api request header ==>> {
    "Authorization": "Bearer 1hobt9suvnskilhpccjx2lk7ej6dtb",
    "Client-Id": "wyw8mywhjevtgkhqzajrkucevjws7s"
}
[2025-11-23 10:04:39,807][api.py:55][INFO]: api Response Time==>> 0.16885
[2025-11-23 10:04:39,808][api.py:63][INFO]: api response json ==>> {
    "data": [
        {
            "id": "95bc8bfd-5cdc-4530-924f-52fa3c678514",
            "shard_count": 3
        },
        {
            "id": "e24906f9-abfc-457b-b562-e90624712f7c",
            "shard_count": 5
        }
    ]
}
[2025-11-23 10:04:39,808][common.py:84][INFO]: Expect response code 200, Actual is 200.
[2025-11-23 10:04:39,809][api.py:23][INFO]: api url ==>> https://api.twitch.tv/helix/eventsub/conduits
[2025-11-23 10:04:39,810][api.py:24][INFO]: api method==>> PATCH
[2025-11-23 10:04:39,810][api.py:31][INFO]: api request header ==>> {
    "Authorization": "Bearer 1hobt9suvnskilhpccjx2lk7ej6dtb",
    "Client-Id": "wyw8mywhjevtgkhqzajrkucevjws7s"
}
[2025-11-23 10:04:39,987][api.py:55][INFO]: api Response Time==>> 0.17767
[2025-11-23 10:04:39,988][api.py:63][INFO]: api response json ==>> {
    "data": [
        {
            "id": "95bc8bfd-5cdc-4530-924f-52fa3c678514",
            "shard_count": 1
        }
    ]
}
[2025-11-23 10:04:39,988][common.py:84][INFO]: Expect response code 200, Actual is 200.
[2025-11-23 10:04:39,989][common.py:84][INFO]: Expect update shard count 1, Actual is 1.
