[2025-11-23 09:25:19,169][api.py:17][INFO]: RestSelfURL: https://api.twitch.tv
[2025-11-23 09:25:19,171][api.py:23][INFO]: api url ==>> https://api.twitch.tv/helix/eventsub/conduits
[2025-11-23 09:25:19,171][api.py:24][INFO]: api method==>> GET
[2025-11-23 09:25:19,171][api.py:31][INFO]: api request header ==>> {
    "Authorization": "Bearer gsisue4xxl4rupl3w592m0wo2ndwci",
    "Client-Id": "wyw8mywhjevtgkhqzajrkucevjws7s"
}
[2025-11-23 09:25:19,353][api.py:55][INFO]: api Response Time==>> 0.18197
[2025-11-23 09:25:19,354][api.py:63][INFO]: api response json ==>> {
    "data": [
        {
            "id": "215f9cba-140c-46d3-b52b-f7a988d74875",
            "shard_count": 5
        },
        {
            "id": "66e8dbc8-f059-49d0-af8e-56d5e0a2e5e9",
            "shard_count": 5
        },
        {
            "id": "2e7fe6ce-da78-4503-94e2-bf083ee9b252",
            "shard_count": 5
        }
    ]
}
[2025-11-23 09:25:19,354][common.py:104][INFO]: Expect response code is 200, Actual is 200.
[2025-11-23 09:25:19,355][api.py:17][INFO]: RestSelfURL: https://api.twitch.tv
[2025-11-23 09:25:19,355][api.py:23][INFO]: api url ==>> https://api.twitch.tv/helix/eventsub/conduits
[2025-11-23 09:25:19,355][api.py:24][INFO]: api method==>> POST
[2025-11-23 09:25:19,355][api.py:31][INFO]: api request header ==>> {
    "Authorization": "Bearer gsisue4xxl4rupl3w592m0wo2ndwci",
    "Client-Id": "wyw8mywhjevtgkhqzajrkucevjws7s"
}
[2025-11-23 09:25:19,534][api.py:55][INFO]: api Response Time==>> 0.17923
[2025-11-23 09:25:19,535][api.py:63][INFO]: api response json ==>> {
    "data": [
        {
            "id": "ca09182f-19ab-494b-9941-24aee12ecb53",
            "shard_count": 5
        }
    ]
}
[2025-11-23 09:25:19,536][common.py:104][INFO]: Expect response code is 200, Actual is 200.
[2025-11-23 09:25:19,537][api.py:17][INFO]: RestSelfURL: https://api.twitch.tv
[2025-11-23 09:25:19,537][api.py:23][INFO]: api url ==>> https://api.twitch.tv/helix/eventsub/conduits
[2025-11-23 09:25:19,537][api.py:24][INFO]: api method==>> GET
[2025-11-23 09:25:19,537][api.py:31][INFO]: api request header ==>> {
    "Authorization": "Bearer gsisue4xxl4rupl3w592m0wo2ndwci",
    "Client-Id": "wyw8mywhjevtgkhqzajrkucevjws7s"
}
[2025-11-23 09:25:19,705][api.py:55][INFO]: api Response Time==>> 0.16842
[2025-11-23 09:25:19,706][api.py:63][INFO]: api response json ==>> {
    "data": [
        {
            "id": "ca09182f-19ab-494b-9941-24aee12ecb53",
            "shard_count": 5
        },
        {
            "id": "215f9cba-140c-46d3-b52b-f7a988d74875",
            "shard_count": 5
        },
        {
            "id": "66e8dbc8-f059-49d0-af8e-56d5e0a2e5e9",
            "shard_count": 5
        },
        {
            "id": "2e7fe6ce-da78-4503-94e2-bf083ee9b252",
            "shard_count": 5
        }
    ]
}
[2025-11-23 09:25:19,707][common.py:104][INFO]: Expect response code is 200, Actual is 200.
[2025-11-23 09:25:19,708][api.py:17][INFO]: RestSelfURL: https://api.twitch.tv
[2025-11-23 09:25:19,708][api.py:23][INFO]: api url ==>> https://api.twitch.tv/helix/eventsub/conduits
[2025-11-23 09:25:19,708][api.py:24][INFO]: api method==>> DELETE
[2025-11-23 09:25:19,708][api.py:31][INFO]: api request header ==>> {
    "Authorization": "Bearer gsisue4xxl4rupl3w592m0wo2ndwci",
    "Client-Id": "wyw8mywhjevtgkhqzajrkucevjws7s"
}
[2025-11-23 09:25:19,908][api.py:55][INFO]: api Response Time==>> 0.19967
[2025-11-23 09:25:19,909][api.py:63][INFO]: api response json ==>> 
