[2025-11-23 08:55:12,895][api.py:17][INFO]: RestSelfURL: https://api.twitch.tv
[2025-11-23 08:55:12,896][api.py:23][INFO]: api url ==>> https://api.twitch.tv/helix/eventsub/conduits
[2025-11-23 08:55:12,896][api.py:24][INFO]: api method==>> GET
[2025-11-23 08:55:12,896][api.py:31][INFO]: api request header ==>> {
    "Authorization": "Bearer ikbne7gl0snqhrbag05yyx42dsjwlt",
    "Client-Id": "wyw8mywhjevtgkhqzajrkucevjws7s"
}
[2025-11-23 08:55:13,088][api.py:55][INFO]: api Response Time==>> 0.19195
[2025-11-23 08:55:13,089][api.py:63][INFO]: api response json ==>> {
    "data": []
}
[2025-11-23 08:55:13,089][common.py:104][INFO]: Expect response code is 200, Actual is 200.
[2025-11-23 08:55:13,090][api.py:17][INFO]: RestSelfURL: https://api.twitch.tv
[2025-11-23 08:55:13,090][api.py:23][INFO]: api url ==>> https://api.twitch.tv/helix/channels/followed
[2025-11-23 08:55:13,090][api.py:24][INFO]: api method==>> GET
[2025-11-23 08:55:13,091][api.py:31][INFO]: api request header ==>> {
    "Authorization": "Bearer ikbne7gl0snqhrbag05yyx42dsjwlt",
    "Client-Id": "wyw8mywhjevtgkhqzajrkucevjws7s"
}
[2025-11-23 08:55:13,258][api.py:55][INFO]: api Response Time==>> 0.16718
[2025-11-23 08:55:13,258][api.py:63][INFO]: api response json ==>> {
    "error": "Unauthorized",
    "status": 401,
    "message": "Missing User OAUTH Token"
}
