[2025-11-23 10:16:32,484][common.py:84][INFO]: Expect status code 200, Actual is 200.
[2025-11-23 10:16:32,485][conftest.py:37][INFO]: [Twitch] OAuth token acquired: bqjrn2nscysqqght95rzf3tib2bawt
[2025-11-23 10:16:32,488][api.py:12][INFO]: api url ==>> https://api.twitch.tv/helix/eventsub/conduits
[2025-11-23 10:16:32,488][api.py:13][INFO]: api method==>> POST
[2025-11-23 10:16:32,693][api.py:33][INFO]: api Response Time==>> 0.20513
[2025-11-23 10:16:32,694][api.py:40][INFO]: api response json ==>> {
    "data": [
        {
            "id": "45789421-f64a-47ee-a832-da214effa38c",
            "shard_count": 5
        }
    ]
}
[2025-11-23 10:16:32,695][common.py:84][INFO]: Expect response code 200, Actual is 200.
[2025-11-23 10:16:32,696][common.py:84][INFO]: Expect shard count amount 5, Actual is 5.
[2025-11-23 10:16:32,697][api.py:12][INFO]: api url ==>> https://api.twitch.tv/helix/eventsub/conduits
[2025-11-23 10:16:32,697][api.py:13][INFO]: api method==>> GET
[2025-11-23 10:16:32,870][api.py:33][INFO]: api Response Time==>> 0.17321
[2025-11-23 10:16:32,871][api.py:40][INFO]: api response json ==>> {
    "data": [
        {
            "id": "45789421-f64a-47ee-a832-da214effa38c",
            "shard_count": 5
        },
        {
            "id": "95bc8bfd-5cdc-4530-924f-52fa3c678514",
            "shard_count": 1
        },
        {
            "id": "e24906f9-abfc-457b-b562-e90624712f7c",
            "shard_count": 5
        }
    ]
}
[2025-11-23 10:16:32,871][common.py:84][INFO]: Expect response code 200, Actual is 200.
[2025-11-23 10:16:32,872][api.py:12][INFO]: api url ==>> https://api.twitch.tv/helix/eventsub/conduits
[2025-11-23 10:16:32,872][api.py:13][INFO]: api method==>> PATCH
[2025-11-23 10:16:33,054][api.py:33][INFO]: api Response Time==>> 0.18131
[2025-11-23 10:16:33,054][api.py:40][INFO]: api response json ==>> {
    "data": [
        {
            "id": "45789421-f64a-47ee-a832-da214effa38c",
            "shard_count": 3
        }
    ]
}
[2025-11-23 10:16:33,055][common.py:84][INFO]: Expect response code 200, Actual is 200.
[2025-11-23 10:16:33,055][common.py:84][INFO]: Expect update shard count 3, Actual is 3.
[2025-11-23 10:16:33,056][api.py:12][INFO]: api url ==>> https://api.twitch.tv/helix/eventsub/conduits
[2025-11-23 10:16:33,056][api.py:13][INFO]: api method==>> GET
[2025-11-23 10:16:33,225][api.py:33][INFO]: api Response Time==>> 0.16908
[2025-11-23 10:16:33,226][api.py:40][INFO]: api response json ==>> {
    "data": [
        {
            "id": "45789421-f64a-47ee-a832-da214effa38c",
            "shard_count": 3
        },
        {
            "id": "95bc8bfd-5cdc-4530-924f-52fa3c678514",
            "shard_count": 1
        },
        {
            "id": "e24906f9-abfc-457b-b562-e90624712f7c",
            "shard_count": 5
        }
    ]
}
[2025-11-23 10:16:33,227][common.py:84][INFO]: Expect response code 200, Actual is 200.
[2025-11-23 10:16:33,228][api.py:12][INFO]: api url ==>> https://api.twitch.tv/helix/eventsub/conduits
[2025-11-23 10:16:33,228][api.py:13][INFO]: api method==>> DELETE
[2025-11-23 10:16:33,408][api.py:33][INFO]: api Response Time==>> 0.18023
[2025-11-23 10:16:33,409][api.py:40][INFO]: api response json ==>> 
[2025-11-23 10:16:33,409][common.py:84][INFO]: Expect response code 204, Actual is 204.
[2025-11-23 10:16:33,410][api.py:12][INFO]: api url ==>> https://api.twitch.tv/helix/eventsub/conduits
[2025-11-23 10:16:33,410][api.py:13][INFO]: api method==>> GET
[2025-11-23 10:16:33,582][api.py:33][INFO]: api Response Time==>> 0.17136
[2025-11-23 10:16:33,582][api.py:40][INFO]: api response json ==>> {
    "data": [
        {
            "id": "95bc8bfd-5cdc-4530-924f-52fa3c678514",
            "shard_count": 1
        },
        {
            "id": "e24906f9-abfc-457b-b562-e90624712f7c",
            "shard_count": 5
        }
    ]
}
[2025-11-23 10:16:33,583][common.py:84][INFO]: Expect response code 200, Actual is 200.
[2025-11-23 10:16:33,584][common.py:84][INFO]: Expect confuits amount 2, Actual is 2.
[2025-11-23 10:16:33,587][api.py:12][INFO]: api url ==>> https://api.twitch.tv/helix/eventsub/conduits
[2025-11-23 10:16:33,587][api.py:13][INFO]: api method==>> POST
[2025-11-23 10:16:33,764][api.py:33][INFO]: api Response Time==>> 0.17716
[2025-11-23 10:16:33,765][api.py:40][INFO]: api response json ==>> {
    "data": [
        {
            "id": "23fb1128-bc85-45ef-9955-709974b35733",
            "shard_count": 4
        }
    ]
}
[2025-11-23 10:16:33,765][common.py:84][INFO]: Expect response code 200, Actual is 200.
[2025-11-23 10:16:33,766][common.py:84][INFO]: Expect shard count amount 4, Actual is 4.
[2025-11-23 10:16:33,767][api.py:12][INFO]: api url ==>> https://api.twitch.tv/helix/eventsub/conduits
[2025-11-23 10:16:33,767][api.py:13][INFO]: api method==>> GET
[2025-11-23 10:16:33,938][api.py:33][INFO]: api Response Time==>> 0.17164
[2025-11-23 10:16:33,939][api.py:40][INFO]: api response json ==>> {
    "data": [
        {
            "id": "23fb1128-bc85-45ef-9955-709974b35733",
            "shard_count": 4
        },
        {
            "id": "95bc8bfd-5cdc-4530-924f-52fa3c678514",
            "shard_count": 1
        },
        {
            "id": "e24906f9-abfc-457b-b562-e90624712f7c",
            "shard_count": 5
        }
    ]
}
[2025-11-23 10:16:33,940][common.py:84][INFO]: Expect response code 200, Actual is 200.
[2025-11-23 10:16:33,940][api.py:12][INFO]: api url ==>> https://api.twitch.tv/helix/eventsub/conduits
[2025-11-23 10:16:33,941][api.py:13][INFO]: api method==>> PATCH
[2025-11-23 10:16:34,119][api.py:33][INFO]: api Response Time==>> 0.17808
[2025-11-23 10:16:34,119][api.py:40][INFO]: api response json ==>> {
    "data": [
        {
            "id": "23fb1128-bc85-45ef-9955-709974b35733",
            "shard_count": 1
        }
    ]
}
[2025-11-23 10:16:34,120][common.py:84][INFO]: Expect response code 200, Actual is 200.
[2025-11-23 10:16:34,121][common.py:84][INFO]: Expect update shard count 1, Actual is 1.
[2025-11-23 10:16:34,121][api.py:12][INFO]: api url ==>> https://api.twitch.tv/helix/eventsub/conduits
[2025-11-23 10:16:34,121][api.py:13][INFO]: api method==>> GET
[2025-11-23 10:16:34,295][api.py:33][INFO]: api Response Time==>> 0.17308
[2025-11-23 10:16:34,295][api.py:40][INFO]: api response json ==>> {
    "data": [
        {
            "id": "23fb1128-bc85-45ef-9955-709974b35733",
            "shard_count": 1
        },
        {
            "id": "95bc8bfd-5cdc-4530-924f-52fa3c678514",
            "shard_count": 1
        },
        {
            "id": "e24906f9-abfc-457b-b562-e90624712f7c",
            "shard_count": 5
        }
    ]
}
[2025-11-23 10:16:34,296][common.py:84][INFO]: Expect response code 200, Actual is 200.
[2025-11-23 10:16:34,297][api.py:12][INFO]: api url ==>> https://api.twitch.tv/helix/eventsub/conduits
[2025-11-23 10:16:34,297][api.py:13][INFO]: api method==>> DELETE
[2025-11-23 10:16:34,476][api.py:33][INFO]: api Response Time==>> 0.17965
[2025-11-23 10:16:34,477][api.py:40][INFO]: api response json ==>> 
[2025-11-23 10:16:34,477][common.py:84][INFO]: Expect response code 204, Actual is 204.
[2025-11-23 10:16:34,478][api.py:12][INFO]: api url ==>> https://api.twitch.tv/helix/eventsub/conduits
[2025-11-23 10:16:34,479][api.py:13][INFO]: api method==>> GET
[2025-11-23 10:16:34,652][api.py:33][INFO]: api Response Time==>> 0.17336
[2025-11-23 10:16:34,652][api.py:40][INFO]: api response json ==>> {
    "data": [
        {
            "id": "95bc8bfd-5cdc-4530-924f-52fa3c678514",
            "shard_count": 1
        },
        {
            "id": "e24906f9-abfc-457b-b562-e90624712f7c",
            "shard_count": 5
        }
    ]
}
[2025-11-23 10:16:34,653][common.py:84][INFO]: Expect response code 200, Actual is 200.
[2025-11-23 10:16:34,653][common.py:84][INFO]: Expect confuits amount 2, Actual is 2.
[2025-11-23 10:16:34,657][api.py:12][INFO]: api url ==>> https://api.twitch.tv/helix/eventsub/conduits
[2025-11-23 10:16:34,657][api.py:13][INFO]: api method==>> GET
[2025-11-23 10:16:34,828][api.py:33][INFO]: api Response Time==>> 0.17098
[2025-11-23 10:16:34,829][api.py:40][INFO]: api response json ==>> {
    "data": [
        {
            "id": "95bc8bfd-5cdc-4530-924f-52fa3c678514",
            "shard_count": 1
        },
        {
            "id": "e24906f9-abfc-457b-b562-e90624712f7c",
            "shard_count": 5
        }
    ]
}
[2025-11-23 10:16:34,829][common.py:84][INFO]: Expect response code 200, Actual is 200.
[2025-11-23 10:16:34,830][api.py:12][INFO]: api url ==>> https://api.twitch.tv/helix/eventsub/conduits
[2025-11-23 10:16:34,830][api.py:13][INFO]: api method==>> PATCH
[2025-11-23 10:16:35,007][api.py:33][INFO]: api Response Time==>> 0.17651
[2025-11-23 10:16:35,008][api.py:40][INFO]: api response json ==>> {
    "data": [
        {
            "id": "95bc8bfd-5cdc-4530-924f-52fa3c678514",
            "shard_count": 3
        }
    ]
}
[2025-11-23 10:16:35,008][common.py:84][INFO]: Expect response code 200, Actual is 200.
[2025-11-23 10:16:35,009][common.py:84][INFO]: Expect update shard count 3, Actual is 3.
[2025-11-23 10:16:35,012][api.py:12][INFO]: api url ==>> https://api.twitch.tv/helix/eventsub/conduits
[2025-11-23 10:16:35,012][api.py:13][INFO]: api method==>> POST
[2025-11-23 10:16:35,172][api.py:33][INFO]: api Response Time==>> 0.16024
[2025-11-23 10:16:35,173][api.py:40][INFO]: api response json ==>> {
    "error": "Bad Request",
    "status": 400,
    "message": "Missing required parameter \"shard_count\""
}
[2025-11-23 10:16:35,174][common.py:84][INFO]: Expect response code 400, Actual is 400.
[2025-11-23 10:16:35,175][common.py:84][INFO]: Expect response request Bad Request, Actual is Bad Request.
[2025-11-23 10:16:35,175][common.py:84][INFO]: Expect response request Missing required parameter "shard_count", Actual is Missing required parameter "shard_count".
[2025-11-23 10:16:35,176][api.py:12][INFO]: api url ==>> https://api.twitch.tv/helix/eventsub/conduits
[2025-11-23 10:16:35,176][api.py:13][INFO]: api method==>> GET
[2025-11-23 10:16:35,343][api.py:33][INFO]: api Response Time==>> 0.16758
[2025-11-23 10:16:35,344][api.py:40][INFO]: api response json ==>> {
    "data": [
        {
            "id": "95bc8bfd-5cdc-4530-924f-52fa3c678514",
            "shard_count": 3
        },
        {
            "id": "e24906f9-abfc-457b-b562-e90624712f7c",
            "shard_count": 5
        }
    ]
}
[2025-11-23 10:16:35,344][common.py:84][INFO]: Expect response code 200, Actual is 200.
[2025-11-23 10:16:35,345][api.py:12][INFO]: api url ==>> https://api.twitch.tv/helix/eventsub/conduits
[2025-11-23 10:16:35,345][api.py:13][INFO]: api method==>> PATCH
[2025-11-23 10:16:35,521][api.py:33][INFO]: api Response Time==>> 0.17547
[2025-11-23 10:16:35,522][api.py:40][INFO]: api response json ==>> {
    "data": [
        {
            "id": "95bc8bfd-5cdc-4530-924f-52fa3c678514",
            "shard_count": 1
        }
    ]
}
[2025-11-23 10:16:35,522][common.py:84][INFO]: Expect response code 200, Actual is 200.
[2025-11-23 10:16:35,523][common.py:84][INFO]: Expect update shard count 1, Actual is 1.
