[2025-11-23 09:31:26,651][api.py:17][INFO]: RestSelfURL: https://api.twitch.tv
[2025-11-23 09:31:26,652][api.py:23][INFO]: api url ==>> https://api.twitch.tv/helix/eventsub/conduits
[2025-11-23 09:31:26,652][api.py:24][INFO]: api method==>> GET
[2025-11-23 09:31:26,653][api.py:31][INFO]: api request header ==>> {
    "Authorization": "Bearer yxej8n36325nt001zo9qai8o22187v",
    "Client-Id": "wyw8mywhjevtgkhqzajrkucevjws7s"
}
[2025-11-23 09:31:26,828][api.py:55][INFO]: api Response Time==>> 0.17561
[2025-11-23 09:31:26,829][api.py:63][INFO]: api response json ==>> {
    "data": [
        {
            "id": "215f9cba-140c-46d3-b52b-f7a988d74875",
            "shard_count": 5
        },
        {
            "id": "66e8dbc8-f059-49d0-af8e-56d5e0a2e5e9",
            "shard_count": 5
        },
        {
            "id": "2e7fe6ce-da78-4503-94e2-bf083ee9b252",
            "shard_count": 5
        }
    ]
}
[2025-11-23 09:31:26,829][common.py:104][INFO]: Expect response code is 200, Actual is 200.
[2025-11-23 09:31:26,830][api.py:17][INFO]: RestSelfURL: https://api.twitch.tv
[2025-11-23 09:31:26,830][api.py:23][INFO]: api url ==>> https://api.twitch.tv/helix/eventsub/conduits
[2025-11-23 09:31:26,830][api.py:24][INFO]: api method==>> POST
[2025-11-23 09:31:26,831][api.py:31][INFO]: api request header ==>> {
    "Authorization": "Bearer yxej8n36325nt001zo9qai8o22187v",
    "Client-Id": "wyw8mywhjevtgkhqzajrkucevjws7s"
}
[2025-11-23 09:31:27,010][api.py:55][INFO]: api Response Time==>> 0.17957
[2025-11-23 09:31:27,011][api.py:63][INFO]: api response json ==>> {
    "data": [
        {
            "id": "3c64cbe8-7a89-4ac3-9254-7661b2e82430",
            "shard_count": 5
        }
    ]
}
[2025-11-23 09:31:27,011][common.py:104][INFO]: Expect response code is 200, Actual is 200.
[2025-11-23 09:31:27,012][api.py:17][INFO]: RestSelfURL: https://api.twitch.tv
[2025-11-23 09:31:27,013][api.py:23][INFO]: api url ==>> https://api.twitch.tv/helix/eventsub/conduits
[2025-11-23 09:31:27,013][api.py:24][INFO]: api method==>> GET
[2025-11-23 09:31:27,013][api.py:31][INFO]: api request header ==>> {
    "Authorization": "Bearer yxej8n36325nt001zo9qai8o22187v",
    "Client-Id": "wyw8mywhjevtgkhqzajrkucevjws7s"
}
[2025-11-23 09:31:27,186][api.py:55][INFO]: api Response Time==>> 0.17293
[2025-11-23 09:31:27,186][api.py:63][INFO]: api response json ==>> {
    "data": [
        {
            "id": "3c64cbe8-7a89-4ac3-9254-7661b2e82430",
            "shard_count": 5
        },
        {
            "id": "215f9cba-140c-46d3-b52b-f7a988d74875",
            "shard_count": 5
        },
        {
            "id": "66e8dbc8-f059-49d0-af8e-56d5e0a2e5e9",
            "shard_count": 5
        },
        {
            "id": "2e7fe6ce-da78-4503-94e2-bf083ee9b252",
            "shard_count": 5
        }
    ]
}
[2025-11-23 09:31:27,187][common.py:104][INFO]: Expect response code is 200, Actual is 200.
[2025-11-23 09:31:27,188][api.py:17][INFO]: RestSelfURL: https://api.twitch.tv
[2025-11-23 09:31:27,188][api.py:23][INFO]: api url ==>> https://api.twitch.tv/helix/eventsub/conduits
[2025-11-23 09:31:27,189][api.py:24][INFO]: api method==>> DELETE
[2025-11-23 09:31:27,189][api.py:31][INFO]: api request header ==>> {
    "Authorization": "Bearer yxej8n36325nt001zo9qai8o22187v",
    "Client-Id": "wyw8mywhjevtgkhqzajrkucevjws7s"
}
[2025-11-23 09:31:27,364][api.py:55][INFO]: api Response Time==>> 0.17515
[2025-11-23 09:31:27,365][api.py:63][INFO]: api response json ==>> 
[2025-11-23 09:31:27,365][common.py:104][INFO]: Expect response code is 204, Actual is 204.
[2025-11-23 09:31:27,366][api.py:17][INFO]: RestSelfURL: https://api.twitch.tv
[2025-11-23 09:31:27,366][api.py:23][INFO]: api url ==>> https://api.twitch.tv/helix/eventsub/conduits
[2025-11-23 09:31:27,366][api.py:24][INFO]: api method==>> GET
[2025-11-23 09:31:27,367][api.py:31][INFO]: api request header ==>> {
    "Authorization": "Bearer yxej8n36325nt001zo9qai8o22187v",
    "Client-Id": "wyw8mywhjevtgkhqzajrkucevjws7s"
}
[2025-11-23 09:31:27,540][api.py:55][INFO]: api Response Time==>> 0.17387
[2025-11-23 09:31:27,541][api.py:63][INFO]: api response json ==>> {
    "data": [
        {
            "id": "215f9cba-140c-46d3-b52b-f7a988d74875",
            "shard_count": 5
        },
        {
            "id": "66e8dbc8-f059-49d0-af8e-56d5e0a2e5e9",
            "shard_count": 5
        },
        {
            "id": "2e7fe6ce-da78-4503-94e2-bf083ee9b252",
            "shard_count": 5
        }
    ]
}
[2025-11-23 09:31:27,541][common.py:104][INFO]: Expect response code is 200, Actual is 200.
[2025-11-23 09:31:27,542][common.py:104][INFO]: Expect confuits amount is 3, Actual is 3.
